2022-08-10 14:06:48.9700 WARN Sensitive data logging is enabled. Log entries and exception messages may include sensitive application data; this mode should only be enabled during development.
2022-08-10 14:06:50.2186 WARN Role (null) validation failed: DuplicateRoleName;DuplicateRoleName.
2022-08-10 14:06:50.2186 WARN Role (null) validation failed: DuplicateRoleName;DuplicateRoleName.
2022-08-10 14:06:50.2186 WARN Role (null) validation failed: DuplicateRoleName;DuplicateRoleName.
2022-08-10 14:09:27.4254 INFO GeUserstRentedMovies initiated
2022-08-10 14:10:05.8136 INFO GetUnRentedMovies initiated
2022-08-10 14:10:17.4435 INFO GetRoles initiated
2022-08-10 14:10:19.9941 INFO GetRoles initiated
2022-08-10 14:11:20.7720 INFO GeUserstRentedMovies initiated
2022-08-10 14:11:20.8139 INFO GetUnRentedMovies initiated
2022-08-10 14:11:21.7869 INFO GetRoles initiated
2022-08-10 14:11:23.6911 INFO GetRoles initiated
2022-08-10 14:11:25.1239 INFO GetRoles initiated
2022-08-10 14:11:34.6753 INFO GeUserstRentedMovies initiated
2022-08-10 14:11:34.7095 INFO GetUnRentedMovies initiated
2022-08-10 14:11:59.1913 INFO GeUserstRentedMovies initiated
2022-08-10 14:11:59.2274 INFO GetUnRentedMovies initiated
2022-08-10 14:12:01.3904 INFO GeUserstRentedMovies initiated
2022-08-10 14:12:01.4167 INFO GetUnRentedMovies initiated
2022-08-10 14:12:03.2732 INFO GeUserstRentedMovies initiated
2022-08-10 14:12:03.2941 INFO GetUnRentedMovies initiated
2022-08-10 14:12:05.5385 INFO GetRoles initiated
2022-08-10 14:12:15.2547 INFO GeUserstRentedMovies initiated
2022-08-10 14:12:15.2970 INFO GetUnRentedMovies initiated
2022-08-10 14:12:16.7033 INFO GetRoles initiated
2022-08-10 14:12:27.2324 INFO GeUserstRentedMovies initiated
2022-08-10 14:12:27.2883 INFO GetUnRentedMovies initiated
2022-08-10 14:12:39.6083 INFO GeUserstRentedMovies initiated
2022-08-10 14:12:39.6503 INFO GetUnRentedMovies initiated
2022-08-10 14:12:41.5851 INFO GetRoles initiated
2022-08-10 14:12:55.6975 INFO GetRoles initiated
2022-08-10 14:12:59.8708 INFO GetRoles initiated
2022-08-10 14:13:01.1719 INFO GetRoles initiated
2022-08-10 14:13:02.2144 INFO GetRoles initiated
2022-08-10 14:13:03.6315 INFO GetRoles initiated
2022-08-10 14:13:04.8405 INFO GetRoles initiated
2022-08-10 14:13:11.0870 INFO GeUserstRentedMovies initiated
2022-08-10 14:13:12.5855 INFO GeUserstRentedMovies initiated
2022-08-10 14:13:12.5979 INFO GeUserstRentedMovies initiated
2022-08-10 14:13:12.5979 INFO GeUserstRentedMovies initiated
2022-08-10 14:13:14.0789 INFO GeUserstRentedMovies initiated
2022-08-10 14:13:14.1056 INFO GeUserstRentedMovies initiated
2022-08-10 14:13:14.1056 INFO GeUserstRentedMovies initiated
2022-08-10 14:13:14.1056 INFO GeUserstRentedMovies initiated
2022-08-10 14:13:29.5262 INFO CreateMovieRole initiated
2022-08-10 14:14:27.8151 INFO GeUserstRentedMovies initiated
2022-08-10 14:14:27.8672 INFO GeUserstRentedMovies initiated
2022-08-10 14:14:27.8810 INFO GeUserstRentedMovies initiated
2022-08-10 14:14:27.8810 INFO GeUserstRentedMovies initiated
2022-08-10 14:14:30.4516 INFO GeUserstRentedMovies initiated
2022-08-10 14:14:30.4983 INFO GeUserstRentedMovies initiated
2022-08-10 14:14:30.4983 INFO GeUserstRentedMovies initiated
2022-08-10 14:14:30.4983 INFO GeUserstRentedMovies initiated
2022-08-10 14:14:36.8871 INFO GeUserstRentedMovies initiated
2022-08-10 14:14:36.9349 INFO GeUserstRentedMovies initiated
2022-08-10 14:14:36.9349 INFO GeUserstRentedMovies initiated
2022-08-10 14:14:36.9349 INFO GeUserstRentedMovies initiated
2022-08-10 14:14:37.6869 INFO GeUserstRentedMovies initiated
2022-08-10 14:14:37.7100 INFO GeUserstRentedMovies initiated
2022-08-10 14:14:37.7100 INFO GeUserstRentedMovies initiated
2022-08-10 14:14:37.7100 INFO GeUserstRentedMovies initiated
2022-08-10 14:14:42.5075 INFO GeUserstRentedMovies initiated
2022-08-10 14:14:42.5428 INFO GeUserstRentedMovies initiated
2022-08-10 14:14:42.5447 INFO GeUserstRentedMovies initiated
2022-08-10 14:14:42.5447 INFO GeUserstRentedMovies initiated
2022-08-10 14:14:47.7989 INFO GeUserstRentedMovies initiated
2022-08-10 14:14:47.8349 INFO GeUserstRentedMovies initiated
2022-08-10 14:14:47.8349 INFO GeUserstRentedMovies initiated
2022-08-10 14:14:47.8349 INFO GeUserstRentedMovies initiated
2022-08-10 14:14:56.6228 INFO GeUserstRentedMovies initiated
2022-08-10 14:14:56.6764 INFO GeUserstRentedMovies initiated
2022-08-10 14:14:56.6764 INFO GeUserstRentedMovies initiated
2022-08-10 14:14:56.6764 INFO GeUserstRentedMovies initiated
2022-08-10 14:15:30.7400 INFO GeUserstRentedMovies initiated
2022-08-10 14:15:30.7755 INFO GeUserstRentedMovies initiated
2022-08-10 14:15:30.7784 INFO GeUserstRentedMovies initiated
2022-08-10 14:15:30.7784 INFO GeUserstRentedMovies initiated
2022-08-10 14:15:34.9630 INFO CreateMovieRole initiated
2022-08-10 14:16:25.9480 INFO GeUserstRentedMovies initiated
2022-08-10 14:16:25.9875 INFO GeUserstRentedMovies initiated
2022-08-10 14:16:25.9971 INFO GeUserstRentedMovies initiated
2022-08-10 14:16:25.9971 INFO GeUserstRentedMovies initiated
2022-08-10 14:16:29.4271 INFO CreateMovieRole initiated
2022-08-10 14:16:59.0235 INFO GeUserstRentedMovies initiated
2022-08-10 14:17:00.7125 INFO GeUserstRentedMovies initiated
2022-08-10 14:17:00.7154 INFO GeUserstRentedMovies initiated
2022-08-10 14:17:00.7154 INFO GeUserstRentedMovies initiated
2022-08-10 14:17:05.8175 INFO GeUserstRentedMovies initiated
2022-08-10 14:17:05.8175 INFO GeUserstRentedMovies initiated
2022-08-10 14:17:05.8175 INFO GeUserstRentedMovies initiated
2022-08-10 14:17:13.0915 INFO GeUserstRentedMovies initiated
2022-08-10 14:17:15.4872 INFO GeUserstRentedMovies initiated
2022-08-10 14:17:15.4872 INFO GeUserstRentedMovies initiated
2022-08-10 14:17:15.4872 INFO GeUserstRentedMovies initiated
2022-08-10 14:17:17.8790 INFO GeUserstRentedMovies initiated
2022-08-10 14:17:17.9042 INFO GeUserstRentedMovies initiated
2022-08-10 14:17:17.9042 INFO GeUserstRentedMovies initiated
2022-08-10 14:17:17.9042 INFO GeUserstRentedMovies initiated
2022-08-10 14:17:18.4742 INFO GeUserstRentedMovies initiated
2022-08-10 14:17:18.5047 INFO GeUserstRentedMovies initiated
2022-08-10 14:17:18.5047 INFO GeUserstRentedMovies initiated
2022-08-10 14:17:18.5047 INFO GeUserstRentedMovies initiated
2022-08-10 14:17:19.9784 INFO GetUnRentedMovies initiated
2022-08-10 14:17:22.6960 INFO GetRoles initiated
2022-08-10 14:18:50.6984 INFO GeUserstRentedMovies initiated
2022-08-10 14:18:50.7509 INFO GetUnRentedMovies initiated
2022-08-10 14:19:01.8208 INFO GeUserstRentedMovies initiated
2022-08-10 14:19:01.8516 INFO GetUnRentedMovies initiated
2022-08-10 14:19:03.7449 INFO GeUserstRentedMovies initiated
2022-08-10 14:19:03.7650 INFO GetUnRentedMovies initiated
2022-08-10 14:19:06.0756 INFO GeUserstRentedMovies initiated
2022-08-10 14:19:06.0965 INFO GetUnRentedMovies initiated
2022-08-10 14:19:11.0421 INFO GeUserstRentedMovies initiated
2022-08-10 14:19:11.0765 INFO GetUnRentedMovies initiated
2022-08-10 14:19:13.1650 INFO GeUserstRentedMovies initiated
2022-08-10 14:19:13.1913 INFO GetUnRentedMovies initiated
2022-08-10 14:19:44.8674 INFO GeUserstRentedMovies initiated
2022-08-10 14:19:44.9483 INFO GetUnRentedMovies initiated
2022-08-10 14:19:56.1163 INFO GeUserstRentedMovies initiated
2022-08-10 14:19:56.1516 INFO GetUnRentedMovies initiated
2022-08-10 14:20:03.2686 INFO GeUserstRentedMovies initiated
2022-08-10 14:20:03.3003 INFO GetUnRentedMovies initiated
2022-08-10 14:20:09.5200 INFO GeUserstRentedMovies initiated
2022-08-10 14:20:09.5503 INFO GetUnRentedMovies initiated
2022-08-10 14:20:17.5145 INFO GeUserstRentedMovies initiated
2022-08-10 14:20:17.5372 INFO GetUnRentedMovies initiated
2022-08-10 14:20:21.4443 INFO GeUserstRentedMovies initiated
2022-08-10 14:20:21.4616 INFO GetUnRentedMovies initiated
2022-08-10 14:20:29.0680 INFO GeUserstRentedMovies initiated
2022-08-10 14:20:29.0967 INFO GetUnRentedMovies initiated
2022-08-10 14:20:32.3816 INFO GeUserstRentedMovies initiated
2022-08-10 14:20:32.4173 INFO GetUnRentedMovies initiated
2022-08-10 14:20:34.3858 INFO GeUserstRentedMovies initiated
2022-08-10 14:20:34.4059 INFO GetUnRentedMovies initiated
2022-08-10 14:20:36.4309 INFO GeUserstRentedMovies initiated
2022-08-10 14:20:36.4530 INFO GetUnRentedMovies initiated
2022-08-10 14:20:38.9008 INFO GeUserstRentedMovies initiated
2022-08-10 14:20:38.9209 INFO GetUnRentedMovies initiated
2022-08-10 14:20:43.5344 INFO GeUserstRentedMovies initiated
2022-08-10 14:20:43.5666 INFO GetUnRentedMovies initiated
2022-08-10 14:20:48.0040 INFO GeUserstRentedMovies initiated
2022-08-10 14:20:48.0458 INFO GetUnRentedMovies initiated
2022-08-10 14:20:53.8795 INFO GeUserstRentedMovies initiated
2022-08-10 14:20:53.9089 INFO GetUnRentedMovies initiated
2022-08-10 14:21:12.3436 INFO GeUserstRentedMovies initiated
2022-08-10 14:21:12.4131 INFO GetUnRentedMovies initiated
2022-08-10 14:21:17.4743 INFO GeUserstRentedMovies initiated
2022-08-10 14:21:17.5032 INFO GetUnRentedMovies initiated
2022-08-10 14:21:21.9788 INFO GeUserstRentedMovies initiated
2022-08-10 14:21:22.0419 INFO GetUnRentedMovies initiated
2022-08-10 14:21:23.0263 INFO GeUserstRentedMovies initiated
2022-08-10 14:21:23.0581 INFO GetUnRentedMovies initiated
2022-08-10 14:21:27.5197 INFO GeUserstRentedMovies initiated
2022-08-10 14:21:27.5642 INFO GetUnRentedMovies initiated
2022-08-10 14:21:31.8746 INFO GeUserstRentedMovies initiated
2022-08-10 14:21:31.9061 INFO GetUnRentedMovies initiated
2022-08-10 14:21:35.8818 INFO GeUserstRentedMovies initiated
2022-08-10 14:21:35.9144 INFO GetUnRentedMovies initiated
2022-08-10 14:21:44.3230 INFO GeUserstRentedMovies initiated
2022-08-10 14:21:44.3574 INFO GetUnRentedMovies initiated
2022-08-10 14:22:01.8908 INFO GeUserstRentedMovies initiated
2022-08-10 14:22:01.8908 INFO GeUserstRentedMovies initiated
2022-08-10 14:22:01.8908 INFO GeUserstRentedMovies initiated
2022-08-10 14:22:17.9580 INFO GetUnRentedMovies initiated
2022-08-10 14:22:27.5263 INFO GeUserstRentedMovies initiated
2022-08-10 14:22:27.5853 INFO GetUnRentedMovies initiated
2022-08-10 14:22:29.7729 INFO GeUserstRentedMovies initiated
2022-08-10 14:22:29.7905 INFO GetUnRentedMovies initiated
2022-08-10 14:22:31.1225 INFO GeUserstRentedMovies initiated
2022-08-10 14:22:31.1225 INFO GeUserstRentedMovies initiated
2022-08-10 14:22:31.1225 INFO GeUserstRentedMovies initiated
2022-08-10 14:22:31.6557 INFO GetUnRentedMovies initiated
2022-08-10 14:22:33.0212 INFO GeUserstRentedMovies initiated
2022-08-10 14:22:33.0212 INFO GeUserstRentedMovies initiated
2022-08-10 14:22:33.0212 INFO GeUserstRentedMovies initiated
2022-08-10 14:22:33.3650 INFO GetUnRentedMovies initiated
2022-08-10 14:22:34.0354 INFO GeUserstRentedMovies initiated
2022-08-10 14:22:34.0354 INFO GeUserstRentedMovies initiated
2022-08-10 14:22:34.0354 INFO GeUserstRentedMovies initiated
2022-08-10 14:22:34.2738 INFO GetUnRentedMovies initiated
2022-08-10 14:22:36.5750 INFO GeUserstRentedMovies initiated
2022-08-10 14:22:36.6051 INFO GetUnRentedMovies initiated
2022-08-10 14:22:45.3195 INFO GeUserstRentedMovies initiated
2022-08-10 14:22:45.3506 INFO GetUnRentedMovies initiated
2022-08-10 14:22:46.3461 INFO GeUserstRentedMovies initiated
2022-08-10 14:22:46.3699 INFO GetUnRentedMovies initiated
2022-08-10 14:22:49.7748 INFO GeUserstRentedMovies initiated
2022-08-10 14:22:49.7954 INFO GetUnRentedMovies initiated
2022-08-10 14:22:51.9564 INFO GeUserstRentedMovies initiated
2022-08-10 14:22:51.9886 INFO GetUnRentedMovies initiated
2022-08-10 14:22:54.6511 INFO GeUserstRentedMovies initiated
2022-08-10 14:22:54.6824 INFO GetUnRentedMovies initiated
2022-08-10 14:23:01.8512 INFO GeUserstRentedMovies initiated
2022-08-10 14:23:01.9167 INFO GetUnRentedMovies initiated
2022-08-10 14:23:04.2731 INFO GeUserstRentedMovies initiated
2022-08-10 14:23:04.2966 INFO GetUnRentedMovies initiated
2022-08-10 14:23:06.9997 INFO GeUserstRentedMovies initiated
2022-08-10 14:23:07.0268 INFO GetUnRentedMovies initiated
2022-08-10 14:23:11.4023 INFO GeUserstRentedMovies initiated
2022-08-10 14:23:11.4535 INFO GetUnRentedMovies initiated
2022-08-10 14:23:15.0435 INFO GeUserstRentedMovies initiated
2022-08-10 14:23:15.0710 INFO GetUnRentedMovies initiated
2022-08-10 14:23:19.0151 INFO GeUserstRentedMovies initiated
2022-08-10 14:23:19.0840 INFO GetUnRentedMovies initiated
2022-08-10 14:23:23.5618 INFO GeUserstRentedMovies initiated
2022-08-10 14:23:23.6344 INFO GetUnRentedMovies initiated
2022-08-10 14:23:28.6494 INFO GeUserstRentedMovies initiated
2022-08-10 14:23:28.6846 INFO GetUnRentedMovies initiated
2022-08-10 14:23:33.9717 INFO GeUserstRentedMovies initiated
2022-08-10 14:23:34.0402 INFO GetUnRentedMovies initiated
2022-08-10 14:23:40.1460 INFO GeUserstRentedMovies initiated
2022-08-10 14:23:40.2284 INFO GetUnRentedMovies initiated
2022-08-10 14:23:42.3293 INFO GeUserstRentedMovies initiated
2022-08-10 14:23:42.3514 INFO GetUnRentedMovies initiated
2022-08-10 14:23:45.4578 INFO GeUserstRentedMovies initiated
2022-08-10 14:23:45.4801 INFO GetUnRentedMovies initiated
2022-08-10 14:23:49.7488 INFO GeUserstRentedMovies initiated
2022-08-10 14:23:49.7931 INFO GetUnRentedMovies initiated
2022-08-10 14:23:56.7918 INFO GeUserstRentedMovies initiated
2022-08-10 14:23:56.8822 INFO GetUnRentedMovies initiated
2022-08-10 14:23:58.2262 INFO GeUserstRentedMovies initiated
2022-08-10 14:23:58.2711 INFO GetUnRentedMovies initiated
2022-08-10 14:24:05.7454 INFO GeUserstRentedMovies initiated
2022-08-10 14:24:05.8263 INFO GetUnRentedMovies initiated
2022-08-10 14:24:12.2215 INFO GeUserstRentedMovies initiated
2022-08-10 14:24:12.2665 INFO GetUnRentedMovies initiated
2022-08-10 14:24:16.3432 INFO GeUserstRentedMovies initiated
2022-08-10 14:24:16.3877 INFO GetUnRentedMovies initiated
2022-08-10 14:24:19.8016 INFO GeUserstRentedMovies initiated
2022-08-10 14:24:19.8384 INFO GetUnRentedMovies initiated
2022-08-10 14:24:27.3484 INFO GeUserstRentedMovies initiated
2022-08-10 14:24:27.4149 INFO GetUnRentedMovies initiated
2022-08-10 14:24:28.9949 INFO GeUserstRentedMovies initiated
2022-08-10 14:24:29.0319 INFO GetUnRentedMovies initiated
2022-08-10 14:24:31.7124 INFO GeUserstRentedMovies initiated
2022-08-10 14:24:31.7334 INFO GetUnRentedMovies initiated
2022-08-10 14:24:35.6184 INFO GeUserstRentedMovies initiated
2022-08-10 14:24:35.6921 INFO GetUnRentedMovies initiated
2022-08-10 14:24:39.6181 INFO GeUserstRentedMovies initiated
2022-08-10 14:24:39.6630 INFO GetUnRentedMovies initiated
2022-08-10 14:24:44.7977 INFO GeUserstRentedMovies initiated
2022-08-10 14:24:44.8586 INFO GetUnRentedMovies initiated
2022-08-10 14:24:47.6503 INFO GeUserstRentedMovies initiated
2022-08-10 14:24:47.6811 INFO GetUnRentedMovies initiated
2022-08-10 14:24:52.0569 INFO GeUserstRentedMovies initiated
2022-08-10 14:24:52.0986 INFO GetUnRentedMovies initiated
2022-08-10 14:25:09.4056 INFO GeUserstRentedMovies initiated
2022-08-10 14:25:09.4554 INFO GetUnRentedMovies initiated
2022-08-10 14:25:11.2417 INFO GeUserstRentedMovies initiated
2022-08-10 14:25:11.2708 INFO GetUnRentedMovies initiated
2022-08-10 14:25:29.2406 INFO GeUserstRentedMovies initiated
2022-08-10 14:25:29.2951 INFO GetUnRentedMovies initiated
2022-08-10 14:25:31.9279 INFO GeUserstRentedMovies initiated
2022-08-10 14:25:31.9608 INFO GetUnRentedMovies initiated
2022-08-10 14:25:53.7037 INFO GeUserstRentedMovies initiated
2022-08-10 14:25:53.7777 INFO GetUnRentedMovies initiated
2022-08-10 14:26:07.7172 INFO GeUserstRentedMovies initiated
2022-08-10 14:26:07.8107 INFO GetUnRentedMovies initiated
2022-08-10 14:26:09.6619 INFO GeUserstRentedMovies initiated
2022-08-10 14:26:09.7084 INFO GetUnRentedMovies initiated
2022-08-10 14:26:11.8858 INFO GeUserstRentedMovies initiated
2022-08-10 14:26:11.9176 INFO GetUnRentedMovies initiated
2022-08-10 14:26:17.0304 INFO GeUserstRentedMovies initiated
2022-08-10 14:26:17.0812 INFO GetUnRentedMovies initiated
2022-08-10 14:26:27.2265 INFO GeUserstRentedMovies initiated
2022-08-10 14:26:27.2774 INFO GetUnRentedMovies initiated
2022-08-10 14:26:32.4123 INFO GeUserstRentedMovies initiated
2022-08-10 14:26:32.4548 INFO GetUnRentedMovies initiated
2022-08-10 14:26:36.0546 INFO GeUserstRentedMovies initiated
2022-08-10 14:26:36.1076 INFO GetUnRentedMovies initiated
2022-08-10 14:26:44.2331 INFO GeUserstRentedMovies initiated
2022-08-10 14:26:44.2895 INFO GetUnRentedMovies initiated
2022-08-10 14:26:46.8329 INFO GeUserstRentedMovies initiated
2022-08-10 14:26:46.8936 INFO GetUnRentedMovies initiated
2022-08-10 14:26:48.1847 INFO GeUserstRentedMovies initiated
2022-08-10 14:26:48.2299 INFO GetUnRentedMovies initiated
2022-08-10 14:26:51.3550 INFO GeUserstRentedMovies initiated
2022-08-10 14:26:51.3945 INFO GetUnRentedMovies initiated
2022-08-10 14:28:53.1330 INFO GetRoles initiated
2022-08-10 14:30:48.1442 INFO GeUserstRentedMovies initiated
2022-08-10 14:30:52.6611 INFO GeUserstRentedMovies initiated
2022-08-10 14:31:12.3209 INFO GeUserstRentedMovies initiated
2022-08-10 14:31:16.4809 INFO GeUserstRentedMovies initiated
2022-08-10 14:32:23.9818 INFO GeUserstRentedMovies initiated
2022-08-10 14:32:50.9377 INFO GeUserstRentedMovies initiated
2022-08-10 14:32:54.2566 INFO GeUserstRentedMovies initiated
2022-08-10 14:32:57.6385 INFO GeUserstRentedMovies initiated
2022-08-10 14:33:18.6862 INFO GeUserstRentedMovies initiated
2022-08-10 14:33:33.0164 INFO GeUserstRentedMovies initiated
2022-08-10 14:53:28.7300 WARN Sensitive data logging is enabled. Log entries and exception messages may include sensitive application data; this mode should only be enabled during development.
2022-08-10 14:53:29.6324 WARN Role (null) validation failed: DuplicateRoleName;DuplicateRoleName.
2022-08-10 14:53:29.6324 WARN Role (null) validation failed: DuplicateRoleName;DuplicateRoleName.
2022-08-10 14:53:29.6390 WARN Role (null) validation failed: DuplicateRoleName;DuplicateRoleName.
2022-08-10 14:53:44.3320 INFO GeUserstRentedMovies initiated
2022-08-10 14:54:07.9678 WARN Sensitive data logging is enabled. Log entries and exception messages may include sensitive application data; this mode should only be enabled during development.
2022-08-10 14:54:08.8982 WARN Role (null) validation failed: DuplicateRoleName;DuplicateRoleName.
2022-08-10 14:54:08.9041 WARN Role (null) validation failed: DuplicateRoleName;DuplicateRoleName.
2022-08-10 14:54:08.9041 WARN Role (null) validation failed: DuplicateRoleName;DuplicateRoleName.
2022-08-10 14:54:11.4425 INFO GeUserstRentedMovies initiated
2022-08-10 14:54:14.3717 INFO GeUserstRentedMovies initiated
2022-08-10 14:57:11.9945 WARN Sensitive data logging is enabled. Log entries and exception messages may include sensitive application data; this mode should only be enabled during development.
2022-08-10 14:57:13.0213 WARN Role (null) validation failed: DuplicateRoleName;DuplicateRoleName.
2022-08-10 14:57:13.0284 WARN Role (null) validation failed: DuplicateRoleName;DuplicateRoleName.
2022-08-10 14:57:13.0284 WARN Role (null) validation failed: DuplicateRoleName;DuplicateRoleName.
2022-08-10 14:57:16.7242 INFO GeUserstRentedMovies initiated
2022-08-10 14:57:31.3494 INFO GeUserstRentedMovies initiated
2022-08-10 15:00:09.9901 WARN Sensitive data logging is enabled. Log entries and exception messages may include sensitive application data; this mode should only be enabled during development.
2022-08-10 15:00:10.9102 WARN Role (null) validation failed: DuplicateRoleName;DuplicateRoleName.
2022-08-10 15:00:10.9223 WARN Role (null) validation failed: DuplicateRoleName;DuplicateRoleName.
2022-08-10 15:00:10.9223 WARN Role (null) validation failed: DuplicateRoleName;DuplicateRoleName.
2022-08-10 15:02:29.5231 INFO GeUserstRentedMovies initiated
2022-08-10 15:03:23.4743 WARN Sensitive data logging is enabled. Log entries and exception messages may include sensitive application data; this mode should only be enabled during development.
2022-08-10 15:03:24.2327 WARN Role (null) validation failed: DuplicateRoleName;DuplicateRoleName.
2022-08-10 15:03:24.2327 WARN Role (null) validation failed: DuplicateRoleName;DuplicateRoleName.
2022-08-10 15:03:24.2327 WARN Role (null) validation failed: DuplicateRoleName;DuplicateRoleName.
2022-08-10 15:03:28.3377 INFO GeUserstRentedMovies initiated
2022-08-10 15:03:30.3801 INFO GeUserstRentedMovies initiated
2022-08-10 15:04:41.2184 INFO GeUserstRentedMovies initiated
2022-08-10 15:05:38.5273 WARN Sensitive data logging is enabled. Log entries and exception messages may include sensitive application data; this mode should only be enabled during development.
2022-08-10 15:05:39.5079 WARN Role (null) validation failed: DuplicateRoleName;DuplicateRoleName.
2022-08-10 15:05:39.5079 WARN Role (null) validation failed: DuplicateRoleName;DuplicateRoleName.
2022-08-10 15:05:39.5143 WARN Role (null) validation failed: DuplicateRoleName;DuplicateRoleName.
2022-08-10 15:09:16.5887 INFO GeUserstRentedMovies initiated
2022-08-10 15:14:46.1469 WARN Sensitive data logging is enabled. Log entries and exception messages may include sensitive application data; this mode should only be enabled during development.
2022-08-10 15:14:46.9402 WARN Role (null) validation failed: DuplicateRoleName;DuplicateRoleName.
2022-08-10 15:14:46.9402 WARN Role (null) validation failed: DuplicateRoleName;DuplicateRoleName.
2022-08-10 15:14:46.9402 WARN Role (null) validation failed: DuplicateRoleName;DuplicateRoleName.
2022-08-10 15:14:49.4207 INFO GeUserstRentedMovies initiated
2022-08-10 15:14:57.6861 INFO GeUserstRentedMovies initiated
2022-08-10 15:17:31.2049 INFO GeUserstRentedMovies initiated
2022-08-10 15:18:52.7044 INFO GeUserstRentedMovies initiated
2022-08-10 15:18:53.5132 INFO GetUnRentedMovies initiated
2022-08-10 15:19:01.1651 INFO GeUserstRentedMovies initiated
2022-08-10 15:19:01.2071 INFO GetUnRentedMovies initiated
2022-08-10 15:19:03.5339 INFO GeUserstRentedMovies initiated
2022-08-10 15:19:03.5688 INFO GetUnRentedMovies initiated
2022-08-10 15:19:07.1955 INFO GeUserstRentedMovies initiated
2022-08-10 15:19:07.2377 INFO GetUnRentedMovies initiated
2022-08-10 15:19:40.4279 INFO GeUserstRentedMovies initiated
2022-08-10 15:19:40.5292 INFO GetUnRentedMovies initiated
2022-08-10 15:20:02.3387 INFO GeUserstRentedMovies initiated
2022-08-10 15:20:02.3867 INFO GeUserstRentedMovies initiated
2022-08-10 15:20:02.3914 INFO GeUserstRentedMovies initiated
2022-08-10 15:20:05.9182 INFO GetUnRentedMovies initiated
