2022-07-30 09:02:18.5449 WARN Role (null) validation failed: DuplicateRoleName;DuplicateRoleName.
2022-07-30 09:02:18.6259 WARN Role (null) validation failed: DuplicateRoleName;DuplicateRoleName.
2022-07-30 09:02:18.6443 WARN Role (null) validation failed: DuplicateRoleName;DuplicateRoleName.
2022-07-30 09:02:37.7485 INFO GeUserstRentedMovies initiated
2022-07-30 09:02:37.7485 INFO GeUserstRentedMovies initiated
2022-07-30 09:02:37.9177 INFO GeUserstRentedMovies initiated
2022-07-30 11:33:55.0441 INFO GeUserstRentedMovies initiated
2022-07-30 11:33:55.1029 INFO GeUserstRentedMovies initiated
2022-07-30 11:33:55.1299 INFO GeUserstRentedMovies initiated
2022-07-30 11:33:58.6648 INFO GetUnRentedMovies initiated
2022-07-30 11:34:10.9651 INFO RentMovie initiated
2022-07-30 11:34:10.9651 INFO RentMovie initiated
2022-07-30 11:34:10.9651 INFO RentMovie initiated
2022-07-30 11:34:10.9651 INFO RentMovie initiated
2022-07-30 11:34:10.9651 INFO RentMovie initiated
2022-07-30 11:34:14.4548 INFO GeUserstRentedMovies initiated
2022-07-30 11:34:14.4548 INFO GeUserstRentedMovies initiated
2022-07-30 11:34:24.7481 INFO GeUserstRentedMovies initiated
2022-07-30 11:34:24.8329 INFO GeUserstRentedMovies initiated
2022-07-30 11:34:24.8391 INFO GeUserstRentedMovies initiated
2022-07-30 11:34:29.6447 INFO GeUserstRentedMovies initiated
2022-07-30 11:34:29.7182 INFO GeUserstRentedMovies initiated
2022-07-30 11:34:29.7182 INFO GeUserstRentedMovies initiated
2022-07-30 11:35:00.1714 INFO GeUserstRentedMovies initiated
2022-07-30 11:35:00.2737 INFO GeUserstRentedMovies initiated
2022-07-30 11:35:00.2857 INFO GeUserstRentedMovies initiated
2022-07-30 11:35:05.8218 INFO GeUserstRentedMovies initiated
2022-07-30 11:35:05.9898 INFO GeUserstRentedMovies initiated
2022-07-30 11:35:05.9898 INFO GeUserstRentedMovies initiated
2022-07-30 11:35:07.1433 INFO GeUserstRentedMovies initiated
2022-07-30 11:35:07.2084 INFO GeUserstRentedMovies initiated
2022-07-30 11:35:07.2084 INFO GeUserstRentedMovies initiated
2022-07-30 11:35:13.4838 INFO GeUserstRentedMovies initiated
2022-07-30 11:35:13.5649 INFO GeUserstRentedMovies initiated
2022-07-30 11:35:13.5649 INFO GeUserstRentedMovies initiated
2022-07-30 11:39:43.2265 WARN Role (null) validation failed: DuplicateRoleName;DuplicateRoleName.
2022-07-30 11:39:43.2617 WARN Role (null) validation failed: DuplicateRoleName;DuplicateRoleName.
2022-07-30 11:39:43.2617 WARN Role (null) validation failed: DuplicateRoleName;DuplicateRoleName.
2022-07-30 11:39:47.1786 INFO GeUserstRentedMovies initiated
2022-07-30 11:39:47.1786 INFO GeUserstRentedMovies initiated
2022-07-30 11:39:47.2865 INFO GeUserstRentedMovies initiated
2022-07-30 12:29:49.5238 WARN Role (null) validation failed: DuplicateRoleName;DuplicateRoleName.
2022-07-30 12:29:49.5494 WARN Role (null) validation failed: DuplicateRoleName;DuplicateRoleName.
2022-07-30 12:29:49.5494 WARN Role (null) validation failed: DuplicateRoleName;DuplicateRoleName.
2022-07-30 12:31:33.1200 INFO GeUserstRentedMovies initiated
2022-07-30 12:31:33.1200 INFO GeUserstRentedMovies initiated
2022-07-30 12:31:33.2433 INFO GeUserstRentedMovies initiated
2022-07-30 12:32:20.4579 INFO GeUserstRentedMovies initiated
2022-07-30 12:32:20.5035 INFO GeUserstRentedMovies initiated
2022-07-30 12:32:20.5035 INFO GeUserstRentedMovies initiated
2022-07-30 12:32:33.2913 INFO GeUserstRentedMovies initiated
2022-07-30 12:32:33.3494 INFO GeUserstRentedMovies initiated
2022-07-30 12:32:33.3494 INFO GeUserstRentedMovies initiated
2022-07-30 12:33:33.4465 INFO GeUserstRentedMovies initiated
2022-07-30 12:33:33.5020 INFO GeUserstRentedMovies initiated
2022-07-30 12:33:33.5020 INFO GeUserstRentedMovies initiated
2022-07-30 12:33:37.0993 INFO GeUserstRentedMovies initiated
2022-07-30 12:33:37.1309 INFO GeUserstRentedMovies initiated
2022-07-30 12:33:37.1309 INFO GeUserstRentedMovies initiated
2022-07-30 12:33:40.8622 INFO GeUserstRentedMovies initiated
2022-07-30 12:33:40.9148 INFO GeUserstRentedMovies initiated
2022-07-30 12:33:40.9148 INFO GeUserstRentedMovies initiated
2022-07-30 12:34:08.4124 INFO GeUserstRentedMovies initiated
2022-07-30 12:34:08.4739 INFO GeUserstRentedMovies initiated
2022-07-30 12:34:08.4819 INFO GeUserstRentedMovies initiated
2022-07-30 12:34:11.6154 INFO GeUserstRentedMovies initiated
2022-07-30 12:34:11.6566 INFO GeUserstRentedMovies initiated
2022-07-30 12:34:11.6566 INFO GeUserstRentedMovies initiated
2022-07-30 12:37:17.2180 INFO GeUserstRentedMovies initiated
2022-07-30 12:37:17.2670 INFO GeUserstRentedMovies initiated
2022-07-30 12:37:17.2670 INFO GeUserstRentedMovies initiated
2022-07-30 12:37:40.4089 INFO GeUserstRentedMovies initiated
2022-07-30 12:37:40.4614 INFO GeUserstRentedMovies initiated
2022-07-30 12:37:40.4614 INFO GeUserstRentedMovies initiated
2022-07-30 12:37:56.3986 INFO GetUnRentedMovies initiated
2022-07-30 12:40:20.6412 INFO GeUserstRentedMovies initiated
2022-07-30 12:40:39.9238 INFO GetUnRentedMovies initiated
2022-07-30 12:41:00.5982 INFO GeUserstRentedMovies initiated
2022-07-30 12:41:45.9461 INFO GeUserstRentedMovies initiated
2022-07-30 12:42:07.9004 INFO GeUserstRentedMovies initiated
2022-07-30 12:42:25.0790 INFO GeUserstRentedMovies initiated
2022-07-30 12:42:44.5089 INFO GeUserstRentedMovies initiated
2022-07-30 12:42:47.1416 INFO GeUserstRentedMovies initiated
2022-07-30 12:42:47.8949 INFO GeUserstRentedMovies initiated
2022-07-30 12:42:57.1645 INFO GeUserstRentedMovies initiated
2022-07-30 12:43:09.5491 INFO GeUserstRentedMovies initiated
2022-07-30 12:43:10.4225 INFO GeUserstRentedMovies initiated
2022-07-30 12:43:29.3488 INFO GeUserstRentedMovies initiated
2022-07-30 12:43:52.7402 INFO GeUserstRentedMovies initiated
2022-07-30 12:44:04.4154 INFO GeUserstRentedMovies initiated
2022-07-30 12:44:47.2071 INFO GeUserstRentedMovies initiated
2022-07-30 12:44:49.7550 INFO GeUserstRentedMovies initiated
2022-07-30 12:44:52.3450 INFO GeUserstRentedMovies initiated
2022-07-30 12:44:58.2957 INFO GeUserstRentedMovies initiated
2022-07-30 12:45:01.5619 INFO GetUnRentedMovies initiated
2022-07-30 12:45:06.0702 INFO GeUserstRentedMovies initiated
2022-07-30 12:45:06.0702 INFO GeUserstRentedMovies initiated
2022-07-30 12:45:23.9366 INFO GeUserstRentedMovies initiated
2022-07-30 12:45:24.0492 INFO GeUserstRentedMovies initiated
2022-07-30 12:45:24.0492 INFO GeUserstRentedMovies initiated
2022-07-30 12:45:30.4762 INFO GeUserstRentedMovies initiated
2022-07-30 12:45:30.5081 INFO GeUserstRentedMovies initiated
2022-07-30 12:45:30.5081 INFO GeUserstRentedMovies initiated
2022-07-30 12:47:02.3438 INFO GeUserstRentedMovies initiated
2022-07-30 12:47:33.3194 INFO GeUserstRentedMovies initiated
2022-07-30 12:48:01.2356 INFO GeUserstRentedMovies initiated
2022-07-30 12:48:39.4716 INFO GeUserstRentedMovies initiated
2022-07-30 12:48:42.5032 INFO GeUserstRentedMovies initiated
2022-07-30 12:49:41.5390 INFO GeUserstRentedMovies initiated
2022-07-30 12:49:45.0837 INFO GeUserstRentedMovies initiated
2022-07-30 12:49:57.0920 INFO GeUserstRentedMovies initiated
2022-07-30 12:50:02.1114 INFO GeUserstRentedMovies initiated
2022-07-30 12:50:19.5995 INFO GeUserstRentedMovies initiated
2022-07-30 12:50:23.9614 INFO GeUserstRentedMovies initiated
2022-07-30 12:50:26.9902 INFO GeUserstRentedMovies initiated
2022-07-30 12:50:39.7848 INFO GeUserstRentedMovies initiated
2022-07-30 12:50:47.3375 INFO GeUserstRentedMovies initiated
2022-07-30 12:52:34.0194 INFO GetUnRentedMovies initiated
2022-07-30 12:52:34.9285 INFO GeUserstRentedMovies initiated
2022-07-30 12:52:34.9285 INFO GeUserstRentedMovies initiated
2022-07-30 12:53:16.3225 INFO GeUserstRentedMovies initiated
2022-07-30 12:53:21.1869 INFO GeUserstRentedMovies initiated
2022-07-30 12:53:21.1869 INFO GeUserstRentedMovies initiated
2022-07-30 12:55:12.5082 INFO GeUserstRentedMovies initiated
2022-07-30 12:55:12.5738 INFO GeUserstRentedMovies initiated
2022-07-30 12:55:12.5738 INFO GeUserstRentedMovies initiated
2022-07-30 12:55:13.1064 INFO GeUserstRentedMovies initiated
2022-07-30 12:55:13.1374 INFO GeUserstRentedMovies initiated
2022-07-30 12:55:13.1374 INFO GeUserstRentedMovies initiated
2022-07-30 12:55:14.9708 INFO GeUserstRentedMovies initiated
2022-07-30 12:55:15.0026 INFO GeUserstRentedMovies initiated
2022-07-30 12:55:15.0026 INFO GeUserstRentedMovies initiated
2022-07-30 12:55:20.1019 INFO GeUserstRentedMovies initiated
2022-07-30 12:55:20.1499 INFO GeUserstRentedMovies initiated
2022-07-30 12:55:20.1518 INFO GeUserstRentedMovies initiated
2022-07-30 12:55:51.3480 INFO GeUserstRentedMovies initiated
2022-07-30 12:55:51.4348 INFO GeUserstRentedMovies initiated
2022-07-30 12:55:51.4348 INFO GeUserstRentedMovies initiated
2022-07-30 12:55:54.1798 INFO GeUserstRentedMovies initiated
2022-07-30 12:55:54.2227 INFO GeUserstRentedMovies initiated
2022-07-30 12:55:54.2227 INFO GeUserstRentedMovies initiated
2022-07-30 12:55:58.7109 INFO GeUserstRentedMovies initiated
2022-07-30 12:55:58.7629 INFO GeUserstRentedMovies initiated
2022-07-30 12:55:58.7629 INFO GeUserstRentedMovies initiated
2022-07-30 12:57:02.5861 INFO GeUserstRentedMovies initiated
2022-07-30 12:57:02.6310 INFO GeUserstRentedMovies initiated
2022-07-30 12:57:02.6362 INFO GeUserstRentedMovies initiated
2022-07-30 12:59:48.5999 INFO GeUserstRentedMovies initiated
2022-07-30 12:59:48.6434 INFO GeUserstRentedMovies initiated
2022-07-30 12:59:48.6520 INFO GeUserstRentedMovies initiated
2022-07-30 12:59:51.8182 INFO GeUserstRentedMovies initiated
2022-07-30 12:59:51.8636 INFO GeUserstRentedMovies initiated
2022-07-30 12:59:51.8636 INFO GeUserstRentedMovies initiated
2022-07-30 12:59:54.9419 INFO GeUserstRentedMovies initiated
2022-07-30 12:59:54.9869 INFO GeUserstRentedMovies initiated
2022-07-30 12:59:54.9869 INFO GeUserstRentedMovies initiated
2022-07-30 13:00:01.3948 INFO GeUserstRentedMovies initiated
2022-07-30 13:00:01.4433 INFO GeUserstRentedMovies initiated
2022-07-30 13:00:01.4433 INFO GeUserstRentedMovies initiated
2022-07-30 13:00:04.1664 INFO GeUserstRentedMovies initiated
2022-07-30 13:00:04.2180 INFO GeUserstRentedMovies initiated
2022-07-30 13:00:04.2180 INFO GeUserstRentedMovies initiated
2022-07-30 13:00:07.5813 INFO GeUserstRentedMovies initiated
2022-07-30 13:00:07.6133 INFO GeUserstRentedMovies initiated
2022-07-30 13:00:07.6133 INFO GeUserstRentedMovies initiated
2022-07-30 13:00:09.5282 INFO GeUserstRentedMovies initiated
2022-07-30 13:00:09.5521 INFO GeUserstRentedMovies initiated
2022-07-30 13:00:09.5521 INFO GeUserstRentedMovies initiated
2022-07-30 13:00:11.5722 INFO GeUserstRentedMovies initiated
2022-07-30 13:00:11.6110 INFO GeUserstRentedMovies initiated
2022-07-30 13:00:11.6110 INFO GeUserstRentedMovies initiated
2022-07-30 13:00:16.5120 INFO GeUserstRentedMovies initiated
2022-07-30 13:00:16.5453 INFO GeUserstRentedMovies initiated
2022-07-30 13:00:16.5453 INFO GeUserstRentedMovies initiated
2022-07-30 13:02:39.9905 INFO GeUserstRentedMovies initiated
2022-07-30 13:02:40.0435 INFO GeUserstRentedMovies initiated
2022-07-30 13:02:40.0435 INFO GeUserstRentedMovies initiated
2022-07-30 13:02:54.1068 INFO GeUserstRentedMovies initiated
2022-07-30 13:02:54.1624 INFO GeUserstRentedMovies initiated
2022-07-30 13:02:54.1727 INFO GeUserstRentedMovies initiated
2022-07-30 13:02:59.1080 INFO GeUserstRentedMovies initiated
2022-07-30 13:02:59.1511 INFO GeUserstRentedMovies initiated
2022-07-30 13:02:59.1511 INFO GeUserstRentedMovies initiated
2022-07-30 13:03:00.1023 INFO GeUserstRentedMovies initiated
2022-07-30 13:03:00.1355 INFO GeUserstRentedMovies initiated
2022-07-30 13:03:00.1355 INFO GeUserstRentedMovies initiated
2022-07-30 13:10:26.1704 WARN Role (null) validation failed: DuplicateRoleName;DuplicateRoleName.
2022-07-30 13:10:26.1972 WARN Role (null) validation failed: DuplicateRoleName;DuplicateRoleName.
2022-07-30 13:10:26.2002 WARN Role (null) validation failed: DuplicateRoleName;DuplicateRoleName.
2022-07-30 13:10:38.7547 INFO GeUserstRentedMovies initiated
2022-07-30 13:10:47.7051 INFO GeUserstRentedMovies initiated
2022-07-30 13:10:50.8451 INFO GeUserstRentedMovies initiated
2022-07-30 13:10:54.5784 INFO GeUserstRentedMovies initiated
2022-07-30 13:10:57.6043 INFO GeUserstRentedMovies initiated
2022-07-30 13:11:00.5305 INFO GeUserstRentedMovies initiated
2022-07-30 13:11:03.3528 INFO GeUserstRentedMovies initiated
2022-07-30 13:11:06.4685 INFO GeUserstRentedMovies initiated
2022-07-30 13:11:11.0046 INFO GeUserstRentedMovies initiated
2022-07-30 13:11:13.7925 INFO GeUserstRentedMovies initiated
2022-07-30 13:11:18.8876 INFO GeUserstRentedMovies initiated
2022-07-30 13:11:22.0163 INFO GeUserstRentedMovies initiated
2022-07-30 13:11:28.0198 INFO GetMoviesList initiated
2022-07-30 13:11:48.1775 INFO GeUserstRentedMovies initiated
2022-07-30 13:11:48.9221 INFO GeUserstRentedMovies initiated
2022-07-30 13:11:49.6917 INFO GeUserstRentedMovies initiated
2022-07-30 13:12:21.2291 WARN Role (null) validation failed: DuplicateRoleName;DuplicateRoleName.
2022-07-30 13:12:21.2695 WARN Role (null) validation failed: DuplicateRoleName;DuplicateRoleName.
2022-07-30 13:12:21.2695 WARN Role (null) validation failed: DuplicateRoleName;DuplicateRoleName.
2022-07-30 13:13:04.1904 INFO GeUserstRentedMovies initiated
2022-07-30 13:13:34.3177 INFO GeUserstRentedMovies initiated
2022-07-30 13:13:34.3599 INFO GeUserstRentedMovies initiated
2022-07-30 13:13:34.3599 INFO GeUserstRentedMovies initiated
2022-07-30 13:13:41.2689 INFO GeUserstRentedMovies initiated
2022-07-30 13:13:41.3198 INFO GeUserstRentedMovies initiated
2022-07-30 13:13:41.3198 INFO GeUserstRentedMovies initiated
2022-07-30 13:13:53.1124 INFO GeUserstRentedMovies initiated
2022-07-30 13:13:53.1719 INFO GeUserstRentedMovies initiated
2022-07-30 13:13:53.1719 INFO GeUserstRentedMovies initiated
2022-07-30 13:14:12.3204 INFO GeUserstRentedMovies initiated
2022-07-30 13:14:12.3722 INFO GeUserstRentedMovies initiated
2022-07-30 13:14:12.3722 INFO GeUserstRentedMovies initiated
2022-07-30 13:14:15.6463 INFO GeUserstRentedMovies initiated
2022-07-30 13:14:15.6994 INFO GeUserstRentedMovies initiated
2022-07-30 13:14:15.6994 INFO GeUserstRentedMovies initiated
2022-07-30 13:14:21.4331 INFO GeUserstRentedMovies initiated
2022-07-30 13:14:21.4850 INFO GeUserstRentedMovies initiated
2022-07-30 13:14:21.4850 INFO GeUserstRentedMovies initiated
2022-07-30 13:30:45.6144 INFO GeUserstRentedMovies initiated
2022-07-30 13:30:45.6745 INFO GeUserstRentedMovies initiated
2022-07-30 13:30:45.6745 INFO GeUserstRentedMovies initiated
2022-07-30 13:52:08.3595 INFO GeUserstRentedMovies initiated
2022-07-30 13:52:08.4324 INFO GeUserstRentedMovies initiated
2022-07-30 13:52:08.4324 INFO GeUserstRentedMovies initiated
2022-07-30 13:55:10.6823 WARN Role (null) validation failed: DuplicateRoleName;DuplicateRoleName.
2022-07-30 13:55:10.7095 WARN Role (null) validation failed: DuplicateRoleName;DuplicateRoleName.
2022-07-30 13:55:10.7095 WARN Role (null) validation failed: DuplicateRoleName;DuplicateRoleName.
2022-07-30 14:02:49.2114 INFO GeUserstRentedMovies initiated
2022-07-30 14:02:49.2114 INFO GeUserstRentedMovies initiated
2022-07-30 14:02:50.1600 INFO GeUserstRentedMovies initiated
2022-07-30 14:03:00.3743 INFO GeUserstRentedMovies initiated
2022-07-30 14:03:00.4378 INFO GeUserstRentedMovies initiated
2022-07-30 14:03:00.4378 INFO GeUserstRentedMovies initiated
2022-07-30 14:03:04.2257 INFO GeUserstRentedMovies initiated
2022-07-30 14:03:04.2726 INFO GeUserstRentedMovies initiated
2022-07-30 14:03:04.2726 INFO GeUserstRentedMovies initiated
2022-07-30 14:03:13.4290 INFO GeUserstRentedMovies initiated
2022-07-30 14:03:13.4787 INFO GeUserstRentedMovies initiated
2022-07-30 14:03:13.4822 INFO GeUserstRentedMovies initiated
2022-07-30 14:03:14.2951 INFO GeUserstRentedMovies initiated
2022-07-30 14:03:14.3190 INFO GeUserstRentedMovies initiated
2022-07-30 14:03:14.3190 INFO GeUserstRentedMovies initiated
2022-07-30 14:03:22.2155 INFO GeUserstRentedMovies initiated
2022-07-30 14:03:22.2602 INFO GeUserstRentedMovies initiated
2022-07-30 14:03:22.2621 INFO GeUserstRentedMovies initiated
2022-07-30 14:03:23.4934 INFO GeUserstRentedMovies initiated
2022-07-30 14:03:23.5286 INFO GeUserstRentedMovies initiated
2022-07-30 14:03:23.5286 INFO GeUserstRentedMovies initiated
2022-07-30 14:03:31.4899 INFO GeUserstRentedMovies initiated
2022-07-30 14:03:31.5314 INFO GeUserstRentedMovies initiated
2022-07-30 14:03:31.5314 INFO GeUserstRentedMovies initiated
2022-07-30 14:03:33.2444 INFO GeUserstRentedMovies initiated
2022-07-30 14:03:33.2818 INFO GeUserstRentedMovies initiated
2022-07-30 14:03:33.2818 INFO GeUserstRentedMovies initiated
2022-07-30 14:03:38.3690 INFO GeUserstRentedMovies initiated
2022-07-30 14:03:38.4111 INFO GeUserstRentedMovies initiated
2022-07-30 14:03:38.4111 INFO GeUserstRentedMovies initiated
2022-07-30 14:04:12.9228 INFO GeUserstRentedMovies initiated
2022-07-30 14:04:12.9795 INFO GeUserstRentedMovies initiated
2022-07-30 14:04:12.9795 INFO GeUserstRentedMovies initiated
2022-07-30 14:04:36.2444 INFO GeUserstRentedMovies initiated
2022-07-30 14:04:36.2444 INFO GeUserstRentedMovies initiated
2022-07-30 14:04:36.2633 INFO GeUserstRentedMovies initiated
2022-07-30 14:04:41.2223 INFO GeUserstRentedMovies initiated
2022-07-30 14:04:41.2702 INFO GeUserstRentedMovies initiated
2022-07-30 14:04:41.2702 INFO GeUserstRentedMovies initiated
2022-07-30 14:04:45.2601 INFO GeUserstRentedMovies initiated
2022-07-30 14:04:45.3165 INFO GeUserstRentedMovies initiated
2022-07-30 14:04:45.3165 INFO GeUserstRentedMovies initiated
2022-07-30 14:04:46.4261 INFO GeUserstRentedMovies initiated
2022-07-30 14:04:46.4494 INFO GeUserstRentedMovies initiated
2022-07-30 14:04:46.4494 INFO GeUserstRentedMovies initiated
2022-07-30 14:05:00.1604 INFO GeUserstRentedMovies initiated
2022-07-30 14:05:00.2091 INFO GeUserstRentedMovies initiated
2022-07-30 14:05:00.2091 INFO GeUserstRentedMovies initiated
2022-07-30 14:05:29.1074 INFO GeUserstRentedMovies initiated
2022-07-30 14:05:29.1547 INFO GeUserstRentedMovies initiated
2022-07-30 14:05:29.1547 INFO GeUserstRentedMovies initiated
2022-07-30 14:06:16.8435 INFO GeUserstRentedMovies initiated
2022-07-30 14:06:16.8886 INFO GeUserstRentedMovies initiated
2022-07-30 14:06:16.8886 INFO GeUserstRentedMovies initiated
2022-07-30 14:12:23.0747 INFO GeUserstRentedMovies initiated
2022-07-30 14:12:23.1224 INFO GeUserstRentedMovies initiated
2022-07-30 14:12:23.1224 INFO GeUserstRentedMovies initiated
2022-07-30 14:13:03.3664 INFO GeUserstRentedMovies initiated
2022-07-30 14:13:03.4272 INFO GeUserstRentedMovies initiated
2022-07-30 14:13:03.4272 INFO GeUserstRentedMovies initiated
2022-07-30 14:13:10.8826 INFO GeUserstRentedMovies initiated
2022-07-30 14:13:10.9392 INFO GeUserstRentedMovies initiated
2022-07-30 14:13:10.9392 INFO GeUserstRentedMovies initiated
2022-07-30 14:13:44.5725 INFO GeUserstRentedMovies initiated
2022-07-30 14:13:44.6233 INFO GeUserstRentedMovies initiated
2022-07-30 14:13:44.6233 INFO GeUserstRentedMovies initiated
2022-07-30 14:14:10.0574 INFO GeUserstRentedMovies initiated
2022-07-30 14:14:10.1114 INFO GeUserstRentedMovies initiated
2022-07-30 14:14:10.1204 INFO GeUserstRentedMovies initiated
2022-07-30 14:14:10.1366 INFO GeUserstRentedMovies initiated
2022-07-30 14:14:22.7561 INFO GeUserstRentedMovies initiated
2022-07-30 14:14:22.8098 INFO GeUserstRentedMovies initiated
2022-07-30 14:14:22.8098 INFO GeUserstRentedMovies initiated
2022-07-30 14:14:22.8098 INFO GeUserstRentedMovies initiated
2022-07-30 14:14:22.8229 INFO GeUserstRentedMovies initiated
2022-07-30 14:14:24.1555 INFO GeUserstRentedMovies initiated
2022-07-30 14:14:24.1826 INFO GeUserstRentedMovies initiated
2022-07-30 14:14:24.1826 INFO GeUserstRentedMovies initiated
2022-07-30 14:14:24.1826 INFO GeUserstRentedMovies initiated
2022-07-30 14:14:24.1826 INFO GeUserstRentedMovies initiated
2022-07-30 14:14:47.1327 INFO GeUserstRentedMovies initiated
2022-07-30 14:14:47.1820 INFO GeUserstRentedMovies initiated
2022-07-30 14:14:47.1820 INFO GeUserstRentedMovies initiated
2022-07-30 14:14:47.2080 INFO GeUserstRentedMovies initiated
2022-07-30 14:14:47.2080 INFO GeUserstRentedMovies initiated
2022-07-30 14:14:52.9034 INFO GeUserstRentedMovies initiated
2022-07-30 14:14:52.9617 INFO GeUserstRentedMovies initiated
2022-07-30 14:14:52.9650 INFO GeUserstRentedMovies initiated
2022-07-30 14:14:52.9650 INFO GeUserstRentedMovies initiated
2022-07-30 14:16:56.8268 INFO GeUserstRentedMovies initiated
2022-07-30 14:16:56.8752 INFO GeUserstRentedMovies initiated
2022-07-30 14:16:56.8752 INFO GeUserstRentedMovies initiated
2022-07-30 14:16:56.8977 INFO GeUserstRentedMovies initiated
2022-07-30 14:17:03.3054 INFO GeUserstRentedMovies initiated
2022-07-30 14:17:03.3585 INFO GeUserstRentedMovies initiated
2022-07-30 14:17:03.3585 INFO GeUserstRentedMovies initiated
2022-07-30 14:17:03.3585 INFO GeUserstRentedMovies initiated
2022-07-30 14:18:17.4913 INFO AddMovie initiated
2022-07-30 14:18:28.3639 INFO GeUserstRentedMovies initiated
2022-07-30 14:18:28.3639 INFO GeUserstRentedMovies initiated
2022-07-30 14:18:28.3768 INFO GeUserstRentedMovies initiated
2022-07-30 14:18:31.2610 INFO GeUserstRentedMovies initiated
2022-07-30 14:18:31.2610 INFO GeUserstRentedMovies initiated
2022-07-30 14:18:31.2801 INFO GeUserstRentedMovies initiated
2022-07-30 14:19:02.5788 INFO GetMoviesList initiated
2022-07-30 14:36:59.2964 INFO GeUserstRentedMovies initiated
2022-07-30 14:36:59.3561 INFO GeUserstRentedMovies initiated
2022-07-30 14:36:59.3703 INFO GeUserstRentedMovies initiated
2022-07-30 14:36:59.3703 INFO GeUserstRentedMovies initiated
2022-07-30 14:37:47.8160 INFO GeUserstRentedMovies initiated
2022-07-30 14:37:47.8779 INFO GeUserstRentedMovies initiated
2022-07-30 14:37:47.8876 INFO GeUserstRentedMovies initiated
2022-07-30 14:38:04.5800 INFO GeUserstRentedMovies initiated
2022-07-30 14:38:04.6426 INFO GeUserstRentedMovies initiated
2022-07-30 14:38:04.6426 INFO GeUserstRentedMovies initiated
2022-07-30 14:38:04.6528 INFO GeUserstRentedMovies initiated
2022-07-30 14:38:25.3832 INFO GeUserstRentedMovies initiated
2022-07-30 14:38:25.4443 INFO GeUserstRentedMovies initiated
2022-07-30 14:38:25.4493 INFO GeUserstRentedMovies initiated
2022-07-30 14:39:00.4385 INFO GeUserstRentedMovies initiated
2022-07-30 14:39:00.4918 INFO GeUserstRentedMovies initiated
2022-07-30 14:39:00.4967 INFO GeUserstRentedMovies initiated
2022-07-30 14:39:03.5408 INFO GeUserstRentedMovies initiated
2022-07-30 14:39:03.6259 INFO GeUserstRentedMovies initiated
2022-07-30 14:39:03.6259 INFO GeUserstRentedMovies initiated
2022-07-30 14:39:05.0138 INFO GeUserstRentedMovies initiated
2022-07-30 14:39:05.0469 INFO GeUserstRentedMovies initiated
2022-07-30 14:39:05.0469 INFO GeUserstRentedMovies initiated
2022-07-30 14:39:10.1970 INFO GeUserstRentedMovies initiated
2022-07-30 14:39:10.2273 INFO GeUserstRentedMovies initiated
2022-07-30 14:39:10.2300 INFO GeUserstRentedMovies initiated
2022-07-30 14:39:16.6502 INFO GeUserstRentedMovies initiated
2022-07-30 14:39:16.6968 INFO GeUserstRentedMovies initiated
2022-07-30 14:39:16.6980 INFO GeUserstRentedMovies initiated
2022-07-30 14:39:22.8739 INFO GeUserstRentedMovies initiated
2022-07-30 14:39:22.9281 INFO GeUserstRentedMovies initiated
2022-07-30 14:39:22.9281 INFO GeUserstRentedMovies initiated
2022-07-30 14:39:24.4384 INFO GeUserstRentedMovies initiated
2022-07-30 14:39:24.4688 INFO GeUserstRentedMovies initiated
2022-07-30 14:39:24.4688 INFO GeUserstRentedMovies initiated
2022-07-30 14:39:40.5710 INFO GeUserstRentedMovies initiated
2022-07-30 14:39:40.6221 INFO GeUserstRentedMovies initiated
2022-07-30 14:39:40.6221 INFO GeUserstRentedMovies initiated
2022-07-30 14:39:47.9843 INFO GeUserstRentedMovies initiated
2022-07-30 14:39:48.0495 INFO GeUserstRentedMovies initiated
2022-07-30 14:39:48.0495 INFO GeUserstRentedMovies initiated
2022-07-30 14:39:51.1949 INFO GeUserstRentedMovies initiated
2022-07-30 14:39:51.2291 INFO GeUserstRentedMovies initiated
2022-07-30 14:39:51.2291 INFO GeUserstRentedMovies initiated
2022-07-30 14:40:24.5914 INFO GeUserstRentedMovies initiated
2022-07-30 14:40:24.6579 INFO GeUserstRentedMovies initiated
2022-07-30 14:40:24.6579 INFO GeUserstRentedMovies initiated
2022-07-30 14:40:29.1485 INFO GeUserstRentedMovies initiated
2022-07-30 14:40:29.1791 INFO GeUserstRentedMovies initiated
2022-07-30 14:40:29.1791 INFO GeUserstRentedMovies initiated
2022-07-30 14:40:38.9464 INFO GeUserstRentedMovies initiated
2022-07-30 14:40:38.9941 INFO GeUserstRentedMovies initiated
2022-07-30 14:40:38.9963 INFO GeUserstRentedMovies initiated
2022-07-30 14:41:34.2179 INFO GeUserstRentedMovies initiated
2022-07-30 14:41:34.2610 INFO GeUserstRentedMovies initiated
2022-07-30 14:41:34.2610 INFO GeUserstRentedMovies initiated
2022-07-30 14:42:04.7515 INFO GeUserstRentedMovies initiated
2022-07-30 14:42:04.8393 INFO GeUserstRentedMovies initiated
2022-07-30 14:42:04.8393 INFO GeUserstRentedMovies initiated
2022-07-30 14:42:46.0589 INFO GeUserstRentedMovies initiated
2022-07-30 14:42:46.1275 INFO GeUserstRentedMovies initiated
2022-07-30 14:42:46.1376 INFO GeUserstRentedMovies initiated
2022-07-30 14:42:52.5795 INFO GeUserstRentedMovies initiated
2022-07-30 14:42:52.6492 INFO GeUserstRentedMovies initiated
2022-07-30 14:42:52.6530 INFO GeUserstRentedMovies initiated
2022-07-30 14:43:00.1858 INFO GeUserstRentedMovies initiated
2022-07-30 14:43:00.2202 INFO GeUserstRentedMovies initiated
2022-07-30 14:43:00.2202 INFO GeUserstRentedMovies initiated
2022-07-30 14:43:28.4857 INFO GeUserstRentedMovies initiated
2022-07-30 14:43:28.5391 INFO GeUserstRentedMovies initiated
2022-07-30 14:43:28.5391 INFO GeUserstRentedMovies initiated
2022-07-30 14:43:55.3389 INFO GeUserstRentedMovies initiated
2022-07-30 14:43:55.3933 INFO GeUserstRentedMovies initiated
2022-07-30 14:43:55.3933 INFO GeUserstRentedMovies initiated
2022-07-30 14:44:00.5354 INFO GeUserstRentedMovies initiated
2022-07-30 14:44:00.5674 INFO GeUserstRentedMovies initiated
2022-07-30 14:44:00.5674 INFO GeUserstRentedMovies initiated
2022-07-30 14:44:04.2284 INFO GeUserstRentedMovies initiated
2022-07-30 14:44:04.3091 INFO GeUserstRentedMovies initiated
2022-07-30 14:44:04.3091 INFO GeUserstRentedMovies initiated
2022-07-30 14:45:57.2445 INFO GeUserstRentedMovies initiated
2022-07-30 14:45:57.3049 INFO GeUserstRentedMovies initiated
2022-07-30 14:45:57.3145 INFO GeUserstRentedMovies initiated
2022-07-30 14:46:02.5266 INFO GeUserstRentedMovies initiated
2022-07-30 14:46:02.5734 INFO GeUserstRentedMovies initiated
2022-07-30 14:46:02.5734 INFO GeUserstRentedMovies initiated
2022-07-30 14:46:08.4634 INFO GeUserstRentedMovies initiated
2022-07-30 14:46:08.4961 INFO GeUserstRentedMovies initiated
2022-07-30 14:46:08.4961 INFO GeUserstRentedMovies initiated
2022-07-30 14:46:16.3961 INFO GeUserstRentedMovies initiated
2022-07-30 14:46:16.4497 INFO GeUserstRentedMovies initiated
2022-07-30 14:46:16.4497 INFO GeUserstRentedMovies initiated
2022-07-30 14:46:19.8248 INFO GeUserstRentedMovies initiated
2022-07-30 14:46:19.8694 INFO GeUserstRentedMovies initiated
2022-07-30 14:46:19.8694 INFO GeUserstRentedMovies initiated
2022-07-30 14:46:22.2962 INFO GeUserstRentedMovies initiated
2022-07-30 14:46:22.3455 INFO GeUserstRentedMovies initiated
2022-07-30 14:46:22.3455 INFO GeUserstRentedMovies initiated
2022-07-30 14:46:24.5673 INFO GeUserstRentedMovies initiated
2022-07-30 14:46:24.6254 INFO GeUserstRentedMovies initiated
2022-07-30 14:46:24.6254 INFO GeUserstRentedMovies initiated
2022-07-30 14:46:26.9129 INFO GeUserstRentedMovies initiated
2022-07-30 14:46:27.0364 INFO GeUserstRentedMovies initiated
2022-07-30 14:46:27.0364 INFO GeUserstRentedMovies initiated
2022-07-30 14:46:43.6401 INFO GeUserstRentedMovies initiated
2022-07-30 14:46:43.6947 INFO GeUserstRentedMovies initiated
2022-07-30 14:46:43.6947 INFO GeUserstRentedMovies initiated
2022-07-30 14:47:00.0269 INFO GeUserstRentedMovies initiated
2022-07-30 14:47:00.0917 INFO GeUserstRentedMovies initiated
2022-07-30 14:47:00.0917 INFO GeUserstRentedMovies initiated
2022-07-30 14:47:01.3175 INFO GeUserstRentedMovies initiated
2022-07-30 14:47:01.3498 INFO GeUserstRentedMovies initiated
2022-07-30 14:47:01.3498 INFO GeUserstRentedMovies initiated
2022-07-30 14:50:57.4164 INFO GeUserstRentedMovies initiated
2022-07-30 14:50:57.4615 INFO GeUserstRentedMovies initiated
2022-07-30 14:50:57.4698 INFO GeUserstRentedMovies initiated
2022-07-30 14:51:00.5406 INFO GeUserstRentedMovies initiated
2022-07-30 14:51:00.6073 INFO GeUserstRentedMovies initiated
2022-07-30 14:51:00.6073 INFO GeUserstRentedMovies initiated
2022-07-30 14:51:02.9786 INFO GeUserstRentedMovies initiated
2022-07-30 14:51:03.0529 INFO GeUserstRentedMovies initiated
2022-07-30 14:51:03.0529 INFO GeUserstRentedMovies initiated
2022-07-30 14:51:04.7284 INFO GeUserstRentedMovies initiated
2022-07-30 14:51:04.7548 INFO GeUserstRentedMovies initiated
2022-07-30 14:51:04.7548 INFO GeUserstRentedMovies initiated
2022-07-30 14:56:57.6210 WARN Role (null) validation failed: DuplicateRoleName;DuplicateRoleName.
2022-07-30 14:56:57.6503 WARN Role (null) validation failed: DuplicateRoleName;DuplicateRoleName.
2022-07-30 14:56:57.6564 WARN Role (null) validation failed: DuplicateRoleName;DuplicateRoleName.
2022-07-30 15:00:40.2434 INFO GeUserstRentedMovies initiated
2022-07-30 15:00:40.2434 INFO GeUserstRentedMovies initiated
2022-07-30 15:00:40.3753 INFO GeUserstRentedMovies initiated
2022-07-30 15:00:46.1340 INFO GeUserstRentedMovies initiated
2022-07-30 15:00:46.2064 INFO GeUserstRentedMovies initiated
2022-07-30 15:00:46.2064 INFO GeUserstRentedMovies initiated
2022-07-30 15:00:49.2639 INFO GeUserstRentedMovies initiated
2022-07-30 15:00:49.3195 INFO GeUserstRentedMovies initiated
2022-07-30 15:00:49.3195 INFO GeUserstRentedMovies initiated
2022-07-30 15:00:54.0906 INFO GeUserstRentedMovies initiated
2022-07-30 15:00:54.1539 INFO GeUserstRentedMovies initiated
2022-07-30 15:00:54.1539 INFO GeUserstRentedMovies initiated
2022-07-30 15:00:55.7620 INFO GeUserstRentedMovies initiated
2022-07-30 15:00:55.8225 INFO GeUserstRentedMovies initiated
2022-07-30 15:00:55.8225 INFO GeUserstRentedMovies initiated
2022-07-30 15:01:17.5206 INFO GeUserstRentedMovies initiated
2022-07-30 15:01:17.5833 INFO GeUserstRentedMovies initiated
2022-07-30 15:01:17.5921 INFO GeUserstRentedMovies initiated
2022-07-30 15:01:44.8759 INFO GeUserstRentedMovies initiated
2022-07-30 15:01:44.9318 INFO GeUserstRentedMovies initiated
2022-07-30 15:01:44.9730 INFO GeUserstRentedMovies initiated
2022-07-30 15:01:46.8905 INFO GeUserstRentedMovies initiated
2022-07-30 15:01:46.9457 INFO GeUserstRentedMovies initiated
2022-07-30 15:01:46.9457 INFO GeUserstRentedMovies initiated
2022-07-30 15:01:48.2739 INFO GeUserstRentedMovies initiated
2022-07-30 15:01:48.3040 INFO GeUserstRentedMovies initiated
2022-07-30 15:01:48.3040 INFO GeUserstRentedMovies initiated
2022-07-30 15:01:51.9328 INFO GeUserstRentedMovies initiated
2022-07-30 15:01:51.9718 INFO GeUserstRentedMovies initiated
2022-07-30 15:01:51.9718 INFO GeUserstRentedMovies initiated
2022-07-30 15:02:05.7760 INFO GeUserstRentedMovies initiated
2022-07-30 15:02:05.8266 INFO GeUserstRentedMovies initiated
2022-07-30 15:02:05.8266 INFO GeUserstRentedMovies initiated
2022-07-30 15:06:48.1572 INFO GeUserstRentedMovies initiated
2022-07-30 15:06:48.1868 INFO GeUserstRentedMovies initiated
2022-07-30 15:06:48.2233 INFO GeUserstRentedMovies initiated
2022-07-30 15:11:01.0290 INFO GeUserstRentedMovies initiated
2022-07-30 15:11:01.0779 INFO GeUserstRentedMovies initiated
2022-07-30 15:11:01.0779 INFO GeUserstRentedMovies initiated
2022-07-30 15:11:20.4384 INFO GeUserstRentedMovies initiated
2022-07-30 15:11:20.5128 INFO GeUserstRentedMovies initiated
2022-07-30 15:11:20.5128 INFO GeUserstRentedMovies initiated
2022-07-30 15:11:26.6483 INFO GeUserstRentedMovies initiated
2022-07-30 15:11:26.6791 INFO GeUserstRentedMovies initiated
2022-07-30 15:11:26.6791 INFO GeUserstRentedMovies initiated
2022-07-30 15:11:28.8843 INFO UnRentMovie initiated
2022-07-30 15:11:35.3529 INFO GeUserstRentedMovies initiated
2022-07-30 15:11:35.3829 INFO GeUserstRentedMovies initiated
2022-07-30 15:11:35.3864 INFO GeUserstRentedMovies initiated
2022-07-30 15:11:39.6304 INFO UnRentMovie initiated
2022-07-30 15:11:44.6162 INFO GeUserstRentedMovies initiated
2022-07-30 15:11:44.6722 INFO GeUserstRentedMovies initiated
2022-07-30 15:11:44.6722 INFO GeUserstRentedMovies initiated
2022-07-30 15:11:47.1070 INFO UnRentMovie initiated
2022-07-30 15:11:50.8990 INFO GeUserstRentedMovies initiated
2022-07-30 15:11:50.9415 INFO GeUserstRentedMovies initiated
2022-07-30 15:11:50.9415 INFO GeUserstRentedMovies initiated
2022-07-30 15:12:21.0148 INFO GeUserstRentedMovies initiated
2022-07-30 15:12:21.0654 INFO GeUserstRentedMovies initiated
2022-07-30 15:12:21.0654 INFO GeUserstRentedMovies initiated
2022-07-30 15:12:24.3577 INFO UnRentMovie initiated
2022-07-30 15:12:42.4818 INFO GeUserstRentedMovies initiated
2022-07-30 15:12:42.5320 INFO GeUserstRentedMovies initiated
2022-07-30 15:12:42.5320 INFO GeUserstRentedMovies initiated
2022-07-30 15:12:44.5383 INFO UnRentMovie initiated
2022-07-30 15:13:34.5924 INFO GeUserstRentedMovies initiated
2022-07-30 15:13:34.6577 INFO GeUserstRentedMovies initiated
2022-07-30 15:13:34.6577 INFO GeUserstRentedMovies initiated
2022-07-30 15:13:36.4172 INFO UnRentMovie initiated
2022-07-30 15:17:38.0014 INFO GeUserstRentedMovies initiated
2022-07-30 15:17:38.0510 INFO GeUserstRentedMovies initiated
2022-07-30 15:17:38.0510 INFO GeUserstRentedMovies initiated
2022-07-30 15:18:05.1134 INFO GeUserstRentedMovies initiated
2022-07-30 15:18:05.1660 INFO GeUserstRentedMovies initiated
2022-07-30 15:18:05.1684 INFO GeUserstRentedMovies initiated
2022-07-30 15:18:07.0705 INFO UnRentMovie initiated
2022-07-30 15:18:34.6390 INFO GeUserstRentedMovies initiated
2022-07-30 15:18:34.7092 INFO GeUserstRentedMovies initiated
2022-07-30 15:18:34.7148 INFO GeUserstRentedMovies initiated
2022-07-30 15:18:46.5847 INFO UnRentMovie initiated
2022-07-30 15:19:16.1754 INFO GeUserstRentedMovies initiated
2022-07-30 15:19:16.2280 INFO GeUserstRentedMovies initiated
2022-07-30 15:19:16.2293 INFO GeUserstRentedMovies initiated
2022-07-30 15:19:22.1421 INFO UnRentMovie initiated
2022-07-30 15:19:30.5005 INFO GeUserstRentedMovies initiated
2022-07-30 15:19:30.5512 INFO GeUserstRentedMovies initiated
2022-07-30 15:19:30.5512 INFO GeUserstRentedMovies initiated
2022-07-30 15:19:32.1630 INFO UnRentMovie initiated
2022-07-30 15:19:51.9613 INFO GeUserstRentedMovies initiated
2022-07-30 15:19:52.0182 INFO GeUserstRentedMovies initiated
2022-07-30 15:19:52.0182 INFO GeUserstRentedMovies initiated
2022-07-30 15:20:01.3249 INFO GeUserstRentedMovies initiated
2022-07-30 15:20:01.3746 INFO GeUserstRentedMovies initiated
2022-07-30 15:20:01.3746 INFO GeUserstRentedMovies initiated
2022-07-30 15:20:01.8615 INFO UnRentMovie initiated
