2022-08-02 12:30:05.5375 WARN Role (null) validation failed: DuplicateRoleName;DuplicateRoleName.
2022-08-02 12:30:05.5778 WARN Role (null) validation failed: DuplicateRoleName;DuplicateRoleName.
2022-08-02 12:30:05.5778 WARN Role (null) validation failed: DuplicateRoleName;DuplicateRoleName.
2022-08-02 12:35:15.9302 INFO GeUserstRentedMovies initiated
2022-08-02 12:35:17.0924 INFO GetUnRentedMovies initiated
2022-08-02 12:35:21.8308 INFO GeUserstRentedMovies initiated
2022-08-02 12:35:21.8308 INFO GeUserstRentedMovies initiated
2022-08-02 12:35:21.8308 INFO GeUserstRentedMovies initiated
2022-08-02 14:23:17.0729 INFO GeUserstRentedMovies initiated
2022-08-02 14:23:17.0874 INFO GeUserstRentedMovies initiated
2022-08-02 14:23:17.0874 INFO GeUserstRentedMovies initiated
2022-08-02 14:23:17.1628 INFO GeUserstRentedMovies initiated
2022-08-02 14:23:23.0343 INFO GeUserstRentedMovies initiated
2022-08-02 14:23:23.0779 INFO GeUserstRentedMovies initiated
2022-08-02 14:23:23.0779 INFO GeUserstRentedMovies initiated
2022-08-02 14:23:23.0779 INFO GeUserstRentedMovies initiated
2022-08-02 14:23:24.4724 INFO GeUserstRentedMovies initiated
2022-08-02 14:23:24.5110 INFO GeUserstRentedMovies initiated
2022-08-02 14:23:24.5110 INFO GeUserstRentedMovies initiated
2022-08-02 14:23:24.5110 INFO GeUserstRentedMovies initiated
2022-08-02 14:24:14.2865 INFO GeUserstRentedMovies initiated
2022-08-02 14:24:14.3583 INFO GeUserstRentedMovies initiated
2022-08-02 14:24:14.3583 INFO GeUserstRentedMovies initiated
2022-08-02 14:24:14.3583 INFO GeUserstRentedMovies initiated
2022-08-02 14:24:16.1957 INFO GeUserstRentedMovies initiated
2022-08-02 14:24:16.2289 INFO GeUserstRentedMovies initiated
2022-08-02 14:24:16.2289 INFO GeUserstRentedMovies initiated
2022-08-02 14:24:16.2289 INFO GeUserstRentedMovies initiated
2022-08-02 14:24:41.5961 INFO GeUserstRentedMovies initiated
2022-08-02 14:24:45.2586 INFO GetUnRentedMovies initiated
2022-08-02 14:24:49.6337 INFO GeUserstRentedMovies initiated
2022-08-02 14:24:49.6748 INFO GetUnRentedMovies initiated
2022-08-02 14:24:50.4053 INFO GeUserstRentedMovies initiated
2022-08-02 14:24:50.4372 INFO GetUnRentedMovies initiated
2022-08-02 14:24:50.9519 INFO GeUserstRentedMovies initiated
2022-08-02 14:24:50.9800 INFO GetUnRentedMovies initiated
2022-08-02 14:25:02.1071 WARN Role (null) validation failed: DuplicateRoleName;DuplicateRoleName.
2022-08-02 14:25:02.1375 WARN Role (null) validation failed: DuplicateRoleName;DuplicateRoleName.
2022-08-02 14:25:02.1407 WARN Role (null) validation failed: DuplicateRoleName;DuplicateRoleName.
2022-08-02 14:25:09.1994 INFO GetUnRentedMovies initiated
2022-08-02 14:25:09.2135 INFO GeUserstRentedMovies initiated
2022-08-02 14:29:43.1800 INFO GeUserstRentedMovies initiated
2022-08-02 14:29:43.2544 INFO GetUnRentedMovies initiated
2022-08-02 14:29:54.4082 INFO GeUserstRentedMovies initiated
2022-08-02 14:29:54.4082 INFO GeUserstRentedMovies initiated
2022-08-02 14:29:54.4082 INFO GeUserstRentedMovies initiated
2022-08-02 14:30:02.5110 INFO GeUserstRentedMovies initiated
2022-08-02 14:30:05.8641 INFO GeUserstRentedMovies initiated
2022-08-02 14:30:05.8641 INFO GeUserstRentedMovies initiated
2022-08-02 14:30:05.8641 INFO GeUserstRentedMovies initiated
2022-08-02 14:31:34.7808 INFO GeUserstRentedMovies initiated
2022-08-02 14:31:36.3354 INFO GeUserstRentedMovies initiated
2022-08-02 14:31:36.3414 INFO GeUserstRentedMovies initiated
2022-08-02 14:31:36.3414 INFO GeUserstRentedMovies initiated
2022-08-02 14:32:40.1749 INFO GeUserstRentedMovies initiated
2022-08-02 14:32:40.2623 INFO GeUserstRentedMovies initiated
2022-08-02 14:32:40.2741 INFO GeUserstRentedMovies initiated
2022-08-02 14:32:40.2741 INFO GeUserstRentedMovies initiated
2022-08-02 14:33:52.5657 INFO GeUserstRentedMovies initiated
2022-08-02 14:34:12.1749 INFO GeUserstRentedMovies initiated
2022-08-02 14:34:14.5950 INFO GeUserstRentedMovies initiated
2022-08-02 14:34:14.5950 INFO GeUserstRentedMovies initiated
2022-08-02 14:34:14.5950 INFO GeUserstRentedMovies initiated
2022-08-02 14:44:33.8202 INFO GeUserstRentedMovies initiated
2022-08-02 14:47:18.1161 INFO GeUserstRentedMovies initiated
2022-08-02 14:47:30.3500 INFO GeUserstRentedMovies initiated
2022-08-02 14:47:32.7751 INFO GeUserstRentedMovies initiated
2022-08-02 14:47:37.9869 INFO GeUserstRentedMovies initiated
2022-08-02 14:47:47.8354 INFO GeUserstRentedMovies initiated
2022-08-02 14:47:56.5655 INFO GeUserstRentedMovies initiated
2022-08-02 14:48:00.4392 INFO GeUserstRentedMovies initiated
2022-08-02 14:48:02.5859 INFO GeUserstRentedMovies initiated
2022-08-02 14:48:08.8332 INFO GeUserstRentedMovies initiated
2022-08-02 14:48:16.9839 INFO GeUserstRentedMovies initiated
2022-08-02 14:48:30.0797 INFO GeUserstRentedMovies initiated
2022-08-02 14:48:33.9661 INFO GeUserstRentedMovies initiated
2022-08-02 14:48:46.3174 INFO GeUserstRentedMovies initiated
2022-08-02 14:48:53.9373 INFO GeUserstRentedMovies initiated
2022-08-02 14:48:53.9373 INFO GeUserstRentedMovies initiated
2022-08-02 14:48:53.9373 INFO GeUserstRentedMovies initiated
2022-08-02 15:06:02.1053 INFO GeUserstRentedMovies initiated
2022-08-02 15:06:02.1053 INFO GeUserstRentedMovies initiated
2022-08-02 15:06:02.1086 INFO GeUserstRentedMovies initiated
2022-08-02 15:17:41.7766 INFO GeUserstRentedMovies initiated
2022-08-02 15:17:41.8338 INFO GeUserstRentedMovies initiated
2022-08-02 15:17:41.8338 INFO GeUserstRentedMovies initiated
2022-08-02 15:17:41.8468 INFO GeUserstRentedMovies initiated
2022-08-02 15:18:02.9197 INFO GeUserstRentedMovies initiated
2022-08-02 15:18:02.9701 INFO GeUserstRentedMovies initiated
2022-08-02 15:18:02.9701 INFO GeUserstRentedMovies initiated
2022-08-02 15:18:02.9701 INFO GeUserstRentedMovies initiated
2022-08-02 15:18:05.7817 INFO GeUserstRentedMovies initiated
2022-08-02 15:18:05.8214 INFO GeUserstRentedMovies initiated
2022-08-02 15:18:05.8214 INFO GeUserstRentedMovies initiated
2022-08-02 15:18:05.8214 INFO GeUserstRentedMovies initiated
2022-08-02 15:18:06.4265 INFO GeUserstRentedMovies initiated
2022-08-02 15:18:06.4659 INFO GeUserstRentedMovies initiated
2022-08-02 15:18:06.4659 INFO GeUserstRentedMovies initiated
2022-08-02 15:18:06.4659 INFO GeUserstRentedMovies initiated
2022-08-02 15:18:07.0590 INFO GeUserstRentedMovies initiated
2022-08-02 15:18:07.0984 INFO GeUserstRentedMovies initiated
2022-08-02 15:18:07.0984 INFO GeUserstRentedMovies initiated
2022-08-02 15:18:07.0984 INFO GeUserstRentedMovies initiated
2022-08-02 15:18:07.7240 INFO GeUserstRentedMovies initiated
2022-08-02 15:18:07.7717 INFO GeUserstRentedMovies initiated
2022-08-02 15:18:07.7717 INFO GeUserstRentedMovies initiated
2022-08-02 15:18:07.7717 INFO GeUserstRentedMovies initiated
2022-08-02 15:58:56.1973 INFO GeUserstRentedMovies initiated
2022-08-02 15:59:11.5976 INFO GeUserstRentedMovies initiated
2022-08-02 15:59:15.4144 INFO GeUserstRentedMovies initiated
2022-08-02 15:59:21.5628 INFO GeUserstRentedMovies initiated
2022-08-02 15:59:23.6255 INFO GeUserstRentedMovies initiated
2022-08-02 15:59:25.9369 INFO GeUserstRentedMovies initiated
2022-08-02 15:59:30.1994 INFO GeUserstRentedMovies initiated
2022-08-02 15:59:39.9721 INFO GeUserstRentedMovies initiated
2022-08-02 15:59:47.8957 INFO GeUserstRentedMovies initiated
2022-08-02 16:00:07.5832 INFO GeUserstRentedMovies initiated
2022-08-02 16:00:13.1870 INFO GeUserstRentedMovies initiated
2022-08-02 16:00:18.3050 INFO GeUserstRentedMovies initiated
2022-08-02 16:00:21.7515 INFO GeUserstRentedMovies initiated
2022-08-02 16:03:10.1772 INFO GeUserstRentedMovies initiated
2022-08-02 16:05:46.4519 INFO GeUserstRentedMovies initiated
2022-08-02 16:06:02.3278 INFO GeUserstRentedMovies initiated
2022-08-02 16:06:03.6768 INFO GeUserstRentedMovies initiated
2022-08-02 16:06:03.6768 INFO GeUserstRentedMovies initiated
2022-08-02 16:06:03.6768 INFO GeUserstRentedMovies initiated
2022-08-02 16:06:20.1330 INFO GeUserstRentedMovies initiated
2022-08-02 16:06:37.9567 INFO GeUserstRentedMovies initiated
2022-08-02 16:06:43.9859 INFO GeUserstRentedMovies initiated
2022-08-02 16:07:18.9052 INFO GeUserstRentedMovies initiated
2022-08-02 16:07:29.8600 INFO GeUserstRentedMovies initiated
2022-08-02 16:09:48.7016 INFO GeUserstRentedMovies initiated
2022-08-02 16:09:49.7411 INFO GeUserstRentedMovies initiated
2022-08-02 16:10:51.8289 INFO GeUserstRentedMovies initiated
2022-08-02 16:10:54.4033 INFO GeUserstRentedMovies initiated
2022-08-02 16:10:57.7547 INFO GeUserstRentedMovies initiated
2022-08-02 16:12:39.4075 INFO GeUserstRentedMovies initiated
2022-08-02 16:12:40.6350 INFO GeUserstRentedMovies initiated
2022-08-02 16:12:48.6416 INFO GeUserstRentedMovies initiated
2022-08-02 16:12:51.5888 INFO GeUserstRentedMovies initiated
2022-08-02 16:13:01.8268 INFO GeUserstRentedMovies initiated
2022-08-02 16:13:05.5822 INFO GeUserstRentedMovies initiated
2022-08-02 17:01:41.7188 WARN Role (null) validation failed: DuplicateRoleName;DuplicateRoleName.
2022-08-02 17:01:41.7610 WARN Role (null) validation failed: DuplicateRoleName;DuplicateRoleName.
2022-08-02 17:01:41.7636 WARN Role (null) validation failed: DuplicateRoleName;DuplicateRoleName.
2022-08-02 17:01:51.9366 INFO GeUserstRentedMovies initiated
2022-08-02 17:02:37.8321 INFO GeUserstRentedMovies initiated
2022-08-02 17:02:55.0813 INFO GeUserstRentedMovies initiated
2022-08-02 17:02:56.0346 INFO GetUnRentedMovies initiated
2022-08-02 17:03:04.1542 INFO RentMovie initiated
2022-08-02 17:03:04.1546 INFO RentMovie initiated
2022-08-02 17:03:04.1546 INFO RentMovie initiated
2022-08-02 17:03:06.1917 INFO GeUserstRentedMovies initiated
2022-08-02 17:03:06.1917 INFO GeUserstRentedMovies initiated
2022-08-02 17:03:06.2038 INFO GeUserstRentedMovies initiated
2022-08-02 17:03:08.1405 INFO GeUserstRentedMovies initiated
2022-08-02 17:03:08.2075 INFO GeUserstRentedMovies initiated
2022-08-02 17:03:08.2075 INFO GeUserstRentedMovies initiated
2022-08-02 17:03:08.2075 INFO GeUserstRentedMovies initiated
2022-08-02 17:03:22.9812 INFO GetUnRentedMovies initiated
2022-08-02 17:11:33.8129 WARN Role (null) validation failed: DuplicateRoleName;DuplicateRoleName.
2022-08-02 17:11:33.8464 WARN Role (null) validation failed: DuplicateRoleName;DuplicateRoleName.
2022-08-02 17:11:33.8464 WARN Role (null) validation failed: DuplicateRoleName;DuplicateRoleName.
2022-08-02 17:11:36.8254 INFO GeUserstRentedMovies initiated
2022-08-02 17:12:34.0327 WARN Role (null) validation failed: DuplicateRoleName;DuplicateRoleName.
2022-08-02 17:12:34.1290 WARN Role (null) validation failed: DuplicateRoleName;DuplicateRoleName.
2022-08-02 17:12:34.1290 WARN Role (null) validation failed: DuplicateRoleName;DuplicateRoleName.
2022-08-02 17:12:52.9582 INFO GetUnRentedMovies initiated
2022-08-02 17:12:52.9704 INFO GeUserstRentedMovies initiated
2022-08-02 17:16:31.1099 INFO GeUserstRentedMovies initiated
2022-08-02 17:16:42.4877 INFO GeUserstRentedMovies initiated
2022-08-02 17:16:49.1593 INFO GeUserstRentedMovies initiated
2022-08-02 17:16:50.8080 INFO GetUnRentedMovies initiated
2022-08-02 17:18:34.1880 WARN Role (null) validation failed: DuplicateRoleName;DuplicateRoleName.
2022-08-02 17:18:34.2180 WARN Role (null) validation failed: DuplicateRoleName;DuplicateRoleName.
2022-08-02 17:18:34.2180 WARN Role (null) validation failed: DuplicateRoleName;DuplicateRoleName.
2022-08-02 17:23:33.0415 WARN Role (null) validation failed: DuplicateRoleName;DuplicateRoleName.
2022-08-02 17:23:33.0675 WARN Role (null) validation failed: DuplicateRoleName;DuplicateRoleName.
2022-08-02 17:23:33.0675 WARN Role (null) validation failed: DuplicateRoleName;DuplicateRoleName.
2022-08-02 17:23:36.5165 INFO GeUserstRentedMovies initiated
2022-08-02 17:37:38.2087 INFO GetMoviesList initiated
2022-08-02 17:37:48.5456 INFO GeUserstRentedMovies initiated
2022-08-02 17:38:20.3817 INFO GeUserstRentedMovies initiated
2022-08-02 17:42:04.5259 INFO GeUserstRentedMovies initiated
2022-08-02 17:42:10.2503 INFO GeUserstRentedMovies initiated
2022-08-02 17:42:25.0814 INFO GeUserstRentedMovies initiated
2022-08-02 17:42:25.1566 INFO GetUnRentedMovies initiated
2022-08-02 17:43:10.5898 INFO GeUserstRentedMovies initiated
2022-08-02 17:43:10.5924 INFO GeUserstRentedMovies initiated
2022-08-02 17:43:10.5924 INFO GeUserstRentedMovies initiated
2022-08-02 17:43:10.7577 INFO GetUnRentedMovies initiated
2022-08-02 17:43:14.0537 INFO RentMovie initiated
2022-08-02 17:43:14.0537 INFO RentMovie initiated
2022-08-02 17:43:15.9225 INFO GeUserstRentedMovies initiated
2022-08-02 17:43:15.9225 INFO GeUserstRentedMovies initiated
2022-08-02 17:43:15.9225 INFO GeUserstRentedMovies initiated
