2022-08-01 10:11:30.8810 WARN Role (null) validation failed: DuplicateRoleName;DuplicateRoleName.
2022-08-01 10:11:30.9381 WARN Role (null) validation failed: DuplicateRoleName;DuplicateRoleName.
2022-08-01 10:11:30.9381 WARN Role (null) validation failed: DuplicateRoleName;DuplicateRoleName.
2022-08-01 10:11:31.8077 INFO GeUserstRentedMovies initiated
2022-08-01 10:12:25.0092 INFO GeUserstRentedMovies initiated
2022-08-01 10:12:25.0219 INFO GeUserstRentedMovies initiated
2022-08-01 10:12:58.8337 INFO GeUserstRentedMovies initiated
2022-08-01 10:13:00.1901 INFO GeUserstRentedMovies initiated
2022-08-01 10:13:00.1978 INFO GeUserstRentedMovies initiated
2022-08-01 10:18:50.7790 INFO GeUserstRentedMovies initiated
2022-08-01 10:18:50.8350 INFO GeUserstRentedMovies initiated
2022-08-01 10:18:50.9071 INFO GeUserstRentedMovies initiated
2022-08-01 10:19:16.3584 INFO GeUserstRentedMovies initiated
2022-08-01 10:19:16.3811 INFO GeUserstRentedMovies initiated
2022-08-01 10:19:16.3873 INFO GeUserstRentedMovies initiated
2022-08-01 10:19:31.8729 INFO GeUserstRentedMovies initiated
2022-08-01 10:19:31.9772 INFO GeUserstRentedMovies initiated
2022-08-01 10:19:31.9825 INFO GeUserstRentedMovies initiated
2022-08-01 10:20:08.0868 INFO GeUserstRentedMovies initiated
2022-08-01 10:20:08.1380 INFO GeUserstRentedMovies initiated
2022-08-01 10:20:08.1380 INFO GeUserstRentedMovies initiated
2022-08-01 10:20:11.9363 INFO GeUserstRentedMovies initiated
2022-08-01 10:20:11.9959 INFO GeUserstRentedMovies initiated
2022-08-01 10:20:11.9959 INFO GeUserstRentedMovies initiated
2022-08-01 10:20:15.5816 INFO GeUserstRentedMovies initiated
2022-08-01 10:20:15.6566 INFO GeUserstRentedMovies initiated
2022-08-01 10:20:15.6566 INFO GeUserstRentedMovies initiated
2022-08-01 10:21:28.9312 INFO GetUnRentedMovies initiated
2022-08-01 10:21:32.2651 INFO RentMovie initiated
2022-08-01 10:21:32.2651 INFO RentMovie initiated
2022-08-01 10:21:33.8861 INFO GetUnRentedMovies initiated
2022-08-01 10:21:34.8757 INFO GeUserstRentedMovies initiated
2022-08-01 10:21:34.8757 INFO GeUserstRentedMovies initiated
2022-08-01 10:22:56.4236 INFO GeUserstRentedMovies initiated
2022-08-01 10:22:56.4974 INFO GeUserstRentedMovies initiated
2022-08-01 10:22:56.5337 INFO GeUserstRentedMovies initiated
2022-08-01 10:27:48.9533 INFO GeUserstRentedMovies initiated
2022-08-01 10:27:49.0174 INFO GeUserstRentedMovies initiated
2022-08-01 10:27:49.0174 INFO GeUserstRentedMovies initiated
2022-08-01 10:29:32.7653 INFO GeUserstRentedMovies initiated
2022-08-01 10:29:32.8213 INFO GeUserstRentedMovies initiated
2022-08-01 10:29:32.8299 INFO GeUserstRentedMovies initiated
2022-08-01 10:30:54.8929 INFO GeUserstRentedMovies initiated
2022-08-01 10:30:55.0046 INFO GeUserstRentedMovies initiated
2022-08-01 10:30:55.0103 INFO GeUserstRentedMovies initiated
2022-08-01 10:30:57.6135 INFO GeUserstRentedMovies initiated
2022-08-01 10:30:57.6542 INFO GeUserstRentedMovies initiated
2022-08-01 10:30:57.6542 INFO GeUserstRentedMovies initiated
2022-08-01 10:30:58.5171 INFO GeUserstRentedMovies initiated
2022-08-01 10:30:58.5839 INFO GeUserstRentedMovies initiated
2022-08-01 10:30:58.5843 INFO GeUserstRentedMovies initiated
2022-08-01 11:13:54.8552 INFO GeUserstRentedMovies initiated
2022-08-01 11:13:54.9202 INFO GeUserstRentedMovies initiated
2022-08-01 11:13:54.9202 INFO GeUserstRentedMovies initiated
2022-08-01 11:14:37.8176 INFO GeUserstRentedMovies initiated
2022-08-01 11:14:37.8614 INFO GeUserstRentedMovies initiated
2022-08-01 11:14:37.8748 INFO GeUserstRentedMovies initiated
2022-08-01 11:14:57.3433 INFO GeUserstRentedMovies initiated
2022-08-01 11:14:57.3914 INFO GeUserstRentedMovies initiated
2022-08-01 11:14:57.3914 INFO GeUserstRentedMovies initiated
2022-08-01 11:14:57.3914 INFO GeUserstRentedMovies initiated
2022-08-01 11:15:23.8462 INFO GeUserstRentedMovies initiated
2022-08-01 11:15:23.9026 INFO GeUserstRentedMovies initiated
2022-08-01 11:15:23.9306 INFO GeUserstRentedMovies initiated
2022-08-01 11:15:23.9306 INFO GeUserstRentedMovies initiated
2022-08-01 11:15:25.4114 INFO GeUserstRentedMovies initiated
2022-08-01 11:15:25.4707 INFO GeUserstRentedMovies initiated
2022-08-01 11:15:25.4707 INFO GeUserstRentedMovies initiated
2022-08-01 11:15:25.4707 INFO GeUserstRentedMovies initiated
2022-08-01 11:15:27.6158 INFO GeUserstRentedMovies initiated
2022-08-01 11:15:27.6395 INFO GeUserstRentedMovies initiated
2022-08-01 11:15:27.6395 INFO GeUserstRentedMovies initiated
2022-08-01 11:15:27.6513 INFO GeUserstRentedMovies initiated
2022-08-01 11:15:36.2108 INFO GeUserstRentedMovies initiated
2022-08-01 11:15:36.2687 INFO GeUserstRentedMovies initiated
2022-08-01 11:15:36.2687 INFO GeUserstRentedMovies initiated
2022-08-01 11:15:36.2687 INFO GeUserstRentedMovies initiated
2022-08-01 11:15:38.7933 INFO GeUserstRentedMovies initiated
2022-08-01 11:15:38.8535 INFO GeUserstRentedMovies initiated
2022-08-01 11:15:38.8535 INFO GeUserstRentedMovies initiated
2022-08-01 11:15:38.8535 INFO GeUserstRentedMovies initiated
2022-08-01 11:15:52.4614 INFO GeUserstRentedMovies initiated
2022-08-01 11:15:52.5095 INFO GeUserstRentedMovies initiated
2022-08-01 11:15:52.5095 INFO GeUserstRentedMovies initiated
2022-08-01 11:15:52.5095 INFO GeUserstRentedMovies initiated
2022-08-01 11:16:00.6858 INFO GeUserstRentedMovies initiated
2022-08-01 11:16:00.7422 INFO GeUserstRentedMovies initiated
2022-08-01 11:16:00.7422 INFO GeUserstRentedMovies initiated
2022-08-01 11:16:00.7422 INFO GeUserstRentedMovies initiated
2022-08-01 11:16:03.2064 INFO GeUserstRentedMovies initiated
2022-08-01 11:16:03.2469 INFO GeUserstRentedMovies initiated
2022-08-01 11:16:03.2469 INFO GeUserstRentedMovies initiated
2022-08-01 11:16:03.2538 INFO GeUserstRentedMovies initiated
2022-08-01 11:16:07.9677 INFO GeUserstRentedMovies initiated
2022-08-01 11:16:08.0040 INFO GeUserstRentedMovies initiated
2022-08-01 11:16:08.0040 INFO GeUserstRentedMovies initiated
2022-08-01 11:16:08.0040 INFO GeUserstRentedMovies initiated
2022-08-01 11:16:23.5818 INFO GeUserstRentedMovies initiated
2022-08-01 11:16:23.6405 INFO GeUserstRentedMovies initiated
2022-08-01 11:16:23.6476 INFO GeUserstRentedMovies initiated
2022-08-01 11:16:23.6476 INFO GeUserstRentedMovies initiated
2022-08-01 11:16:29.7142 INFO GeUserstRentedMovies initiated
2022-08-01 11:16:29.7402 INFO GeUserstRentedMovies initiated
2022-08-01 11:16:29.7402 INFO GeUserstRentedMovies initiated
2022-08-01 11:16:29.7402 INFO GeUserstRentedMovies initiated
2022-08-01 11:19:35.9417 INFO GeUserstRentedMovies initiated
2022-08-01 11:19:36.0472 INFO GeUserstRentedMovies initiated
2022-08-01 11:19:36.0501 INFO GeUserstRentedMovies initiated
2022-08-01 11:19:36.6329 INFO GeUserstRentedMovies initiated
2022-08-01 11:20:08.4314 INFO GeUserstRentedMovies initiated
2022-08-01 11:20:08.4894 INFO GeUserstRentedMovies initiated
2022-08-01 11:20:08.5205 INFO GeUserstRentedMovies initiated
2022-08-01 11:20:08.5210 INFO GeUserstRentedMovies initiated
2022-08-01 11:20:52.8613 INFO GeUserstRentedMovies initiated
2022-08-01 11:20:52.9686 INFO GeUserstRentedMovies initiated
2022-08-01 11:20:52.9796 INFO GeUserstRentedMovies initiated
2022-08-01 11:20:53.0190 INFO GeUserstRentedMovies initiated
2022-08-01 11:21:04.2586 INFO GeUserstRentedMovies initiated
2022-08-01 11:21:04.3081 INFO GeUserstRentedMovies initiated
2022-08-01 11:21:04.3081 INFO GeUserstRentedMovies initiated
2022-08-01 11:21:04.3081 INFO GeUserstRentedMovies initiated
2022-08-01 11:21:46.2548 INFO GeUserstRentedMovies initiated
2022-08-01 11:21:46.3228 INFO GeUserstRentedMovies initiated
2022-08-01 11:21:46.3294 INFO GeUserstRentedMovies initiated
2022-08-01 11:21:46.3294 INFO GeUserstRentedMovies initiated
2022-08-01 11:21:49.2319 INFO GeUserstRentedMovies initiated
2022-08-01 11:21:49.3085 INFO GeUserstRentedMovies initiated
2022-08-01 11:21:49.3161 INFO GeUserstRentedMovies initiated
2022-08-01 11:21:49.3161 INFO GeUserstRentedMovies initiated
2022-08-01 11:21:50.4150 INFO GeUserstRentedMovies initiated
2022-08-01 11:21:50.4806 INFO GeUserstRentedMovies initiated
2022-08-01 11:21:50.4824 INFO GeUserstRentedMovies initiated
2022-08-01 11:21:50.4824 INFO GeUserstRentedMovies initiated
2022-08-01 11:22:00.4337 INFO GeUserstRentedMovies initiated
2022-08-01 11:22:00.4873 INFO GeUserstRentedMovies initiated
2022-08-01 11:22:00.4873 INFO GeUserstRentedMovies initiated
2022-08-01 11:22:00.4873 INFO GeUserstRentedMovies initiated
2022-08-01 11:22:02.4968 INFO GeUserstRentedMovies initiated
2022-08-01 11:22:02.6083 INFO GeUserstRentedMovies initiated
2022-08-01 11:22:02.6083 INFO GeUserstRentedMovies initiated
2022-08-01 11:22:02.6252 INFO GeUserstRentedMovies initiated
2022-08-01 11:22:11.1120 INFO GeUserstRentedMovies initiated
2022-08-01 11:22:11.1670 INFO GeUserstRentedMovies initiated
2022-08-01 11:22:11.1670 INFO GeUserstRentedMovies initiated
2022-08-01 11:22:11.1670 INFO GeUserstRentedMovies initiated
2022-08-01 11:22:12.3168 INFO GeUserstRentedMovies initiated
2022-08-01 11:22:12.4000 INFO GeUserstRentedMovies initiated
2022-08-01 11:22:12.4000 INFO GeUserstRentedMovies initiated
2022-08-01 11:22:12.4000 INFO GeUserstRentedMovies initiated
2022-08-01 11:22:21.0307 INFO GeUserstRentedMovies initiated
2022-08-01 11:22:21.0878 INFO GeUserstRentedMovies initiated
2022-08-01 11:22:21.0878 INFO GeUserstRentedMovies initiated
2022-08-01 11:22:21.0878 INFO GeUserstRentedMovies initiated
2022-08-01 11:22:22.1041 INFO GeUserstRentedMovies initiated
2022-08-01 11:22:22.1686 INFO GeUserstRentedMovies initiated
2022-08-01 11:22:22.1686 INFO GeUserstRentedMovies initiated
2022-08-01 11:22:22.1686 INFO GeUserstRentedMovies initiated
2022-08-01 11:22:24.8245 INFO GeUserstRentedMovies initiated
2022-08-01 11:22:24.8550 INFO GeUserstRentedMovies initiated
2022-08-01 11:22:24.8550 INFO GeUserstRentedMovies initiated
2022-08-01 11:22:24.8550 INFO GeUserstRentedMovies initiated
2022-08-01 11:22:31.4569 INFO GeUserstRentedMovies initiated
2022-08-01 11:22:31.5057 INFO GeUserstRentedMovies initiated
2022-08-01 11:22:31.5057 INFO GeUserstRentedMovies initiated
2022-08-01 11:22:31.5057 INFO GeUserstRentedMovies initiated
2022-08-01 11:22:33.0023 INFO UnRentMovie initiated
2022-08-01 11:22:36.4614 INFO GeUserstRentedMovies initiated
2022-08-01 11:22:36.5067 INFO GeUserstRentedMovies initiated
2022-08-01 11:22:36.5067 INFO GeUserstRentedMovies initiated
2022-08-01 11:22:36.5067 INFO GeUserstRentedMovies initiated
2022-08-01 11:22:49.2331 INFO GeUserstRentedMovies initiated
2022-08-01 11:22:49.2753 INFO GeUserstRentedMovies initiated
2022-08-01 11:22:49.2753 INFO GeUserstRentedMovies initiated
2022-08-01 11:22:49.2753 INFO GeUserstRentedMovies initiated
2022-08-01 11:23:25.3262 INFO GeUserstRentedMovies initiated
2022-08-01 11:23:25.3761 INFO GeUserstRentedMovies initiated
2022-08-01 11:23:25.3822 INFO GeUserstRentedMovies initiated
2022-08-01 11:23:25.3822 INFO GeUserstRentedMovies initiated
2022-08-01 11:23:34.1432 INFO GeUserstRentedMovies initiated
2022-08-01 11:23:35.4542 INFO GeUserstRentedMovies initiated
2022-08-01 11:23:35.4629 INFO GeUserstRentedMovies initiated
2022-08-01 11:23:35.4629 INFO GeUserstRentedMovies initiated
2022-08-01 11:23:36.8551 INFO RentMovie initiated
2022-08-01 11:23:36.9261 ERROR Exception Caught
2022-08-01 11:23:39.4142 INFO GeUserstRentedMovies initiated
2022-08-01 11:23:39.4385 INFO GeUserstRentedMovies initiated
2022-08-01 11:23:39.4385 INFO GeUserstRentedMovies initiated
2022-08-01 11:23:39.4385 INFO GeUserstRentedMovies initiated
2022-08-01 11:23:44.2723 INFO GeUserstRentedMovies initiated
2022-08-01 11:23:44.3080 INFO GeUserstRentedMovies initiated
2022-08-01 11:23:44.3080 INFO GeUserstRentedMovies initiated
2022-08-01 11:23:44.3080 INFO GeUserstRentedMovies initiated
2022-08-01 11:23:46.1779 INFO RentMovie initiated
2022-08-01 11:23:46.2108 ERROR Exception Caught
2022-08-01 11:23:47.5491 INFO GeUserstRentedMovies initiated
2022-08-01 11:23:47.5783 INFO GeUserstRentedMovies initiated
2022-08-01 11:23:47.5783 INFO GeUserstRentedMovies initiated
2022-08-01 11:23:47.5783 INFO GeUserstRentedMovies initiated
2022-08-01 11:23:49.2335 INFO GeUserstRentedMovies initiated
2022-08-01 11:23:49.2933 INFO GeUserstRentedMovies initiated
2022-08-01 11:23:49.2933 INFO GeUserstRentedMovies initiated
2022-08-01 11:23:49.2933 INFO GeUserstRentedMovies initiated
2022-08-01 11:23:50.2483 INFO GeUserstRentedMovies initiated
2022-08-01 11:23:50.2925 INFO GeUserstRentedMovies initiated
2022-08-01 11:23:50.2925 INFO GeUserstRentedMovies initiated
2022-08-01 11:23:50.2925 INFO GeUserstRentedMovies initiated
2022-08-01 11:23:50.9074 INFO GeUserstRentedMovies initiated
2022-08-01 11:23:50.9391 INFO GeUserstRentedMovies initiated
2022-08-01 11:23:50.9391 INFO GeUserstRentedMovies initiated
2022-08-01 11:23:50.9391 INFO GeUserstRentedMovies initiated
2022-08-01 11:23:51.5220 INFO GeUserstRentedMovies initiated
2022-08-01 11:23:51.5533 INFO GeUserstRentedMovies initiated
2022-08-01 11:23:51.5533 INFO GeUserstRentedMovies initiated
2022-08-01 11:23:51.5533 INFO GeUserstRentedMovies initiated
2022-08-01 11:23:52.0780 INFO GeUserstRentedMovies initiated
2022-08-01 11:23:52.1101 INFO GeUserstRentedMovies initiated
2022-08-01 11:23:52.1101 INFO GeUserstRentedMovies initiated
2022-08-01 11:23:52.1101 INFO GeUserstRentedMovies initiated
2022-08-01 11:32:10.3857 INFO GeUserstRentedMovies initiated
2022-08-01 11:32:10.4795 INFO GeUserstRentedMovies initiated
2022-08-01 11:32:10.4928 INFO GeUserstRentedMovies initiated
2022-08-01 11:32:10.4928 INFO GeUserstRentedMovies initiated
2022-08-01 11:32:15.2436 INFO GeUserstRentedMovies initiated
2022-08-01 11:32:15.2748 INFO GeUserstRentedMovies initiated
2022-08-01 11:32:15.2748 INFO GeUserstRentedMovies initiated
2022-08-01 11:32:15.2748 INFO GeUserstRentedMovies initiated
2022-08-01 11:32:17.4645 INFO RentMovie initiated
2022-08-01 11:32:17.4989 ERROR Exception Caught
2022-08-01 11:32:19.2975 INFO GeUserstRentedMovies initiated
2022-08-01 11:32:19.3265 INFO GeUserstRentedMovies initiated
2022-08-01 11:32:19.3265 INFO GeUserstRentedMovies initiated
2022-08-01 11:32:19.3265 INFO GeUserstRentedMovies initiated
2022-08-01 11:32:31.2523 INFO GeUserstRentedMovies initiated
2022-08-01 11:32:31.2982 INFO GeUserstRentedMovies initiated
2022-08-01 11:32:31.2982 INFO GeUserstRentedMovies initiated
2022-08-01 11:32:31.2982 INFO GeUserstRentedMovies initiated
2022-08-01 11:33:43.5016 INFO GeUserstRentedMovies initiated
2022-08-01 11:33:43.5578 INFO GeUserstRentedMovies initiated
2022-08-01 11:33:43.5578 INFO GeUserstRentedMovies initiated
2022-08-01 11:33:43.5578 INFO GeUserstRentedMovies initiated
2022-08-01 11:33:59.6847 INFO GeUserstRentedMovies initiated
2022-08-01 11:33:59.7571 INFO GeUserstRentedMovies initiated
2022-08-01 11:33:59.7648 INFO GeUserstRentedMovies initiated
2022-08-01 11:33:59.7648 INFO GeUserstRentedMovies initiated
2022-08-01 11:34:05.1779 INFO GeUserstRentedMovies initiated
2022-08-01 11:34:05.2347 INFO GeUserstRentedMovies initiated
2022-08-01 11:34:05.2347 INFO GeUserstRentedMovies initiated
2022-08-01 11:34:05.2347 INFO GeUserstRentedMovies initiated
2022-08-01 11:34:09.8651 INFO GeUserstRentedMovies initiated
2022-08-01 11:34:09.9349 INFO GeUserstRentedMovies initiated
2022-08-01 11:34:09.9349 INFO GeUserstRentedMovies initiated
2022-08-01 11:34:09.9349 INFO GeUserstRentedMovies initiated
2022-08-01 11:34:14.0088 INFO GeUserstRentedMovies initiated
2022-08-01 11:34:14.0929 INFO GeUserstRentedMovies initiated
2022-08-01 11:34:14.0929 INFO GeUserstRentedMovies initiated
2022-08-01 11:34:14.0929 INFO GeUserstRentedMovies initiated
2022-08-01 11:34:40.2874 INFO GeUserstRentedMovies initiated
2022-08-01 11:34:40.3486 INFO GeUserstRentedMovies initiated
2022-08-01 11:34:40.3486 INFO GeUserstRentedMovies initiated
2022-08-01 11:34:40.3486 INFO GeUserstRentedMovies initiated
2022-08-01 11:34:43.9278 INFO GeUserstRentedMovies initiated
2022-08-01 11:34:43.9608 INFO GeUserstRentedMovies initiated
2022-08-01 11:34:43.9608 INFO GeUserstRentedMovies initiated
2022-08-01 11:34:43.9608 INFO GeUserstRentedMovies initiated
2022-08-01 11:34:45.4934 INFO GeUserstRentedMovies initiated
2022-08-01 11:34:45.5266 INFO GeUserstRentedMovies initiated
2022-08-01 11:34:45.5290 INFO GeUserstRentedMovies initiated
2022-08-01 11:34:45.5290 INFO GeUserstRentedMovies initiated
2022-08-01 11:34:59.8993 INFO GeUserstRentedMovies initiated
2022-08-01 11:34:59.8993 INFO GeUserstRentedMovies initiated
2022-08-01 11:34:59.8993 INFO GeUserstRentedMovies initiated
2022-08-01 11:35:28.7768 INFO GeUserstRentedMovies initiated
2022-08-01 11:35:28.8142 INFO GeUserstRentedMovies initiated
2022-08-01 11:35:28.8142 INFO GeUserstRentedMovies initiated
2022-08-01 11:35:28.8142 INFO GeUserstRentedMovies initiated
2022-08-01 11:35:32.4542 INFO RentMovie initiated
2022-08-01 11:35:32.4919 ERROR Exception Caught
2022-08-01 11:35:34.9370 INFO GeUserstRentedMovies initiated
2022-08-01 11:35:34.9864 INFO GeUserstRentedMovies initiated
2022-08-01 11:35:34.9864 INFO GeUserstRentedMovies initiated
2022-08-01 11:35:34.9864 INFO GeUserstRentedMovies initiated
2022-08-01 11:36:25.3250 WARN Role (null) validation failed: DuplicateRoleName;DuplicateRoleName.
2022-08-01 11:36:25.3556 WARN Role (null) validation failed: DuplicateRoleName;DuplicateRoleName.
2022-08-01 11:36:25.3556 WARN Role (null) validation failed: DuplicateRoleName;DuplicateRoleName.
2022-08-01 11:36:36.6072 INFO RentMovie initiated
2022-08-01 11:36:39.6721 INFO GeUserstRentedMovies initiated
2022-08-01 11:36:39.7609 INFO GeUserstRentedMovies initiated
2022-08-01 11:36:39.7609 INFO GeUserstRentedMovies initiated
2022-08-01 11:36:39.8583 INFO GeUserstRentedMovies initiated
2022-08-01 11:37:00.4112 INFO GeUserstRentedMovies initiated
2022-08-01 11:37:00.4766 INFO GeUserstRentedMovies initiated
2022-08-01 11:37:00.4766 INFO GeUserstRentedMovies initiated
2022-08-01 11:37:00.4766 INFO GeUserstRentedMovies initiated
2022-08-01 11:37:02.9338 INFO GeUserstRentedMovies initiated
2022-08-01 11:37:02.9977 INFO GeUserstRentedMovies initiated
2022-08-01 11:37:02.9977 INFO GeUserstRentedMovies initiated
2022-08-01 11:37:02.9977 INFO GeUserstRentedMovies initiated
2022-08-01 11:37:05.1572 INFO GeUserstRentedMovies initiated
2022-08-01 11:37:05.1956 INFO GeUserstRentedMovies initiated
2022-08-01 11:37:05.1956 INFO GeUserstRentedMovies initiated
2022-08-01 11:37:05.1956 INFO GeUserstRentedMovies initiated
2022-08-01 11:37:11.2262 INFO GeUserstRentedMovies initiated
2022-08-01 11:37:11.2783 INFO GeUserstRentedMovies initiated
2022-08-01 11:37:11.2783 INFO GeUserstRentedMovies initiated
2022-08-01 11:37:11.2783 INFO GeUserstRentedMovies initiated
2022-08-01 11:37:29.2492 INFO GeUserstRentedMovies initiated
2022-08-01 11:37:29.3399 INFO GeUserstRentedMovies initiated
2022-08-01 11:37:29.3536 INFO GeUserstRentedMovies initiated
2022-08-01 11:37:29.3536 INFO GeUserstRentedMovies initiated
2022-08-01 11:37:42.4394 INFO GeUserstRentedMovies initiated
2022-08-01 11:37:42.4960 INFO GeUserstRentedMovies initiated
2022-08-01 11:37:42.4960 INFO GeUserstRentedMovies initiated
2022-08-01 11:37:42.4960 INFO GeUserstRentedMovies initiated
2022-08-01 11:38:02.3359 INFO GeUserstRentedMovies initiated
2022-08-01 11:38:02.3939 INFO GeUserstRentedMovies initiated
2022-08-01 11:38:02.3939 INFO GeUserstRentedMovies initiated
2022-08-01 11:38:02.3939 INFO GeUserstRentedMovies initiated
2022-08-01 11:38:12.6311 INFO GeUserstRentedMovies initiated
2022-08-01 11:38:12.6311 INFO GeUserstRentedMovies initiated
2022-08-01 11:38:12.6311 INFO GeUserstRentedMovies initiated
2022-08-01 11:38:24.7684 INFO GeUserstRentedMovies initiated
2022-08-01 11:38:25.5743 INFO GeUserstRentedMovies initiated
2022-08-01 11:38:25.5743 INFO GeUserstRentedMovies initiated
2022-08-01 11:38:25.5743 INFO GeUserstRentedMovies initiated
2022-08-01 11:39:09.5585 INFO GeUserstRentedMovies initiated
2022-08-01 11:39:09.5585 INFO GeUserstRentedMovies initiated
2022-08-01 11:39:09.5585 INFO GeUserstRentedMovies initiated
2022-08-01 11:39:26.3446 INFO GeUserstRentedMovies initiated
2022-08-01 11:39:26.4031 INFO GeUserstRentedMovies initiated
2022-08-01 11:39:26.4031 INFO GeUserstRentedMovies initiated
2022-08-01 11:39:26.4031 INFO GeUserstRentedMovies initiated
2022-08-01 11:39:33.5484 INFO GeUserstRentedMovies initiated
2022-08-01 11:39:33.6041 INFO GeUserstRentedMovies initiated
2022-08-01 11:39:33.6041 INFO GeUserstRentedMovies initiated
2022-08-01 11:39:33.6041 INFO GeUserstRentedMovies initiated
2022-08-01 11:39:37.6264 INFO GeUserstRentedMovies initiated
2022-08-01 11:39:37.6606 INFO GeUserstRentedMovies initiated
2022-08-01 11:39:37.6606 INFO GeUserstRentedMovies initiated
2022-08-01 11:39:37.6606 INFO GeUserstRentedMovies initiated
2022-08-01 11:39:42.0709 INFO GeUserstRentedMovies initiated
2022-08-01 11:39:42.1234 INFO GeUserstRentedMovies initiated
2022-08-01 11:39:42.1234 INFO GeUserstRentedMovies initiated
2022-08-01 11:39:42.1234 INFO GeUserstRentedMovies initiated
2022-08-01 11:39:46.8096 INFO GeUserstRentedMovies initiated
2022-08-01 11:39:46.8600 INFO GeUserstRentedMovies initiated
2022-08-01 11:39:46.8600 INFO GeUserstRentedMovies initiated
2022-08-01 11:39:46.8600 INFO GeUserstRentedMovies initiated
2022-08-01 11:39:51.0194 INFO GeUserstRentedMovies initiated
2022-08-01 11:39:51.0466 INFO GeUserstRentedMovies initiated
2022-08-01 11:39:51.0541 INFO GeUserstRentedMovies initiated
2022-08-01 11:39:51.0541 INFO GeUserstRentedMovies initiated
2022-08-01 11:39:57.7350 INFO GeUserstRentedMovies initiated
2022-08-01 11:39:58.8483 INFO GeUserstRentedMovies initiated
2022-08-01 11:39:58.8572 INFO GeUserstRentedMovies initiated
2022-08-01 11:39:58.8572 INFO GeUserstRentedMovies initiated
2022-08-01 11:40:07.3767 INFO GeUserstRentedMovies initiated
2022-08-01 11:40:08.6790 INFO GeUserstRentedMovies initiated
2022-08-01 11:40:08.6790 INFO GeUserstRentedMovies initiated
2022-08-01 11:40:08.6790 INFO GeUserstRentedMovies initiated
2022-08-01 11:40:25.6009 INFO GeUserstRentedMovies initiated
2022-08-01 11:40:25.6901 INFO GeUserstRentedMovies initiated
2022-08-01 11:40:25.6970 INFO GeUserstRentedMovies initiated
2022-08-01 11:40:25.6970 INFO GeUserstRentedMovies initiated
2022-08-01 11:40:26.7639 INFO GeUserstRentedMovies initiated
2022-08-01 11:40:26.8795 INFO GeUserstRentedMovies initiated
2022-08-01 11:40:26.8795 INFO GeUserstRentedMovies initiated
2022-08-01 11:40:26.8795 INFO GeUserstRentedMovies initiated
2022-08-01 11:40:28.7171 INFO GeUserstRentedMovies initiated
2022-08-01 11:40:28.7568 INFO GeUserstRentedMovies initiated
2022-08-01 11:40:28.7568 INFO GeUserstRentedMovies initiated
2022-08-01 11:40:28.7568 INFO GeUserstRentedMovies initiated
2022-08-01 11:40:36.4079 INFO GeUserstRentedMovies initiated
2022-08-01 11:40:36.4403 INFO GeUserstRentedMovies initiated
2022-08-01 11:40:36.4403 INFO GeUserstRentedMovies initiated
2022-08-01 11:40:36.4403 INFO GeUserstRentedMovies initiated
2022-08-01 11:41:28.6273 INFO GeUserstRentedMovies initiated
2022-08-01 11:41:28.6750 INFO GeUserstRentedMovies initiated
2022-08-01 11:41:28.6750 INFO GeUserstRentedMovies initiated
2022-08-01 11:41:28.6750 INFO GeUserstRentedMovies initiated
2022-08-01 11:41:31.0773 INFO GeUserstRentedMovies initiated
2022-08-01 11:41:31.1105 INFO GeUserstRentedMovies initiated
2022-08-01 11:41:31.1105 INFO GeUserstRentedMovies initiated
2022-08-01 11:41:31.1105 INFO GeUserstRentedMovies initiated
2022-08-01 11:41:32.2014 INFO GeUserstRentedMovies initiated
2022-08-01 11:41:32.2473 INFO GeUserstRentedMovies initiated
2022-08-01 11:41:32.2473 INFO GeUserstRentedMovies initiated
2022-08-01 11:41:32.2473 INFO GeUserstRentedMovies initiated
2022-08-01 11:41:32.9838 INFO GeUserstRentedMovies initiated
2022-08-01 11:41:33.0182 INFO GeUserstRentedMovies initiated
2022-08-01 11:41:33.0182 INFO GeUserstRentedMovies initiated
2022-08-01 11:41:33.0182 INFO GeUserstRentedMovies initiated
2022-08-01 11:42:27.8425 INFO GeUserstRentedMovies initiated
2022-08-01 11:42:28.0984 INFO GeUserstRentedMovies initiated
2022-08-01 11:42:28.0984 INFO GeUserstRentedMovies initiated
2022-08-01 11:42:28.0984 INFO GeUserstRentedMovies initiated
2022-08-01 11:42:40.7110 INFO GeUserstRentedMovies initiated
2022-08-01 11:42:40.8396 INFO GeUserstRentedMovies initiated
2022-08-01 11:42:40.8558 INFO GeUserstRentedMovies initiated
2022-08-01 11:42:40.8558 INFO GeUserstRentedMovies initiated
2022-08-01 11:43:38.1992 INFO GeUserstRentedMovies initiated
2022-08-01 11:43:38.2497 INFO GeUserstRentedMovies initiated
2022-08-01 11:43:38.2497 INFO GeUserstRentedMovies initiated
2022-08-01 11:43:38.2497 INFO GeUserstRentedMovies initiated
2022-08-01 11:44:00.2378 INFO GeUserstRentedMovies initiated
2022-08-01 11:44:00.3068 INFO GeUserstRentedMovies initiated
2022-08-01 11:44:00.3204 INFO GeUserstRentedMovies initiated
2022-08-01 11:44:00.3277 INFO GeUserstRentedMovies initiated
2022-08-01 11:44:02.3103 INFO GeUserstRentedMovies initiated
2022-08-01 11:44:02.3486 INFO GeUserstRentedMovies initiated
2022-08-01 11:44:02.3486 INFO GeUserstRentedMovies initiated
2022-08-01 11:44:02.3486 INFO GeUserstRentedMovies initiated
2022-08-01 11:44:03.7300 INFO GeUserstRentedMovies initiated
2022-08-01 11:44:03.7712 INFO GeUserstRentedMovies initiated
2022-08-01 11:44:03.7712 INFO GeUserstRentedMovies initiated
2022-08-01 11:44:03.7712 INFO GeUserstRentedMovies initiated
2022-08-01 11:44:05.3678 INFO GeUserstRentedMovies initiated
2022-08-01 11:44:05.3976 INFO GeUserstRentedMovies initiated
2022-08-01 11:44:05.3976 INFO GeUserstRentedMovies initiated
2022-08-01 11:44:05.3976 INFO GeUserstRentedMovies initiated
2022-08-01 11:44:32.2297 INFO GeUserstRentedMovies initiated
2022-08-01 11:44:32.3050 INFO GeUserstRentedMovies initiated
2022-08-01 11:44:32.3050 INFO GeUserstRentedMovies initiated
2022-08-01 11:44:32.3230 INFO GeUserstRentedMovies initiated
2022-08-01 11:44:34.5342 INFO GeUserstRentedMovies initiated
2022-08-01 11:44:34.5893 INFO GeUserstRentedMovies initiated
2022-08-01 11:44:34.5893 INFO GeUserstRentedMovies initiated
2022-08-01 11:44:34.5939 INFO GeUserstRentedMovies initiated
2022-08-01 11:44:36.4173 INFO GeUserstRentedMovies initiated
2022-08-01 11:44:36.4700 INFO GeUserstRentedMovies initiated
2022-08-01 11:44:36.4700 INFO GeUserstRentedMovies initiated
2022-08-01 11:44:36.4700 INFO GeUserstRentedMovies initiated
2022-08-01 11:44:39.4693 INFO GeUserstRentedMovies initiated
2022-08-01 11:44:39.5626 INFO GeUserstRentedMovies initiated
2022-08-01 11:44:39.5626 INFO GeUserstRentedMovies initiated
2022-08-01 11:44:39.5626 INFO GeUserstRentedMovies initiated
2022-08-01 11:44:41.5273 INFO GeUserstRentedMovies initiated
2022-08-01 11:44:41.5894 INFO GeUserstRentedMovies initiated
2022-08-01 11:44:41.5943 INFO GeUserstRentedMovies initiated
2022-08-01 11:44:41.5943 INFO GeUserstRentedMovies initiated
2022-08-01 11:44:50.4771 INFO GeUserstRentedMovies initiated
2022-08-01 11:44:50.5492 INFO GeUserstRentedMovies initiated
2022-08-01 11:44:50.5492 INFO GeUserstRentedMovies initiated
2022-08-01 11:44:50.5492 INFO GeUserstRentedMovies initiated
2022-08-01 11:44:53.4760 INFO GeUserstRentedMovies initiated
2022-08-01 11:44:53.5459 INFO GeUserstRentedMovies initiated
2022-08-01 11:44:53.5502 INFO GeUserstRentedMovies initiated
2022-08-01 11:44:53.5502 INFO GeUserstRentedMovies initiated
2022-08-01 11:44:55.6039 INFO GeUserstRentedMovies initiated
2022-08-01 11:44:55.7308 INFO GeUserstRentedMovies initiated
2022-08-01 11:44:55.7460 INFO GeUserstRentedMovies initiated
2022-08-01 11:44:55.7460 INFO GeUserstRentedMovies initiated
2022-08-01 11:45:08.9329 INFO GeUserstRentedMovies initiated
2022-08-01 11:45:08.9861 INFO GeUserstRentedMovies initiated
2022-08-01 11:45:08.9861 INFO GeUserstRentedMovies initiated
2022-08-01 11:45:08.9861 INFO GeUserstRentedMovies initiated
2022-08-01 11:45:10.2666 INFO GeUserstRentedMovies initiated
2022-08-01 11:45:10.2927 INFO GeUserstRentedMovies initiated
2022-08-01 11:45:10.2927 INFO GeUserstRentedMovies initiated
2022-08-01 11:45:10.2927 INFO GeUserstRentedMovies initiated
2022-08-01 11:45:11.3415 INFO GeUserstRentedMovies initiated
2022-08-01 11:45:11.3709 INFO GeUserstRentedMovies initiated
2022-08-01 11:45:11.3709 INFO GeUserstRentedMovies initiated
2022-08-01 11:45:11.3709 INFO GeUserstRentedMovies initiated
2022-08-01 11:45:12.7940 INFO GeUserstRentedMovies initiated
2022-08-01 11:45:12.8277 INFO GeUserstRentedMovies initiated
2022-08-01 11:45:12.8277 INFO GeUserstRentedMovies initiated
2022-08-01 11:45:12.8277 INFO GeUserstRentedMovies initiated
2022-08-01 11:51:26.4259 INFO GeUserstRentedMovies initiated
2022-08-01 11:51:26.4906 INFO GeUserstRentedMovies initiated
2022-08-01 11:51:26.5058 INFO GeUserstRentedMovies initiated
2022-08-01 11:51:26.5058 INFO GeUserstRentedMovies initiated
2022-08-01 11:51:30.6484 INFO GeUserstRentedMovies initiated
2022-08-01 11:51:30.6838 INFO GeUserstRentedMovies initiated
2022-08-01 11:51:30.6838 INFO GeUserstRentedMovies initiated
2022-08-01 11:51:30.6838 INFO GeUserstRentedMovies initiated
2022-08-01 11:56:28.7885 INFO GeUserstRentedMovies initiated
2022-08-01 11:56:28.8473 INFO GeUserstRentedMovies initiated
2022-08-01 11:56:28.8552 INFO GeUserstRentedMovies initiated
2022-08-01 11:56:28.8552 INFO GeUserstRentedMovies initiated
2022-08-01 11:57:22.6834 INFO GeUserstRentedMovies initiated
2022-08-01 11:57:22.7522 INFO GeUserstRentedMovies initiated
2022-08-01 11:57:22.7621 INFO GeUserstRentedMovies initiated
2022-08-01 11:57:22.7621 INFO GeUserstRentedMovies initiated
2022-08-01 11:57:42.3916 INFO GeUserstRentedMovies initiated
2022-08-01 11:57:42.4557 INFO GeUserstRentedMovies initiated
2022-08-01 11:57:42.4667 INFO GeUserstRentedMovies initiated
2022-08-01 11:57:42.4667 INFO GeUserstRentedMovies initiated
2022-08-01 11:57:49.2431 INFO GeUserstRentedMovies initiated
2022-08-01 11:57:49.2954 INFO GeUserstRentedMovies initiated
2022-08-01 11:57:49.2954 INFO GeUserstRentedMovies initiated
2022-08-01 11:57:49.2954 INFO GeUserstRentedMovies initiated
2022-08-01 11:58:08.3578 INFO GeUserstRentedMovies initiated
2022-08-01 11:58:08.4143 INFO GeUserstRentedMovies initiated
2022-08-01 11:58:08.4182 INFO GeUserstRentedMovies initiated
2022-08-01 11:58:08.4182 INFO GeUserstRentedMovies initiated
2022-08-01 11:58:09.9658 INFO GeUserstRentedMovies initiated
2022-08-01 11:58:10.0009 INFO GeUserstRentedMovies initiated
2022-08-01 11:58:10.0009 INFO GeUserstRentedMovies initiated
2022-08-01 11:58:10.0009 INFO GeUserstRentedMovies initiated
2022-08-01 11:58:10.8552 INFO GeUserstRentedMovies initiated
2022-08-01 11:58:10.9352 INFO GeUserstRentedMovies initiated
2022-08-01 11:58:10.9586 INFO GeUserstRentedMovies initiated
2022-08-01 11:58:10.9771 INFO GeUserstRentedMovies initiated
2022-08-01 11:58:11.4649 INFO GeUserstRentedMovies initiated
2022-08-01 11:58:11.5114 INFO GeUserstRentedMovies initiated
2022-08-01 11:58:11.5114 INFO GeUserstRentedMovies initiated
2022-08-01 11:58:11.5114 INFO GeUserstRentedMovies initiated
2022-08-01 11:58:12.9795 INFO GeUserstRentedMovies initiated
2022-08-01 11:58:13.0182 INFO GeUserstRentedMovies initiated
2022-08-01 11:58:13.0182 INFO GeUserstRentedMovies initiated
2022-08-01 11:58:13.0182 INFO GeUserstRentedMovies initiated
2022-08-01 11:58:14.0081 INFO GeUserstRentedMovies initiated
2022-08-01 11:58:14.0504 INFO GeUserstRentedMovies initiated
2022-08-01 11:58:14.0565 INFO GeUserstRentedMovies initiated
2022-08-01 11:58:14.0565 INFO GeUserstRentedMovies initiated
2022-08-01 11:58:17.1251 INFO GeUserstRentedMovies initiated
2022-08-01 11:58:17.1690 INFO GeUserstRentedMovies initiated
2022-08-01 11:58:17.1690 INFO GeUserstRentedMovies initiated
2022-08-01 11:58:17.1690 INFO GeUserstRentedMovies initiated
2022-08-01 12:03:17.2083 INFO GeUserstRentedMovies initiated
2022-08-01 12:03:17.3729 INFO GeUserstRentedMovies initiated
2022-08-01 12:03:17.3995 INFO GeUserstRentedMovies initiated
2022-08-01 12:03:17.3995 INFO GeUserstRentedMovies initiated
2022-08-01 12:03:21.7307 INFO GeUserstRentedMovies initiated
2022-08-01 12:03:21.8173 INFO GeUserstRentedMovies initiated
2022-08-01 12:03:21.8173 INFO GeUserstRentedMovies initiated
2022-08-01 12:03:21.8173 INFO GeUserstRentedMovies initiated
2022-08-01 12:03:24.0586 INFO GeUserstRentedMovies initiated
2022-08-01 12:03:24.1236 INFO GeUserstRentedMovies initiated
2022-08-01 12:03:24.1297 INFO GeUserstRentedMovies initiated
2022-08-01 12:03:24.1297 INFO GeUserstRentedMovies initiated
2022-08-01 12:03:26.7421 INFO GeUserstRentedMovies initiated
2022-08-01 12:03:26.8368 INFO GeUserstRentedMovies initiated
2022-08-01 12:03:26.8368 INFO GeUserstRentedMovies initiated
2022-08-01 12:03:26.8368 INFO GeUserstRentedMovies initiated
2022-08-01 12:03:29.3479 INFO GeUserstRentedMovies initiated
2022-08-01 12:03:29.3964 INFO GeUserstRentedMovies initiated
2022-08-01 12:03:29.3964 INFO GeUserstRentedMovies initiated
2022-08-01 12:03:29.3964 INFO GeUserstRentedMovies initiated
2022-08-01 12:03:31.1123 INFO GeUserstRentedMovies initiated
2022-08-01 12:03:31.1755 INFO GeUserstRentedMovies initiated
2022-08-01 12:03:31.1755 INFO GeUserstRentedMovies initiated
2022-08-01 12:03:31.1755 INFO GeUserstRentedMovies initiated
2022-08-01 12:06:37.2836 INFO GeUserstRentedMovies initiated
2022-08-01 12:06:37.3301 INFO GeUserstRentedMovies initiated
2022-08-01 12:06:37.3392 INFO GeUserstRentedMovies initiated
2022-08-01 12:06:37.3392 INFO GeUserstRentedMovies initiated
2022-08-01 12:06:46.8323 INFO GeUserstRentedMovies initiated
2022-08-01 12:06:46.8828 INFO GeUserstRentedMovies initiated
2022-08-01 12:06:46.8869 INFO GeUserstRentedMovies initiated
2022-08-01 12:06:46.8869 INFO GeUserstRentedMovies initiated
2022-08-01 12:09:10.1545 INFO GeUserstRentedMovies initiated
2022-08-01 12:09:10.1856 INFO GeUserstRentedMovies initiated
2022-08-01 12:09:10.1856 INFO GeUserstRentedMovies initiated
2022-08-01 12:09:10.1856 INFO GeUserstRentedMovies initiated
2022-08-01 12:09:18.3166 INFO GeUserstRentedMovies initiated
2022-08-01 12:09:18.3643 INFO GeUserstRentedMovies initiated
2022-08-01 12:09:18.3643 INFO GeUserstRentedMovies initiated
2022-08-01 12:09:18.3643 INFO GeUserstRentedMovies initiated
2022-08-01 12:09:23.1492 INFO GeUserstRentedMovies initiated
2022-08-01 12:09:23.2077 INFO GeUserstRentedMovies initiated
2022-08-01 12:09:23.2077 INFO GeUserstRentedMovies initiated
2022-08-01 12:09:23.2077 INFO GeUserstRentedMovies initiated
2022-08-01 12:09:27.1827 INFO GeUserstRentedMovies initiated
2022-08-01 12:09:27.2428 INFO GeUserstRentedMovies initiated
2022-08-01 12:09:27.2449 INFO GeUserstRentedMovies initiated
2022-08-01 12:09:27.2449 INFO GeUserstRentedMovies initiated
2022-08-01 12:09:28.2399 INFO GeUserstRentedMovies initiated
2022-08-01 12:09:28.2742 INFO GeUserstRentedMovies initiated
2022-08-01 12:09:28.2742 INFO GeUserstRentedMovies initiated
2022-08-01 12:09:28.2742 INFO GeUserstRentedMovies initiated
2022-08-01 12:09:32.2866 INFO GeUserstRentedMovies initiated
2022-08-01 12:09:32.3398 INFO GeUserstRentedMovies initiated
2022-08-01 12:09:32.3398 INFO GeUserstRentedMovies initiated
2022-08-01 12:09:32.3398 INFO GeUserstRentedMovies initiated
2022-08-01 12:09:39.2042 INFO GeUserstRentedMovies initiated
2022-08-01 12:09:39.2482 INFO GeUserstRentedMovies initiated
2022-08-01 12:09:39.2482 INFO GeUserstRentedMovies initiated
2022-08-01 12:09:39.2482 INFO GeUserstRentedMovies initiated
2022-08-01 12:10:01.4103 INFO GeUserstRentedMovies initiated
2022-08-01 12:10:01.4605 INFO GeUserstRentedMovies initiated
2022-08-01 12:10:01.4605 INFO GeUserstRentedMovies initiated
2022-08-01 12:10:01.4605 INFO GeUserstRentedMovies initiated
2022-08-01 12:17:13.5220 INFO GeUserstRentedMovies initiated
2022-08-01 12:17:13.6036 INFO GeUserstRentedMovies initiated
2022-08-01 12:17:13.6133 INFO GeUserstRentedMovies initiated
2022-08-01 12:17:13.6133 INFO GeUserstRentedMovies initiated
2022-08-01 12:17:30.9558 INFO GeUserstRentedMovies initiated
2022-08-01 12:17:31.0070 INFO GeUserstRentedMovies initiated
2022-08-01 12:17:31.0070 INFO GeUserstRentedMovies initiated
2022-08-01 12:17:31.0070 INFO GeUserstRentedMovies initiated
2022-08-01 12:17:34.2097 INFO GeUserstRentedMovies initiated
2022-08-01 12:17:34.2839 INFO GeUserstRentedMovies initiated
2022-08-01 12:17:34.2839 INFO GeUserstRentedMovies initiated
2022-08-01 12:17:34.2839 INFO GeUserstRentedMovies initiated
2022-08-01 12:17:39.4873 INFO GeUserstRentedMovies initiated
2022-08-01 12:17:39.5426 INFO GeUserstRentedMovies initiated
2022-08-01 12:17:39.5426 INFO GeUserstRentedMovies initiated
2022-08-01 12:17:39.5426 INFO GeUserstRentedMovies initiated
2022-08-01 12:17:41.8485 INFO GeUserstRentedMovies initiated
2022-08-01 12:17:41.8847 INFO GeUserstRentedMovies initiated
2022-08-01 12:17:41.8847 INFO GeUserstRentedMovies initiated
2022-08-01 12:17:41.8847 INFO GeUserstRentedMovies initiated
2022-08-01 12:24:27.5275 INFO GeUserstRentedMovies initiated
2022-08-01 12:24:27.5936 INFO GeUserstRentedMovies initiated
2022-08-01 12:24:27.5936 INFO GeUserstRentedMovies initiated
2022-08-01 12:24:28.1989 INFO GeUserstRentedMovies initiated
2022-08-01 12:25:03.9476 INFO GeUserstRentedMovies initiated
2022-08-01 12:25:04.0006 INFO GeUserstRentedMovies initiated
2022-08-01 12:25:04.0006 INFO GeUserstRentedMovies initiated
2022-08-01 12:25:04.0127 INFO GeUserstRentedMovies initiated
2022-08-01 12:25:41.4983 INFO GeUserstRentedMovies initiated
2022-08-01 12:25:41.6465 INFO GeUserstRentedMovies initiated
2022-08-01 12:25:41.6459 INFO GeUserstRentedMovies initiated
2022-08-01 12:25:41.6459 INFO GeUserstRentedMovies initiated
2022-08-01 12:25:43.0680 INFO GeUserstRentedMovies initiated
2022-08-01 12:25:43.0680 INFO GeUserstRentedMovies initiated
2022-08-01 12:25:43.0680 INFO GeUserstRentedMovies initiated
2022-08-01 12:25:43.0956 INFO GeUserstRentedMovies initiated
2022-08-01 12:25:44.7059 INFO GeUserstRentedMovies initiated
2022-08-01 12:25:44.7335 INFO GeUserstRentedMovies initiated
2022-08-01 12:25:44.7335 INFO GeUserstRentedMovies initiated
2022-08-01 12:25:44.7335 INFO GeUserstRentedMovies initiated
2022-08-01 12:25:46.0929 INFO GeUserstRentedMovies initiated
2022-08-01 12:25:46.1212 INFO GeUserstRentedMovies initiated
2022-08-01 12:25:46.1212 INFO GeUserstRentedMovies initiated
2022-08-01 12:25:46.1212 INFO GeUserstRentedMovies initiated
2022-08-01 12:25:48.5059 INFO GeUserstRentedMovies initiated
2022-08-01 12:25:48.5487 INFO GeUserstRentedMovies initiated
2022-08-01 12:25:48.5487 INFO GeUserstRentedMovies initiated
2022-08-01 12:25:48.5487 INFO GeUserstRentedMovies initiated
2022-08-01 14:31:04.5375 INFO GeUserstRentedMovies initiated
2022-08-01 14:31:04.6062 INFO GeUserstRentedMovies initiated
2022-08-01 14:31:04.6062 INFO GeUserstRentedMovies initiated
2022-08-01 14:31:04.6293 INFO GeUserstRentedMovies initiated
2022-08-01 14:33:59.5437 INFO GeUserstRentedMovies initiated
2022-08-01 14:33:59.6082 INFO GeUserstRentedMovies initiated
2022-08-01 14:33:59.6082 INFO GeUserstRentedMovies initiated
2022-08-01 14:33:59.6082 INFO GeUserstRentedMovies initiated
2022-08-01 14:34:05.9431 INFO GeUserstRentedMovies initiated
2022-08-01 14:34:06.0102 INFO GeUserstRentedMovies initiated
2022-08-01 14:34:06.0149 INFO GeUserstRentedMovies initiated
2022-08-01 14:34:06.0149 INFO GeUserstRentedMovies initiated
2022-08-01 14:34:08.0566 INFO GeUserstRentedMovies initiated
2022-08-01 14:34:08.0880 INFO GeUserstRentedMovies initiated
2022-08-01 14:34:08.0880 INFO GeUserstRentedMovies initiated
2022-08-01 14:34:08.0880 INFO GeUserstRentedMovies initiated
2022-08-01 14:34:46.1758 INFO GeUserstRentedMovies initiated
2022-08-01 14:34:46.2323 INFO GeUserstRentedMovies initiated
2022-08-01 14:34:46.2412 INFO GeUserstRentedMovies initiated
2022-08-01 14:34:46.2412 INFO GeUserstRentedMovies initiated
2022-08-01 14:34:47.6539 INFO GeUserstRentedMovies initiated
2022-08-01 14:34:47.6989 INFO GeUserstRentedMovies initiated
2022-08-01 14:34:47.6989 INFO GeUserstRentedMovies initiated
2022-08-01 14:34:47.6989 INFO GeUserstRentedMovies initiated
2022-08-01 14:34:54.2893 INFO GeUserstRentedMovies initiated
2022-08-01 14:34:54.3445 INFO GeUserstRentedMovies initiated
2022-08-01 14:34:54.3445 INFO GeUserstRentedMovies initiated
2022-08-01 14:34:54.3445 INFO GeUserstRentedMovies initiated
2022-08-01 14:35:05.6425 INFO GeUserstRentedMovies initiated
2022-08-01 14:35:05.6986 INFO GeUserstRentedMovies initiated
2022-08-01 14:35:05.7017 INFO GeUserstRentedMovies initiated
2022-08-01 14:35:05.7017 INFO GeUserstRentedMovies initiated
2022-08-01 14:35:09.4929 INFO GeUserstRentedMovies initiated
2022-08-01 14:35:09.5533 INFO GeUserstRentedMovies initiated
2022-08-01 14:35:09.5533 INFO GeUserstRentedMovies initiated
2022-08-01 14:35:09.5533 INFO GeUserstRentedMovies initiated
2022-08-01 14:35:15.7170 INFO GeUserstRentedMovies initiated
2022-08-01 14:35:15.7708 INFO GeUserstRentedMovies initiated
2022-08-01 14:35:15.7708 INFO GeUserstRentedMovies initiated
2022-08-01 14:35:15.7708 INFO GeUserstRentedMovies initiated
2022-08-01 14:35:16.8602 INFO GeUserstRentedMovies initiated
2022-08-01 14:35:16.9008 INFO GeUserstRentedMovies initiated
2022-08-01 14:35:16.9008 INFO GeUserstRentedMovies initiated
2022-08-01 14:35:16.9008 INFO GeUserstRentedMovies initiated
2022-08-01 14:35:20.2383 INFO GeUserstRentedMovies initiated
2022-08-01 14:35:20.3207 INFO GeUserstRentedMovies initiated
2022-08-01 14:35:20.3207 INFO GeUserstRentedMovies initiated
2022-08-01 14:35:20.3207 INFO GeUserstRentedMovies initiated
2022-08-01 14:35:22.5075 INFO GeUserstRentedMovies initiated
2022-08-01 14:35:22.5460 INFO GeUserstRentedMovies initiated
2022-08-01 14:35:22.5460 INFO GeUserstRentedMovies initiated
2022-08-01 14:35:22.5460 INFO GeUserstRentedMovies initiated
2022-08-01 14:36:28.5621 INFO GeUserstRentedMovies initiated
2022-08-01 14:36:28.6171 INFO GeUserstRentedMovies initiated
2022-08-01 14:36:28.6243 INFO GeUserstRentedMovies initiated
2022-08-01 14:36:28.6243 INFO GeUserstRentedMovies initiated
2022-08-01 14:36:31.3655 INFO GeUserstRentedMovies initiated
2022-08-01 14:36:31.4397 INFO GeUserstRentedMovies initiated
2022-08-01 14:36:31.4397 INFO GeUserstRentedMovies initiated
2022-08-01 14:36:31.4397 INFO GeUserstRentedMovies initiated
2022-08-01 14:36:35.8099 INFO GeUserstRentedMovies initiated
2022-08-01 14:36:35.8693 INFO GeUserstRentedMovies initiated
2022-08-01 14:36:35.8693 INFO GeUserstRentedMovies initiated
2022-08-01 14:36:35.8693 INFO GeUserstRentedMovies initiated
2022-08-01 14:36:40.7766 INFO GeUserstRentedMovies initiated
2022-08-01 14:36:40.9576 INFO GeUserstRentedMovies initiated
2022-08-01 14:36:40.9576 INFO GeUserstRentedMovies initiated
2022-08-01 14:36:40.9576 INFO GeUserstRentedMovies initiated
2022-08-01 14:36:42.8122 INFO GeUserstRentedMovies initiated
2022-08-01 14:36:42.8456 INFO GeUserstRentedMovies initiated
2022-08-01 14:36:42.8456 INFO GeUserstRentedMovies initiated
2022-08-01 14:36:42.8456 INFO GeUserstRentedMovies initiated
2022-08-01 14:36:45.8948 INFO GeUserstRentedMovies initiated
2022-08-01 14:36:45.9299 INFO GeUserstRentedMovies initiated
2022-08-01 14:36:45.9299 INFO GeUserstRentedMovies initiated
2022-08-01 14:36:45.9299 INFO GeUserstRentedMovies initiated
2022-08-01 14:36:54.4725 INFO GeUserstRentedMovies initiated
2022-08-01 14:36:54.5022 INFO GeUserstRentedMovies initiated
2022-08-01 14:36:54.5022 INFO GeUserstRentedMovies initiated
2022-08-01 14:36:54.5022 INFO GeUserstRentedMovies initiated
2022-08-01 14:36:55.2007 INFO GeUserstRentedMovies initiated
2022-08-01 14:36:55.2346 INFO GeUserstRentedMovies initiated
2022-08-01 14:36:55.2346 INFO GeUserstRentedMovies initiated
2022-08-01 14:36:55.2346 INFO GeUserstRentedMovies initiated
2022-08-01 14:36:56.0680 INFO GeUserstRentedMovies initiated
2022-08-01 14:36:56.1014 INFO GeUserstRentedMovies initiated
2022-08-01 14:36:56.1014 INFO GeUserstRentedMovies initiated
2022-08-01 14:36:56.1014 INFO GeUserstRentedMovies initiated
2022-08-01 14:38:10.7944 INFO GeUserstRentedMovies initiated
2022-08-01 14:38:10.8951 INFO GeUserstRentedMovies initiated
2022-08-01 14:38:10.8951 INFO GeUserstRentedMovies initiated
2022-08-01 14:38:10.8951 INFO GeUserstRentedMovies initiated
2022-08-01 14:38:12.9959 INFO GeUserstRentedMovies initiated
2022-08-01 14:38:13.0680 INFO GeUserstRentedMovies initiated
2022-08-01 14:38:13.0680 INFO GeUserstRentedMovies initiated
2022-08-01 14:38:13.0680 INFO GeUserstRentedMovies initiated
2022-08-01 14:38:24.2241 INFO GeUserstRentedMovies initiated
2022-08-01 14:38:24.2982 INFO GeUserstRentedMovies initiated
2022-08-01 14:38:24.2982 INFO GeUserstRentedMovies initiated
2022-08-01 14:38:24.2982 INFO GeUserstRentedMovies initiated
2022-08-01 14:38:26.7884 INFO GeUserstRentedMovies initiated
2022-08-01 14:38:26.8617 INFO GeUserstRentedMovies initiated
2022-08-01 14:38:26.8617 INFO GeUserstRentedMovies initiated
2022-08-01 14:38:26.8617 INFO GeUserstRentedMovies initiated
2022-08-01 14:38:29.0818 INFO GeUserstRentedMovies initiated
2022-08-01 14:38:29.1320 INFO GeUserstRentedMovies initiated
2022-08-01 14:38:29.1320 INFO GeUserstRentedMovies initiated
2022-08-01 14:38:29.1320 INFO GeUserstRentedMovies initiated
2022-08-01 14:39:47.2652 INFO GeUserstRentedMovies initiated
2022-08-01 14:39:47.3680 INFO GeUserstRentedMovies initiated
2022-08-01 14:39:47.3823 INFO GeUserstRentedMovies initiated
2022-08-01 14:39:47.3894 INFO GeUserstRentedMovies initiated
2022-08-01 14:40:20.4023 INFO GeUserstRentedMovies initiated
2022-08-01 14:40:20.5157 INFO GeUserstRentedMovies initiated
2022-08-01 14:40:20.5157 INFO GeUserstRentedMovies initiated
2022-08-01 14:40:20.5157 INFO GeUserstRentedMovies initiated
2022-08-01 14:41:05.3507 INFO GeUserstRentedMovies initiated
2022-08-01 14:41:05.4433 INFO GeUserstRentedMovies initiated
2022-08-01 14:41:05.4433 INFO GeUserstRentedMovies initiated
2022-08-01 14:41:05.4540 INFO GeUserstRentedMovies initiated
2022-08-01 14:41:20.1316 INFO GeUserstRentedMovies initiated
2022-08-01 14:41:20.2722 INFO GeUserstRentedMovies initiated
2022-08-01 14:41:20.2802 INFO GeUserstRentedMovies initiated
2022-08-01 14:41:20.2802 INFO GeUserstRentedMovies initiated
2022-08-01 14:41:24.5800 INFO GeUserstRentedMovies initiated
2022-08-01 14:41:24.6469 INFO GeUserstRentedMovies initiated
2022-08-01 14:41:24.6469 INFO GeUserstRentedMovies initiated
2022-08-01 14:41:24.6469 INFO GeUserstRentedMovies initiated
2022-08-01 14:41:27.3614 INFO GeUserstRentedMovies initiated
2022-08-01 14:41:27.4494 INFO GeUserstRentedMovies initiated
2022-08-01 14:41:27.4555 INFO GeUserstRentedMovies initiated
2022-08-01 14:41:27.4555 INFO GeUserstRentedMovies initiated
2022-08-01 14:41:30.1655 INFO GeUserstRentedMovies initiated
2022-08-01 14:41:30.2074 INFO GeUserstRentedMovies initiated
2022-08-01 14:41:30.2074 INFO GeUserstRentedMovies initiated
2022-08-01 14:41:30.2074 INFO GeUserstRentedMovies initiated
2022-08-01 14:41:57.0969 INFO GeUserstRentedMovies initiated
2022-08-01 14:41:57.1727 INFO GeUserstRentedMovies initiated
2022-08-01 14:41:57.1727 INFO GeUserstRentedMovies initiated
2022-08-01 14:41:57.1727 INFO GeUserstRentedMovies initiated
2022-08-01 14:42:41.2382 INFO GeUserstRentedMovies initiated
2022-08-01 14:42:41.3259 INFO GeUserstRentedMovies initiated
2022-08-01 14:42:41.3384 INFO GeUserstRentedMovies initiated
2022-08-01 14:42:41.3384 INFO GeUserstRentedMovies initiated
2022-08-01 14:42:47.6698 INFO GeUserstRentedMovies initiated
2022-08-01 14:42:47.7318 INFO GeUserstRentedMovies initiated
2022-08-01 14:42:47.7366 INFO GeUserstRentedMovies initiated
2022-08-01 14:42:47.7366 INFO GeUserstRentedMovies initiated
2022-08-01 14:42:49.5364 INFO GeUserstRentedMovies initiated
2022-08-01 14:42:49.5983 INFO GeUserstRentedMovies initiated
2022-08-01 14:42:49.5983 INFO GeUserstRentedMovies initiated
2022-08-01 14:42:49.5983 INFO GeUserstRentedMovies initiated
2022-08-01 14:42:50.9071 INFO GeUserstRentedMovies initiated
2022-08-01 14:42:50.9633 INFO GeUserstRentedMovies initiated
2022-08-01 14:42:50.9633 INFO GeUserstRentedMovies initiated
2022-08-01 14:42:50.9633 INFO GeUserstRentedMovies initiated
2022-08-01 14:42:59.7892 INFO GeUserstRentedMovies initiated
2022-08-01 14:42:59.8896 INFO GeUserstRentedMovies initiated
2022-08-01 14:42:59.8896 INFO GeUserstRentedMovies initiated
2022-08-01 14:42:59.8896 INFO GeUserstRentedMovies initiated
2022-08-01 14:43:01.6603 INFO GeUserstRentedMovies initiated
2022-08-01 14:43:01.7227 INFO GeUserstRentedMovies initiated
2022-08-01 14:43:01.7227 INFO GeUserstRentedMovies initiated
2022-08-01 14:43:01.7227 INFO GeUserstRentedMovies initiated
2022-08-01 14:43:03.5628 INFO GeUserstRentedMovies initiated
2022-08-01 14:43:03.6137 INFO GeUserstRentedMovies initiated
2022-08-01 14:43:03.6137 INFO GeUserstRentedMovies initiated
2022-08-01 14:43:03.6137 INFO GeUserstRentedMovies initiated
2022-08-01 14:43:17.4690 INFO GeUserstRentedMovies initiated
2022-08-01 14:43:17.5720 INFO GeUserstRentedMovies initiated
2022-08-01 14:43:17.5720 INFO GeUserstRentedMovies initiated
2022-08-01 14:43:17.5720 INFO GeUserstRentedMovies initiated
2022-08-01 14:43:19.0465 INFO GeUserstRentedMovies initiated
2022-08-01 14:43:19.1819 INFO GeUserstRentedMovies initiated
2022-08-01 14:43:19.1887 INFO GeUserstRentedMovies initiated
2022-08-01 14:43:19.1887 INFO GeUserstRentedMovies initiated
2022-08-01 14:43:27.3080 INFO GeUserstRentedMovies initiated
2022-08-01 14:43:27.4091 INFO GeUserstRentedMovies initiated
2022-08-01 14:43:27.4091 INFO GeUserstRentedMovies initiated
2022-08-01 14:43:27.4206 INFO GeUserstRentedMovies initiated
2022-08-01 14:43:29.7113 INFO GeUserstRentedMovies initiated
2022-08-01 14:43:29.9356 INFO GeUserstRentedMovies initiated
2022-08-01 14:43:29.9356 INFO GeUserstRentedMovies initiated
2022-08-01 14:43:29.9356 INFO GeUserstRentedMovies initiated
2022-08-01 14:43:37.4438 INFO GeUserstRentedMovies initiated
2022-08-01 14:43:37.5182 INFO GeUserstRentedMovies initiated
2022-08-01 14:43:37.5316 INFO GeUserstRentedMovies initiated
2022-08-01 14:43:37.5316 INFO GeUserstRentedMovies initiated
2022-08-01 14:43:42.8383 INFO GeUserstRentedMovies initiated
2022-08-01 14:43:43.0534 INFO GeUserstRentedMovies initiated
2022-08-01 14:43:43.0711 INFO GeUserstRentedMovies initiated
2022-08-01 14:43:43.0711 INFO GeUserstRentedMovies initiated
2022-08-01 14:44:22.1161 INFO GeUserstRentedMovies initiated
2022-08-01 14:44:22.3456 INFO GeUserstRentedMovies initiated
2022-08-01 14:44:22.3456 INFO GeUserstRentedMovies initiated
2022-08-01 14:44:22.3456 INFO GeUserstRentedMovies initiated
2022-08-01 14:44:23.9910 INFO GeUserstRentedMovies initiated
2022-08-01 14:44:24.0802 INFO GeUserstRentedMovies initiated
2022-08-01 14:44:24.0802 INFO GeUserstRentedMovies initiated
2022-08-01 14:44:24.0802 INFO GeUserstRentedMovies initiated
2022-08-01 14:44:25.1851 INFO GeUserstRentedMovies initiated
2022-08-01 14:44:25.2567 INFO GeUserstRentedMovies initiated
2022-08-01 14:44:25.2567 INFO GeUserstRentedMovies initiated
2022-08-01 14:44:25.2567 INFO GeUserstRentedMovies initiated
2022-08-01 14:44:25.9578 INFO GeUserstRentedMovies initiated
2022-08-01 14:44:26.0442 INFO GeUserstRentedMovies initiated
2022-08-01 14:44:26.0466 INFO GeUserstRentedMovies initiated
2022-08-01 14:44:26.0466 INFO GeUserstRentedMovies initiated
2022-08-01 14:44:38.4152 INFO GeUserstRentedMovies initiated
2022-08-01 14:44:38.5200 INFO GeUserstRentedMovies initiated
2022-08-01 14:44:38.5200 INFO GeUserstRentedMovies initiated
2022-08-01 14:44:38.5344 INFO GeUserstRentedMovies initiated
2022-08-01 14:44:41.2897 INFO GeUserstRentedMovies initiated
2022-08-01 14:44:41.4111 INFO GeUserstRentedMovies initiated
2022-08-01 14:44:41.4111 INFO GeUserstRentedMovies initiated
2022-08-01 14:44:41.4209 INFO GeUserstRentedMovies initiated
2022-08-01 14:44:45.1417 INFO GeUserstRentedMovies initiated
2022-08-01 14:44:45.2058 INFO GeUserstRentedMovies initiated
2022-08-01 14:44:45.2058 INFO GeUserstRentedMovies initiated
2022-08-01 14:44:45.2058 INFO GeUserstRentedMovies initiated
2022-08-01 14:44:46.7164 INFO GeUserstRentedMovies initiated
2022-08-01 14:44:46.7866 INFO GeUserstRentedMovies initiated
2022-08-01 14:44:46.7866 INFO GeUserstRentedMovies initiated
2022-08-01 14:44:46.7866 INFO GeUserstRentedMovies initiated
2022-08-01 14:44:48.1515 INFO GeUserstRentedMovies initiated
2022-08-01 14:44:48.2111 INFO GeUserstRentedMovies initiated
2022-08-01 14:44:48.2111 INFO GeUserstRentedMovies initiated
2022-08-01 14:44:48.2111 INFO GeUserstRentedMovies initiated
2022-08-01 14:45:29.0029 INFO GeUserstRentedMovies initiated
2022-08-01 14:45:29.0702 INFO GeUserstRentedMovies initiated
2022-08-01 14:45:29.0820 INFO GeUserstRentedMovies initiated
2022-08-01 14:45:29.0820 INFO GeUserstRentedMovies initiated
2022-08-01 14:45:30.9352 INFO GeUserstRentedMovies initiated
2022-08-01 14:45:31.0462 INFO GeUserstRentedMovies initiated
2022-08-01 14:45:31.0462 INFO GeUserstRentedMovies initiated
2022-08-01 14:45:31.0462 INFO GeUserstRentedMovies initiated
2022-08-01 14:45:32.8337 INFO GeUserstRentedMovies initiated
2022-08-01 14:45:32.8901 INFO GeUserstRentedMovies initiated
2022-08-01 14:45:32.8901 INFO GeUserstRentedMovies initiated
2022-08-01 14:45:32.8901 INFO GeUserstRentedMovies initiated
2022-08-01 14:45:34.9278 INFO GeUserstRentedMovies initiated
2022-08-01 14:45:34.9588 INFO GeUserstRentedMovies initiated
2022-08-01 14:45:34.9588 INFO GeUserstRentedMovies initiated
2022-08-01 14:45:34.9588 INFO GeUserstRentedMovies initiated
2022-08-01 14:45:35.6812 INFO GeUserstRentedMovies initiated
2022-08-01 14:45:35.7141 INFO GeUserstRentedMovies initiated
2022-08-01 14:45:35.7141 INFO GeUserstRentedMovies initiated
2022-08-01 14:45:35.7141 INFO GeUserstRentedMovies initiated
2022-08-01 14:45:43.6207 INFO GeUserstRentedMovies initiated
2022-08-01 14:45:43.6429 INFO GeUserstRentedMovies initiated
2022-08-01 14:45:43.6429 INFO GeUserstRentedMovies initiated
2022-08-01 14:45:43.6429 INFO GeUserstRentedMovies initiated
2022-08-01 14:45:54.2784 INFO GeUserstRentedMovies initiated
2022-08-01 14:45:54.3308 INFO GeUserstRentedMovies initiated
2022-08-01 14:45:54.3308 INFO GeUserstRentedMovies initiated
2022-08-01 14:45:54.3308 INFO GeUserstRentedMovies initiated
2022-08-01 14:46:09.6482 INFO GeUserstRentedMovies initiated
2022-08-01 14:46:09.7067 INFO GeUserstRentedMovies initiated
2022-08-01 14:46:09.7067 INFO GeUserstRentedMovies initiated
2022-08-01 14:46:09.7067 INFO GeUserstRentedMovies initiated
2022-08-01 14:46:11.1768 INFO GeUserstRentedMovies initiated
2022-08-01 14:46:11.2001 INFO GeUserstRentedMovies initiated
2022-08-01 14:46:11.2097 INFO GeUserstRentedMovies initiated
2022-08-01 14:46:11.2097 INFO GeUserstRentedMovies initiated
2022-08-01 14:46:35.8293 INFO GeUserstRentedMovies initiated
2022-08-01 14:46:35.8810 INFO GeUserstRentedMovies initiated
2022-08-01 14:46:35.8810 INFO GeUserstRentedMovies initiated
2022-08-01 14:46:35.8810 INFO GeUserstRentedMovies initiated
2022-08-01 14:46:37.4028 INFO GeUserstRentedMovies initiated
2022-08-01 14:46:37.4366 INFO GeUserstRentedMovies initiated
2022-08-01 14:46:37.4366 INFO GeUserstRentedMovies initiated
2022-08-01 14:46:37.4366 INFO GeUserstRentedMovies initiated
2022-08-01 14:46:38.0823 INFO GeUserstRentedMovies initiated
2022-08-01 14:46:38.1163 INFO GeUserstRentedMovies initiated
2022-08-01 14:46:38.1163 INFO GeUserstRentedMovies initiated
2022-08-01 14:46:38.1163 INFO GeUserstRentedMovies initiated
2022-08-01 14:46:38.8184 INFO GeUserstRentedMovies initiated
2022-08-01 14:46:38.8520 INFO GeUserstRentedMovies initiated
2022-08-01 14:46:38.8520 INFO GeUserstRentedMovies initiated
2022-08-01 14:46:38.8520 INFO GeUserstRentedMovies initiated
2022-08-01 14:46:40.4331 INFO GeUserstRentedMovies initiated
2022-08-01 14:46:40.4668 INFO GeUserstRentedMovies initiated
2022-08-01 14:46:40.4668 INFO GeUserstRentedMovies initiated
2022-08-01 14:46:40.4668 INFO GeUserstRentedMovies initiated
2022-08-01 14:46:48.4826 INFO GeUserstRentedMovies initiated
2022-08-01 14:46:48.5261 INFO GeUserstRentedMovies initiated
2022-08-01 14:46:48.5261 INFO GeUserstRentedMovies initiated
2022-08-01 14:46:48.5261 INFO GeUserstRentedMovies initiated
2022-08-01 14:46:50.1898 INFO GeUserstRentedMovies initiated
2022-08-01 14:46:50.2309 INFO GeUserstRentedMovies initiated
2022-08-01 14:46:50.2309 INFO GeUserstRentedMovies initiated
2022-08-01 14:46:50.2309 INFO GeUserstRentedMovies initiated
2022-08-01 14:46:50.8032 INFO GeUserstRentedMovies initiated
2022-08-01 14:46:50.9049 INFO GeUserstRentedMovies initiated
2022-08-01 14:46:50.9409 INFO GeUserstRentedMovies initiated
2022-08-01 14:46:50.9409 INFO GeUserstRentedMovies initiated
2022-08-01 14:47:26.1300 INFO GeUserstRentedMovies initiated
2022-08-01 14:47:27.3640 INFO GetUnRentedMovies initiated
2022-08-01 14:47:32.0493 INFO RentMovie initiated
2022-08-01 14:47:32.0493 INFO RentMovie initiated
2022-08-01 14:47:45.0709 INFO GeUserstRentedMovies initiated
2022-08-01 14:47:45.0709 INFO GeUserstRentedMovies initiated
2022-08-01 14:47:45.0820 INFO GeUserstRentedMovies initiated
2022-08-01 14:47:47.6422 INFO UnRentMovie initiated
2022-08-01 14:47:47.9454 INFO GeUserstRentedMovies initiated
2022-08-01 14:47:47.9942 INFO GeUserstRentedMovies initiated
2022-08-01 14:47:47.9942 INFO GeUserstRentedMovies initiated
2022-08-01 14:47:47.9942 INFO GeUserstRentedMovies initiated
2022-08-01 14:47:49.5926 INFO UnRentMovie initiated
2022-08-01 14:47:49.7884 INFO GeUserstRentedMovies initiated
2022-08-01 14:47:49.8216 INFO GeUserstRentedMovies initiated
2022-08-01 14:47:49.8216 INFO GeUserstRentedMovies initiated
2022-08-01 14:47:49.8216 INFO GeUserstRentedMovies initiated
2022-08-01 14:47:50.8004 INFO UnRentMovie initiated
2022-08-01 14:47:51.0090 INFO GeUserstRentedMovies initiated
2022-08-01 14:47:51.0380 INFO GeUserstRentedMovies initiated
2022-08-01 14:47:51.0380 INFO GeUserstRentedMovies initiated
2022-08-01 14:47:51.0380 INFO GeUserstRentedMovies initiated
2022-08-01 14:47:52.1411 INFO UnRentMovie initiated
2022-08-01 14:47:52.3342 INFO GeUserstRentedMovies initiated
2022-08-01 14:47:52.3604 INFO GeUserstRentedMovies initiated
2022-08-01 14:47:52.3604 INFO GeUserstRentedMovies initiated
2022-08-01 14:47:52.3604 INFO GeUserstRentedMovies initiated
2022-08-01 14:47:54.6904 INFO GeUserstRentedMovies initiated
2022-08-01 14:47:54.7238 INFO GeUserstRentedMovies initiated
2022-08-01 14:47:54.7238 INFO GeUserstRentedMovies initiated
2022-08-01 14:47:54.7238 INFO GeUserstRentedMovies initiated
2022-08-01 14:47:56.8874 INFO UnRentMovie initiated
2022-08-01 14:47:57.1273 INFO GeUserstRentedMovies initiated
2022-08-01 14:47:57.1581 INFO GeUserstRentedMovies initiated
2022-08-01 14:47:57.1581 INFO GeUserstRentedMovies initiated
2022-08-01 14:47:57.1581 INFO GeUserstRentedMovies initiated
2022-08-01 14:47:58.3999 INFO UnRentMovie initiated
2022-08-01 14:47:58.5938 INFO GeUserstRentedMovies initiated
2022-08-01 14:47:58.6245 INFO GeUserstRentedMovies initiated
2022-08-01 14:47:58.6245 INFO GeUserstRentedMovies initiated
2022-08-01 14:47:58.6245 INFO GeUserstRentedMovies initiated
2022-08-01 14:48:00.3174 INFO GeUserstRentedMovies initiated
2022-08-01 14:48:00.3511 INFO GeUserstRentedMovies initiated
2022-08-01 14:48:00.3511 INFO GeUserstRentedMovies initiated
2022-08-01 14:48:00.3511 INFO GeUserstRentedMovies initiated
2022-08-01 14:48:01.6237 INFO UnRentMovie initiated
2022-08-01 14:48:01.8098 INFO GeUserstRentedMovies initiated
2022-08-01 14:48:01.8397 INFO GeUserstRentedMovies initiated
2022-08-01 14:48:01.8397 INFO GeUserstRentedMovies initiated
2022-08-01 14:48:01.8397 INFO GeUserstRentedMovies initiated
2022-08-01 14:48:03.2911 INFO UnRentMovie initiated
2022-08-01 14:48:03.4943 INFO GeUserstRentedMovies initiated
2022-08-01 14:48:03.5241 INFO GeUserstRentedMovies initiated
2022-08-01 14:48:03.5241 INFO GeUserstRentedMovies initiated
2022-08-01 14:48:03.5241 INFO GeUserstRentedMovies initiated
2022-08-01 14:48:05.6898 INFO GeUserstRentedMovies initiated
2022-08-01 14:48:05.7302 INFO GeUserstRentedMovies initiated
2022-08-01 14:48:05.7302 INFO GeUserstRentedMovies initiated
2022-08-01 14:48:05.7302 INFO GeUserstRentedMovies initiated
2022-08-01 14:48:07.3964 INFO GeUserstRentedMovies initiated
2022-08-01 14:48:07.4388 INFO GeUserstRentedMovies initiated
2022-08-01 14:48:07.4388 INFO GeUserstRentedMovies initiated
2022-08-01 14:48:07.4388 INFO GeUserstRentedMovies initiated
2022-08-01 14:48:08.7240 INFO UnRentMovie initiated
2022-08-01 14:48:08.9343 INFO GeUserstRentedMovies initiated
2022-08-01 14:48:08.9658 INFO GeUserstRentedMovies initiated
2022-08-01 14:48:08.9692 INFO GeUserstRentedMovies initiated
2022-08-01 14:48:08.9692 INFO GeUserstRentedMovies initiated
2022-08-01 14:48:37.0483 ERROR An unhandled exception has occurred while executing the request.
2022-08-01 14:48:53.2744 ERROR An unhandled exception has occurred while executing the request.
2022-08-01 14:48:59.0497 INFO GeUserstRentedMovies initiated
2022-08-01 14:48:59.1317 INFO GeUserstRentedMovies initiated
2022-08-01 14:48:59.1481 INFO GeUserstRentedMovies initiated
2022-08-01 14:48:59.1481 INFO GeUserstRentedMovies initiated
2022-08-01 14:49:10.9640 INFO GeUserstRentedMovies initiated
2022-08-01 14:49:12.4367 INFO GetUnRentedMovies initiated
2022-08-01 14:49:13.4848 INFO GeUserstRentedMovies initiated
2022-08-01 14:49:13.4848 INFO GeUserstRentedMovies initiated
2022-08-01 14:49:13.4848 INFO GeUserstRentedMovies initiated
2022-08-01 14:49:25.3019 INFO GetUnRentedMovies initiated
2022-08-01 14:49:28.3454 INFO GetUnRentedMovies initiated
2022-08-01 15:05:07.9769 INFO GeUserstRentedMovies initiated
2022-08-01 15:05:08.0298 INFO GetUnRentedMovies initiated
2022-08-01 15:05:17.9798 INFO GeUserstRentedMovies initiated
2022-08-01 15:05:18.0265 INFO GetUnRentedMovies initiated
2022-08-01 15:05:20.1082 INFO GeUserstRentedMovies initiated
2022-08-01 15:05:20.1331 INFO GetUnRentedMovies initiated
2022-08-01 15:05:31.9440 INFO GeUserstRentedMovies initiated
2022-08-01 15:05:31.9926 INFO GetUnRentedMovies initiated
2022-08-01 15:05:33.4406 INFO GeUserstRentedMovies initiated
2022-08-01 15:05:33.4966 INFO GetUnRentedMovies initiated
2022-08-01 15:05:44.5050 INFO GeUserstRentedMovies initiated
2022-08-01 15:05:44.5488 INFO GetUnRentedMovies initiated
2022-08-01 15:05:46.8717 INFO GeUserstRentedMovies initiated
2022-08-01 15:05:46.8977 INFO GetUnRentedMovies initiated
2022-08-01 15:05:52.4234 INFO GeUserstRentedMovies initiated
2022-08-01 15:05:52.4478 INFO GetUnRentedMovies initiated
2022-08-01 15:05:58.1902 INFO GeUserstRentedMovies initiated
2022-08-01 15:05:58.2282 INFO GetUnRentedMovies initiated
2022-08-01 15:06:10.7423 INFO GeUserstRentedMovies initiated
2022-08-01 15:06:10.7874 INFO GetUnRentedMovies initiated
2022-08-01 15:06:16.2440 INFO GeUserstRentedMovies initiated
2022-08-01 15:06:16.2673 INFO GetUnRentedMovies initiated
2022-08-01 15:06:24.1860 INFO GeUserstRentedMovies initiated
2022-08-01 15:06:24.2223 INFO GetUnRentedMovies initiated
2022-08-01 15:06:39.6957 INFO GeUserstRentedMovies initiated
2022-08-01 15:06:39.7433 INFO GetUnRentedMovies initiated
2022-08-01 15:07:07.3719 INFO GeUserstRentedMovies initiated
2022-08-01 15:07:07.4145 INFO GetUnRentedMovies initiated
2022-08-01 15:07:10.3665 INFO GeUserstRentedMovies initiated
2022-08-01 15:07:10.3980 INFO GetUnRentedMovies initiated
2022-08-01 15:07:14.8199 INFO GeUserstRentedMovies initiated
2022-08-01 15:07:14.8612 INFO GetUnRentedMovies initiated
2022-08-01 15:07:21.4902 INFO GeUserstRentedMovies initiated
2022-08-01 15:07:21.5305 INFO GetUnRentedMovies initiated
2022-08-01 15:07:26.2535 INFO GeUserstRentedMovies initiated
2022-08-01 15:07:26.2911 INFO GetUnRentedMovies initiated
2022-08-01 15:07:35.8646 INFO GeUserstRentedMovies initiated
2022-08-01 15:07:35.9151 INFO GetUnRentedMovies initiated
2022-08-01 15:08:01.3592 INFO GeUserstRentedMovies initiated
2022-08-01 15:08:01.4025 INFO GetUnRentedMovies initiated
2022-08-01 15:08:19.7290 INFO GeUserstRentedMovies initiated
2022-08-01 15:08:19.7819 INFO GetUnRentedMovies initiated
2022-08-01 15:08:20.6399 INFO GeUserstRentedMovies initiated
2022-08-01 15:08:20.6756 INFO GetUnRentedMovies initiated
2022-08-01 15:08:26.4196 INFO GeUserstRentedMovies initiated
2022-08-01 15:08:26.4725 INFO GetUnRentedMovies initiated
2022-08-01 15:08:29.1413 INFO GeUserstRentedMovies initiated
2022-08-01 15:08:29.1762 INFO GetUnRentedMovies initiated
2022-08-01 15:08:40.2523 INFO GeUserstRentedMovies initiated
2022-08-01 15:08:40.2991 INFO GetUnRentedMovies initiated
2022-08-01 15:08:53.3762 INFO GeUserstRentedMovies initiated
2022-08-01 15:08:53.4195 INFO GetUnRentedMovies initiated
2022-08-01 15:09:20.7814 INFO GeUserstRentedMovies initiated
2022-08-01 15:09:20.8369 INFO GetUnRentedMovies initiated
2022-08-01 15:09:23.1773 INFO GeUserstRentedMovies initiated
2022-08-01 15:09:23.2134 INFO GetUnRentedMovies initiated
2022-08-01 15:09:25.1075 INFO GeUserstRentedMovies initiated
2022-08-01 15:09:25.1303 INFO GetUnRentedMovies initiated
2022-08-01 15:14:42.4418 INFO GeUserstRentedMovies initiated
2022-08-01 15:14:42.4860 INFO GetUnRentedMovies initiated
2022-08-01 15:19:11.2159 INFO GeUserstRentedMovies initiated
2022-08-01 15:19:11.2678 INFO GetUnRentedMovies initiated
2022-08-01 15:19:15.2244 INFO GeUserstRentedMovies initiated
2022-08-01 15:19:15.2586 INFO GetUnRentedMovies initiated
2022-08-01 15:19:48.6947 INFO GeUserstRentedMovies initiated
2022-08-01 15:19:48.7491 INFO GetUnRentedMovies initiated
2022-08-01 15:19:53.4625 INFO GeUserstRentedMovies initiated
2022-08-01 15:19:53.4983 INFO GetUnRentedMovies initiated
2022-08-01 15:19:55.5085 INFO GeUserstRentedMovies initiated
2022-08-01 15:19:55.5324 INFO GetUnRentedMovies initiated
2022-08-01 15:19:58.0122 INFO GeUserstRentedMovies initiated
2022-08-01 15:19:58.0557 INFO GetUnRentedMovies initiated
2022-08-01 15:19:59.2527 INFO GeUserstRentedMovies initiated
2022-08-01 15:19:59.2887 INFO GetUnRentedMovies initiated
2022-08-01 15:20:01.3955 INFO GeUserstRentedMovies initiated
2022-08-01 15:20:01.4243 INFO GetUnRentedMovies initiated
2022-08-01 15:20:02.8155 INFO GeUserstRentedMovies initiated
2022-08-01 15:20:02.8417 INFO GetUnRentedMovies initiated
2022-08-01 15:20:06.2054 INFO GeUserstRentedMovies initiated
2022-08-01 15:20:06.2399 INFO GetUnRentedMovies initiated
2022-08-01 15:20:10.2136 INFO GeUserstRentedMovies initiated
2022-08-01 15:20:10.3102 INFO GetUnRentedMovies initiated
2022-08-01 15:20:14.6530 INFO GeUserstRentedMovies initiated
2022-08-01 15:20:14.6912 INFO GetUnRentedMovies initiated
2022-08-01 15:20:19.1073 INFO GeUserstRentedMovies initiated
2022-08-01 15:20:19.1339 INFO GetUnRentedMovies initiated
2022-08-01 15:21:06.5742 INFO GeUserstRentedMovies initiated
2022-08-01 15:21:06.6210 INFO GetUnRentedMovies initiated
2022-08-01 15:21:23.3054 INFO GeUserstRentedMovies initiated
2022-08-01 15:21:23.3587 INFO GetUnRentedMovies initiated
2022-08-01 15:21:24.9122 INFO GeUserstRentedMovies initiated
2022-08-01 15:21:24.9635 INFO GetUnRentedMovies initiated
2022-08-01 15:21:30.4588 INFO GeUserstRentedMovies initiated
2022-08-01 15:21:30.4998 INFO GetUnRentedMovies initiated
2022-08-01 15:21:38.1432 INFO GeUserstRentedMovies initiated
2022-08-01 15:21:38.1621 INFO GetUnRentedMovies initiated
2022-08-01 15:22:13.0215 INFO GeUserstRentedMovies initiated
2022-08-01 15:22:13.0760 INFO GetUnRentedMovies initiated
2022-08-01 15:22:15.7616 INFO GeUserstRentedMovies initiated
2022-08-01 15:22:15.8046 INFO GetUnRentedMovies initiated
2022-08-01 15:22:17.7609 INFO GeUserstRentedMovies initiated
2022-08-01 15:22:17.8126 INFO GetUnRentedMovies initiated
2022-08-01 15:22:18.8036 INFO GeUserstRentedMovies initiated
2022-08-01 15:22:18.8212 INFO GetUnRentedMovies initiated
2022-08-01 15:22:20.7429 INFO GeUserstRentedMovies initiated
2022-08-01 15:22:20.7670 INFO GetUnRentedMovies initiated
2022-08-01 15:22:21.9321 INFO GeUserstRentedMovies initiated
2022-08-01 15:22:21.9612 INFO GetUnRentedMovies initiated
2022-08-01 15:22:24.2910 INFO GeUserstRentedMovies initiated
2022-08-01 15:22:24.3101 INFO GetUnRentedMovies initiated
2022-08-01 15:22:28.6690 INFO GeUserstRentedMovies initiated
2022-08-01 15:22:28.7022 INFO GetUnRentedMovies initiated
2022-08-01 15:22:33.1097 INFO GeUserstRentedMovies initiated
2022-08-01 15:22:33.1365 INFO GetUnRentedMovies initiated
2022-08-01 15:24:02.6915 INFO GeUserstRentedMovies initiated
2022-08-01 15:24:02.7394 INFO GetUnRentedMovies initiated
2022-08-01 15:26:31.5632 INFO GeUserstRentedMovies initiated
2022-08-01 15:26:31.6078 INFO GetUnRentedMovies initiated
2022-08-01 15:26:34.1214 INFO GeUserstRentedMovies initiated
2022-08-01 15:26:34.1437 INFO GetUnRentedMovies initiated
2022-08-01 15:26:35.6065 INFO GeUserstRentedMovies initiated
2022-08-01 15:26:35.6256 INFO GetUnRentedMovies initiated
2022-08-01 15:26:40.4242 INFO GeUserstRentedMovies initiated
2022-08-01 15:26:40.4537 INFO GetUnRentedMovies initiated
2022-08-01 15:26:43.3825 INFO GeUserstRentedMovies initiated
2022-08-01 15:26:43.3992 INFO GetUnRentedMovies initiated
2022-08-01 15:26:44.8737 INFO GeUserstRentedMovies initiated
2022-08-01 15:26:44.8896 INFO GetUnRentedMovies initiated
2022-08-01 15:26:47.9663 INFO GeUserstRentedMovies initiated
2022-08-01 15:26:47.9821 INFO GetUnRentedMovies initiated
2022-08-01 15:26:54.2135 INFO GeUserstRentedMovies initiated
2022-08-01 15:26:54.2450 INFO GetUnRentedMovies initiated
2022-08-01 15:27:09.1421 INFO GeUserstRentedMovies initiated
2022-08-01 15:27:09.1845 INFO GetUnRentedMovies initiated
2022-08-01 15:27:11.4151 INFO GeUserstRentedMovies initiated
2022-08-01 15:27:11.4459 INFO GetUnRentedMovies initiated
2022-08-01 15:27:12.6261 INFO GeUserstRentedMovies initiated
2022-08-01 15:27:12.6590 INFO GetUnRentedMovies initiated
2022-08-01 15:27:14.3800 INFO GeUserstRentedMovies initiated
2022-08-01 15:27:14.4199 INFO GetUnRentedMovies initiated
2022-08-01 15:27:20.3280 INFO GeUserstRentedMovies initiated
2022-08-01 15:27:20.3621 INFO GetUnRentedMovies initiated
2022-08-01 15:27:21.3335 INFO GeUserstRentedMovies initiated
2022-08-01 15:27:21.3598 INFO GetUnRentedMovies initiated
2022-08-01 15:27:26.5549 INFO GeUserstRentedMovies initiated
2022-08-01 15:27:26.5951 INFO GetUnRentedMovies initiated
2022-08-01 15:27:32.5551 INFO GeUserstRentedMovies initiated
2022-08-01 15:27:32.5825 INFO GetUnRentedMovies initiated
2022-08-01 15:28:38.0719 INFO GeUserstRentedMovies initiated
2022-08-01 15:28:38.1232 INFO GetUnRentedMovies initiated
2022-08-01 15:28:39.3319 INFO GeUserstRentedMovies initiated
2022-08-01 15:28:39.3546 INFO GetUnRentedMovies initiated
2022-08-01 15:28:43.1803 INFO GeUserstRentedMovies initiated
2022-08-01 15:28:43.2091 INFO GetUnRentedMovies initiated
2022-08-01 15:28:45.5913 INFO GeUserstRentedMovies initiated
2022-08-01 15:28:45.6178 INFO GetUnRentedMovies initiated
2022-08-01 15:28:49.0527 INFO GeUserstRentedMovies initiated
2022-08-01 15:28:49.0752 INFO GetUnRentedMovies initiated
2022-08-01 15:28:51.6250 INFO GeUserstRentedMovies initiated
2022-08-01 15:28:51.6483 INFO GetUnRentedMovies initiated
2022-08-01 15:28:54.9018 INFO GeUserstRentedMovies initiated
2022-08-01 15:28:54.9339 INFO GetUnRentedMovies initiated
2022-08-01 15:29:10.1858 INFO GeUserstRentedMovies initiated
2022-08-01 15:29:10.2323 INFO GetUnRentedMovies initiated
2022-08-01 15:29:33.2071 INFO GeUserstRentedMovies initiated
2022-08-01 15:29:33.2628 INFO GetUnRentedMovies initiated
2022-08-01 15:30:01.3370 INFO GeUserstRentedMovies initiated
2022-08-01 15:30:01.4006 INFO GetUnRentedMovies initiated
2022-08-01 15:30:12.3175 INFO GeUserstRentedMovies initiated
2022-08-01 15:30:12.3721 INFO GetUnRentedMovies initiated
2022-08-01 15:30:30.6285 INFO GeUserstRentedMovies initiated
2022-08-01 15:30:30.7179 INFO GetUnRentedMovies initiated
2022-08-01 15:30:31.9264 INFO GeUserstRentedMovies initiated
2022-08-01 15:30:31.9784 INFO GetUnRentedMovies initiated
2022-08-01 15:30:35.4433 INFO GeUserstRentedMovies initiated
2022-08-01 15:30:35.4800 INFO GetUnRentedMovies initiated
2022-08-01 15:30:38.4426 INFO GeUserstRentedMovies initiated
2022-08-01 15:30:38.4689 INFO GetUnRentedMovies initiated
2022-08-01 15:30:43.2100 INFO GeUserstRentedMovies initiated
2022-08-01 15:30:43.2566 INFO GetUnRentedMovies initiated
2022-08-01 15:30:46.1342 INFO GeUserstRentedMovies initiated
2022-08-01 15:30:46.1624 INFO GetUnRentedMovies initiated
2022-08-01 15:30:49.2349 INFO GeUserstRentedMovies initiated
2022-08-01 15:30:49.2749 INFO GetUnRentedMovies initiated
2022-08-01 15:30:50.8618 INFO GeUserstRentedMovies initiated
2022-08-01 15:30:50.8936 INFO GetUnRentedMovies initiated
2022-08-01 15:30:52.2713 INFO GeUserstRentedMovies initiated
2022-08-01 15:30:52.3608 INFO GetUnRentedMovies initiated
2022-08-01 15:30:54.4480 INFO GeUserstRentedMovies initiated
2022-08-01 15:30:54.4728 INFO GetUnRentedMovies initiated
2022-08-01 15:30:56.2601 INFO GeUserstRentedMovies initiated
2022-08-01 15:30:56.2820 INFO GetUnRentedMovies initiated
2022-08-01 15:43:01.6947 INFO GeUserstRentedMovies initiated
2022-08-01 15:43:01.7334 INFO GetUnRentedMovies initiated
2022-08-01 15:43:18.4730 INFO GeUserstRentedMovies initiated
2022-08-01 15:43:19.5180 INFO GetUnRentedMovies initiated
2022-08-01 15:43:27.0014 INFO RentMovie initiated
2022-08-01 15:43:27.0014 INFO RentMovie initiated
2022-08-01 15:43:27.0014 INFO RentMovie initiated
2022-08-01 15:43:28.5059 INFO GeUserstRentedMovies initiated
2022-08-01 15:43:28.5059 INFO GeUserstRentedMovies initiated
2022-08-01 15:43:28.5059 INFO GeUserstRentedMovies initiated
2022-08-01 15:43:30.9202 INFO UnRentMovie initiated
2022-08-01 15:43:31.2117 INFO GeUserstRentedMovies initiated
2022-08-01 15:43:31.2668 INFO GeUserstRentedMovies initiated
2022-08-01 15:43:31.2668 INFO GeUserstRentedMovies initiated
2022-08-01 15:43:31.2668 INFO GeUserstRentedMovies initiated
2022-08-01 15:43:31.9176 INFO UnRentMovie initiated
2022-08-01 15:43:32.1300 INFO GeUserstRentedMovies initiated
2022-08-01 15:43:32.2124 INFO GeUserstRentedMovies initiated
2022-08-01 15:43:32.2124 INFO GeUserstRentedMovies initiated
2022-08-01 15:43:32.2478 INFO GeUserstRentedMovies initiated
2022-08-01 15:43:32.9231 INFO UnRentMovie initiated
2022-08-01 15:43:33.1179 INFO GeUserstRentedMovies initiated
2022-08-01 15:43:33.1540 INFO GeUserstRentedMovies initiated
2022-08-01 15:43:33.1540 INFO GeUserstRentedMovies initiated
2022-08-01 15:43:33.1540 INFO GeUserstRentedMovies initiated
2022-08-01 15:43:39.1004 INFO GetUnRentedMovies initiated
