2022-08-09 12:10:14.9733 WARN Sensitive data logging is enabled. Log entries and exception messages may include sensitive application data; this mode should only be enabled during development.
2022-08-09 12:10:16.1239 WARN Role (null) validation failed: DuplicateRoleName;DuplicateRoleName.
2022-08-09 12:10:16.1314 WARN Role (null) validation failed: DuplicateRoleName;DuplicateRoleName.
2022-08-09 12:10:16.1314 WARN Role (null) validation failed: DuplicateRoleName;DuplicateRoleName.
2022-08-09 12:13:47.7236 WARN Sensitive data logging is enabled. Log entries and exception messages may include sensitive application data; this mode should only be enabled during development.
2022-08-09 12:13:48.5082 WARN Role (null) validation failed: DuplicateRoleName;DuplicateRoleName.
2022-08-09 12:13:48.5082 WARN Role (null) validation failed: DuplicateRoleName;DuplicateRoleName.
2022-08-09 12:13:48.5082 WARN Role (null) validation failed: DuplicateRoleName;DuplicateRoleName.
2022-08-09 12:14:20.3810 INFO GetUnRentedMovies initiated
2022-08-09 12:14:20.3810 INFO GeUserstRentedMovies initiated
2022-08-09 12:16:29.7220 INFO GeUserstRentedMovies initiated
2022-08-09 12:16:45.2949 INFO AddMovie initiated
2022-08-09 12:16:48.0481 INFO AddMovie initiated
2022-08-09 12:16:52.3365 INFO GeUserstRentedMovies initiated
2022-08-09 12:16:52.3365 INFO GeUserstRentedMovies initiated
2022-08-09 12:16:52.3488 INFO GeUserstRentedMovies initiated
2022-08-09 12:24:57.3200 INFO GeUserstRentedMovies initiated
2022-08-09 12:24:57.3200 INFO GeUserstRentedMovies initiated
2022-08-09 12:24:57.3200 INFO GeUserstRentedMovies initiated
2022-08-09 12:25:00.2697 INFO GeUserstRentedMovies initiated
2022-08-09 12:25:00.3179 INFO GeUserstRentedMovies initiated
2022-08-09 12:25:00.3179 INFO GeUserstRentedMovies initiated
2022-08-09 12:25:00.3179 INFO GeUserstRentedMovies initiated
2022-08-09 12:25:04.3585 INFO GeUserstRentedMovies initiated
2022-08-09 12:25:04.4195 INFO GeUserstRentedMovies initiated
2022-08-09 12:25:04.4195 INFO GeUserstRentedMovies initiated
2022-08-09 12:25:04.4195 INFO GeUserstRentedMovies initiated
2022-08-09 12:32:53.7221 WARN Sensitive data logging is enabled. Log entries and exception messages may include sensitive application data; this mode should only be enabled during development.
2022-08-09 12:32:54.5283 WARN Role (null) validation failed: DuplicateRoleName;DuplicateRoleName.
2022-08-09 12:32:54.5283 WARN Role (null) validation failed: DuplicateRoleName;DuplicateRoleName.
2022-08-09 12:32:54.5354 WARN Role (null) validation failed: DuplicateRoleName;DuplicateRoleName.
2022-08-09 12:33:02.3589 INFO GeUserstRentedMovies initiated
2022-08-09 12:33:02.3589 INFO GeUserstRentedMovies initiated
2022-08-09 12:33:02.3589 INFO GeUserstRentedMovies initiated
2022-08-09 12:33:02.4873 INFO GeUserstRentedMovies initiated
2022-08-09 12:39:20.1172 INFO CreateMovieRole initiated
2022-08-09 12:39:26.7135 INFO CreateMovieRole initiated
2022-08-09 12:39:26.8524 ERROR Exception Caught
2022-08-09 12:49:33.9462 INFO GeUserstRentedMovies initiated
2022-08-09 12:49:33.9462 INFO GeUserstRentedMovies initiated
2022-08-09 12:49:33.9462 INFO GeUserstRentedMovies initiated
2022-08-09 12:49:38.5883 INFO GeUserstRentedMovies initiated
2022-08-09 12:49:39.6294 INFO GetUnRentedMovies initiated
2022-08-09 13:04:52.9979 INFO CreateMovieRole initiated
2022-08-09 13:07:43.2907 INFO GeUserstRentedMovies initiated
2022-08-09 13:07:44.4761 INFO GeUserstRentedMovies initiated
2022-08-09 13:07:44.4830 INFO GeUserstRentedMovies initiated
2022-08-09 13:07:44.4830 INFO GeUserstRentedMovies initiated
2022-08-09 13:23:51.5775 INFO GeUserstRentedMovies initiated
2022-08-09 13:23:51.7308 INFO GeUserstRentedMovies initiated
2022-08-09 13:23:51.7676 INFO GeUserstRentedMovies initiated
2022-08-09 13:23:51.7775 INFO GeUserstRentedMovies initiated
2022-08-09 13:23:56.3183 INFO GeUserstRentedMovies initiated
2022-08-09 13:23:56.3495 INFO GeUserstRentedMovies initiated
2022-08-09 13:23:56.3495 INFO GeUserstRentedMovies initiated
2022-08-09 13:23:56.3495 INFO GeUserstRentedMovies initiated
2022-08-09 13:24:00.3646 INFO GeUserstRentedMovies initiated
2022-08-09 13:24:00.4038 INFO GeUserstRentedMovies initiated
2022-08-09 13:24:00.4038 INFO GeUserstRentedMovies initiated
2022-08-09 13:24:00.4038 INFO GeUserstRentedMovies initiated
2022-08-09 13:24:41.8555 INFO GeUserstRentedMovies initiated
2022-08-09 13:24:41.9003 INFO GeUserstRentedMovies initiated
2022-08-09 13:24:41.9003 INFO GeUserstRentedMovies initiated
2022-08-09 13:24:41.9003 INFO GeUserstRentedMovies initiated
2022-08-09 13:24:44.0352 INFO GeUserstRentedMovies initiated
2022-08-09 13:24:44.0840 INFO GeUserstRentedMovies initiated
2022-08-09 13:24:44.0840 INFO GeUserstRentedMovies initiated
2022-08-09 13:24:44.0850 INFO GeUserstRentedMovies initiated
2022-08-09 13:24:44.8455 INFO GeUserstRentedMovies initiated
2022-08-09 13:24:44.8790 INFO GeUserstRentedMovies initiated
2022-08-09 13:24:44.8790 INFO GeUserstRentedMovies initiated
2022-08-09 13:24:44.8790 INFO GeUserstRentedMovies initiated
2022-08-09 13:24:45.4531 INFO GeUserstRentedMovies initiated
2022-08-09 13:24:45.4847 INFO GeUserstRentedMovies initiated
2022-08-09 13:24:45.4847 INFO GeUserstRentedMovies initiated
2022-08-09 13:24:45.4847 INFO GeUserstRentedMovies initiated
2022-08-09 13:24:47.8870 INFO GeUserstRentedMovies initiated
2022-08-09 13:24:47.9217 INFO GeUserstRentedMovies initiated
2022-08-09 13:24:47.9217 INFO GeUserstRentedMovies initiated
2022-08-09 13:24:47.9217 INFO GeUserstRentedMovies initiated
2022-08-09 13:24:48.5190 INFO GeUserstRentedMovies initiated
2022-08-09 13:24:48.5457 INFO GeUserstRentedMovies initiated
2022-08-09 13:24:48.5457 INFO GeUserstRentedMovies initiated
2022-08-09 13:24:48.5457 INFO GeUserstRentedMovies initiated
2022-08-09 13:24:49.2139 INFO GeUserstRentedMovies initiated
2022-08-09 13:24:49.2440 INFO GeUserstRentedMovies initiated
2022-08-09 13:24:49.2440 INFO GeUserstRentedMovies initiated
2022-08-09 13:24:49.2440 INFO GeUserstRentedMovies initiated
2022-08-09 13:24:49.6731 INFO GeUserstRentedMovies initiated
2022-08-09 13:24:49.7015 INFO GeUserstRentedMovies initiated
2022-08-09 13:24:49.7015 INFO GeUserstRentedMovies initiated
2022-08-09 13:24:49.7015 INFO GeUserstRentedMovies initiated
2022-08-09 13:25:38.0268 INFO GeUserstRentedMovies initiated
2022-08-09 13:25:38.0855 INFO GeUserstRentedMovies initiated
2022-08-09 13:25:38.0926 INFO GeUserstRentedMovies initiated
2022-08-09 13:25:38.0926 INFO GeUserstRentedMovies initiated
2022-08-09 13:25:49.9059 INFO GeUserstRentedMovies initiated
2022-08-09 13:25:49.9614 INFO GeUserstRentedMovies initiated
2022-08-09 13:25:49.9614 INFO GeUserstRentedMovies initiated
2022-08-09 13:25:49.9614 INFO GeUserstRentedMovies initiated
2022-08-09 14:39:18.1670 INFO GetRoles initiated
2022-08-09 14:42:10.5050 WARN Sensitive data logging is enabled. Log entries and exception messages may include sensitive application data; this mode should only be enabled during development.
2022-08-09 14:42:11.7482 WARN Role (null) validation failed: DuplicateRoleName;DuplicateRoleName.
2022-08-09 14:42:11.7482 WARN Role (null) validation failed: DuplicateRoleName;DuplicateRoleName.
2022-08-09 14:42:11.7482 WARN Role (null) validation failed: DuplicateRoleName;DuplicateRoleName.
2022-08-09 14:42:16.2107 INFO GeUserstRentedMovies initiated
2022-08-09 14:42:16.2107 INFO GeUserstRentedMovies initiated
2022-08-09 14:42:16.2107 INFO GeUserstRentedMovies initiated
2022-08-09 14:42:16.3437 INFO GeUserstRentedMovies initiated
2022-08-09 14:42:17.7643 INFO GeUserstRentedMovies initiated
2022-08-09 14:42:17.7943 INFO GeUserstRentedMovies initiated
2022-08-09 14:42:17.8002 INFO GeUserstRentedMovies initiated
2022-08-09 14:42:17.8002 INFO GeUserstRentedMovies initiated
2022-08-09 14:42:52.6475 INFO GeUserstRentedMovies initiated
2022-08-09 14:42:52.7255 INFO GeUserstRentedMovies initiated
2022-08-09 14:42:52.7255 INFO GeUserstRentedMovies initiated
2022-08-09 14:42:52.7255 INFO GeUserstRentedMovies initiated
2022-08-09 14:43:47.9861 INFO GeUserstRentedMovies initiated
2022-08-09 14:43:48.0531 INFO GeUserstRentedMovies initiated
2022-08-09 14:43:48.0531 INFO GeUserstRentedMovies initiated
2022-08-09 14:43:48.0620 INFO GeUserstRentedMovies initiated
2022-08-09 14:43:51.8465 INFO GeUserstRentedMovies initiated
2022-08-09 14:43:51.9116 INFO GeUserstRentedMovies initiated
2022-08-09 14:43:51.9242 INFO GeUserstRentedMovies initiated
2022-08-09 14:43:51.9242 INFO GeUserstRentedMovies initiated
2022-08-09 14:43:53.0227 INFO GeUserstRentedMovies initiated
2022-08-09 14:43:53.1355 INFO GeUserstRentedMovies initiated
2022-08-09 14:43:53.1432 INFO GeUserstRentedMovies initiated
2022-08-09 14:43:53.1432 INFO GeUserstRentedMovies initiated
2022-08-09 14:43:54.8662 INFO GeUserstRentedMovies initiated
2022-08-09 14:43:54.9375 INFO GeUserstRentedMovies initiated
2022-08-09 14:43:54.9375 INFO GeUserstRentedMovies initiated
2022-08-09 14:43:54.9375 INFO GeUserstRentedMovies initiated
2022-08-09 14:44:00.2526 INFO GeUserstRentedMovies initiated
2022-08-09 14:44:00.3096 INFO GeUserstRentedMovies initiated
2022-08-09 14:44:00.3123 INFO GeUserstRentedMovies initiated
2022-08-09 14:44:00.3123 INFO GeUserstRentedMovies initiated
2022-08-09 14:44:17.8338 INFO GeUserstRentedMovies initiated
2022-08-09 14:44:19.5143 INFO GeUserstRentedMovies initiated
2022-08-09 14:44:19.5143 INFO GeUserstRentedMovies initiated
2022-08-09 14:44:19.5143 INFO GeUserstRentedMovies initiated
2022-08-09 14:44:25.0560 INFO GeUserstRentedMovies initiated
2022-08-09 14:44:25.1379 INFO GeUserstRentedMovies initiated
2022-08-09 14:44:25.1418 INFO GeUserstRentedMovies initiated
2022-08-09 14:44:25.1418 INFO GeUserstRentedMovies initiated
2022-08-09 14:44:42.0753 INFO GeUserstRentedMovies initiated
2022-08-09 14:44:43.6724 INFO GeUserstRentedMovies initiated
2022-08-09 14:44:43.6724 INFO GeUserstRentedMovies initiated
2022-08-09 14:44:43.6724 INFO GeUserstRentedMovies initiated
2022-08-09 14:44:48.3423 INFO GeUserstRentedMovies initiated
2022-08-09 14:44:48.4104 INFO GeUserstRentedMovies initiated
2022-08-09 14:44:48.4104 INFO GeUserstRentedMovies initiated
2022-08-09 14:44:48.4104 INFO GeUserstRentedMovies initiated
2022-08-09 14:46:08.1202 INFO GeUserstRentedMovies initiated
2022-08-09 14:46:08.1892 INFO GeUserstRentedMovies initiated
2022-08-09 14:46:08.1892 INFO GeUserstRentedMovies initiated
2022-08-09 14:46:08.1892 INFO GeUserstRentedMovies initiated
2022-08-09 15:21:33.9913 WARN Sensitive data logging is enabled. Log entries and exception messages may include sensitive application data; this mode should only be enabled during development.
2022-08-09 15:21:34.7513 WARN Role (null) validation failed: DuplicateRoleName;DuplicateRoleName.
2022-08-09 15:21:34.7513 WARN Role (null) validation failed: DuplicateRoleName;DuplicateRoleName.
2022-08-09 15:21:34.7513 WARN Role (null) validation failed: DuplicateRoleName;DuplicateRoleName.
2022-08-09 15:21:50.1445 INFO GeUserstRentedMovies initiated
2022-08-09 15:21:50.1445 INFO GeUserstRentedMovies initiated
2022-08-09 15:21:50.1445 INFO GeUserstRentedMovies initiated
2022-08-09 15:21:50.2761 INFO GeUserstRentedMovies initiated
2022-08-09 15:22:00.3654 INFO GeUserstRentedMovies initiated
2022-08-09 15:22:00.3924 INFO GeUserstRentedMovies initiated
2022-08-09 15:22:00.3924 INFO GeUserstRentedMovies initiated
2022-08-09 15:22:00.4053 INFO GeUserstRentedMovies initiated
2022-08-09 15:22:02.3175 INFO GeUserstRentedMovies initiated
2022-08-09 15:22:02.3562 INFO GeUserstRentedMovies initiated
2022-08-09 15:22:02.3580 INFO GeUserstRentedMovies initiated
2022-08-09 15:22:02.3580 INFO GeUserstRentedMovies initiated
2022-08-09 15:22:03.7732 INFO GeUserstRentedMovies initiated
2022-08-09 15:22:03.8080 INFO GeUserstRentedMovies initiated
2022-08-09 15:22:03.8080 INFO GeUserstRentedMovies initiated
2022-08-09 15:22:03.8080 INFO GeUserstRentedMovies initiated
2022-08-09 15:22:04.6354 INFO GeUserstRentedMovies initiated
2022-08-09 15:22:04.6877 INFO GeUserstRentedMovies initiated
2022-08-09 15:22:04.6877 INFO GeUserstRentedMovies initiated
2022-08-09 15:22:04.6877 INFO GeUserstRentedMovies initiated
2022-08-09 15:22:05.2917 INFO GeUserstRentedMovies initiated
2022-08-09 15:22:05.3186 INFO GeUserstRentedMovies initiated
2022-08-09 15:22:05.3186 INFO GeUserstRentedMovies initiated
2022-08-09 15:22:05.3186 INFO GeUserstRentedMovies initiated
2022-08-09 15:22:05.9174 INFO GeUserstRentedMovies initiated
2022-08-09 15:22:05.9542 INFO GeUserstRentedMovies initiated
2022-08-09 15:22:05.9706 INFO GeUserstRentedMovies initiated
2022-08-09 15:22:05.9706 INFO GeUserstRentedMovies initiated
2022-08-09 15:22:06.4735 INFO GeUserstRentedMovies initiated
2022-08-09 15:22:06.5045 INFO GeUserstRentedMovies initiated
2022-08-09 15:22:06.5045 INFO GeUserstRentedMovies initiated
2022-08-09 15:22:06.5045 INFO GeUserstRentedMovies initiated
2022-08-09 15:22:07.0348 INFO GeUserstRentedMovies initiated
2022-08-09 15:22:07.0945 INFO GeUserstRentedMovies initiated
2022-08-09 15:22:07.0945 INFO GeUserstRentedMovies initiated
2022-08-09 15:22:07.0945 INFO GeUserstRentedMovies initiated
2022-08-09 15:22:07.4928 INFO GeUserstRentedMovies initiated
2022-08-09 15:22:07.5236 INFO GeUserstRentedMovies initiated
2022-08-09 15:22:07.5236 INFO GeUserstRentedMovies initiated
2022-08-09 15:22:07.5236 INFO GeUserstRentedMovies initiated
2022-08-09 15:22:07.8082 INFO GeUserstRentedMovies initiated
2022-08-09 15:22:07.8356 INFO GeUserstRentedMovies initiated
2022-08-09 15:22:07.8356 INFO GeUserstRentedMovies initiated
2022-08-09 15:22:07.8356 INFO GeUserstRentedMovies initiated
2022-08-09 15:22:08.5713 INFO GeUserstRentedMovies initiated
2022-08-09 15:22:08.6040 INFO GeUserstRentedMovies initiated
2022-08-09 15:22:08.6040 INFO GeUserstRentedMovies initiated
2022-08-09 15:22:08.6040 INFO GeUserstRentedMovies initiated
2022-08-09 15:22:09.3187 INFO GeUserstRentedMovies initiated
2022-08-09 15:22:09.3415 INFO GeUserstRentedMovies initiated
2022-08-09 15:22:09.3415 INFO GeUserstRentedMovies initiated
2022-08-09 15:22:09.3415 INFO GeUserstRentedMovies initiated
2022-08-09 15:22:10.3914 INFO GeUserstRentedMovies initiated
2022-08-09 15:22:10.4194 INFO GeUserstRentedMovies initiated
2022-08-09 15:22:10.4260 INFO GeUserstRentedMovies initiated
2022-08-09 15:22:10.4260 INFO GeUserstRentedMovies initiated
2022-08-09 15:22:10.9695 INFO GeUserstRentedMovies initiated
2022-08-09 15:22:10.9967 INFO GeUserstRentedMovies initiated
2022-08-09 15:22:10.9995 INFO GeUserstRentedMovies initiated
2022-08-09 15:22:10.9995 INFO GeUserstRentedMovies initiated
2022-08-09 15:22:11.5559 INFO GeUserstRentedMovies initiated
2022-08-09 15:22:11.5849 INFO GeUserstRentedMovies initiated
2022-08-09 15:22:11.5849 INFO GeUserstRentedMovies initiated
2022-08-09 15:22:11.5849 INFO GeUserstRentedMovies initiated
2022-08-09 15:22:22.7704 INFO GeUserstRentedMovies initiated
2022-08-09 15:22:22.7935 INFO GeUserstRentedMovies initiated
2022-08-09 15:22:22.7971 INFO GeUserstRentedMovies initiated
2022-08-09 15:22:22.7971 INFO GeUserstRentedMovies initiated
2022-08-09 15:22:24.4411 INFO GeUserstRentedMovies initiated
2022-08-09 15:22:24.4725 INFO GeUserstRentedMovies initiated
2022-08-09 15:22:24.4725 INFO GeUserstRentedMovies initiated
2022-08-09 15:22:24.4725 INFO GeUserstRentedMovies initiated
2022-08-09 15:22:25.0317 INFO GeUserstRentedMovies initiated
2022-08-09 15:22:25.0612 INFO GeUserstRentedMovies initiated
2022-08-09 15:22:25.0612 INFO GeUserstRentedMovies initiated
2022-08-09 15:22:25.0612 INFO GeUserstRentedMovies initiated
2022-08-09 15:22:25.5776 INFO GeUserstRentedMovies initiated
2022-08-09 15:22:25.6125 INFO GeUserstRentedMovies initiated
2022-08-09 15:22:25.6125 INFO GeUserstRentedMovies initiated
2022-08-09 15:22:25.6125 INFO GeUserstRentedMovies initiated
2022-08-09 15:22:26.0914 INFO GeUserstRentedMovies initiated
2022-08-09 15:22:26.1215 INFO GeUserstRentedMovies initiated
2022-08-09 15:22:26.1215 INFO GeUserstRentedMovies initiated
2022-08-09 15:22:26.1215 INFO GeUserstRentedMovies initiated
2022-08-09 15:22:26.5566 INFO GeUserstRentedMovies initiated
2022-08-09 15:22:26.5875 INFO GeUserstRentedMovies initiated
2022-08-09 15:22:26.5875 INFO GeUserstRentedMovies initiated
2022-08-09 15:22:26.5927 INFO GeUserstRentedMovies initiated
2022-08-09 15:22:28.2030 INFO GeUserstRentedMovies initiated
2022-08-09 15:22:28.2391 INFO GeUserstRentedMovies initiated
2022-08-09 15:22:28.2391 INFO GeUserstRentedMovies initiated
2022-08-09 15:22:28.2391 INFO GeUserstRentedMovies initiated
2022-08-09 15:22:28.8626 INFO GeUserstRentedMovies initiated
2022-08-09 15:22:28.9034 INFO GeUserstRentedMovies initiated
2022-08-09 15:22:28.9042 INFO GeUserstRentedMovies initiated
2022-08-09 15:22:28.9042 INFO GeUserstRentedMovies initiated
2022-08-09 15:22:29.4626 INFO GeUserstRentedMovies initiated
2022-08-09 15:22:29.4975 INFO GeUserstRentedMovies initiated
2022-08-09 15:22:29.5015 INFO GeUserstRentedMovies initiated
2022-08-09 15:22:29.5015 INFO GeUserstRentedMovies initiated
2022-08-09 15:22:29.9948 INFO GeUserstRentedMovies initiated
2022-08-09 15:22:30.0197 INFO GeUserstRentedMovies initiated
2022-08-09 15:22:30.0197 INFO GeUserstRentedMovies initiated
2022-08-09 15:22:30.0197 INFO GeUserstRentedMovies initiated
2022-08-09 15:22:30.5308 INFO GeUserstRentedMovies initiated
2022-08-09 15:22:30.5668 INFO GeUserstRentedMovies initiated
2022-08-09 15:22:30.5668 INFO GeUserstRentedMovies initiated
2022-08-09 15:22:30.5668 INFO GeUserstRentedMovies initiated
2022-08-09 15:22:31.0407 INFO GeUserstRentedMovies initiated
2022-08-09 15:22:31.0792 INFO GeUserstRentedMovies initiated
2022-08-09 15:22:31.0792 INFO GeUserstRentedMovies initiated
2022-08-09 15:22:31.0792 INFO GeUserstRentedMovies initiated
2022-08-09 15:22:31.5992 INFO GeUserstRentedMovies initiated
2022-08-09 15:22:31.6312 INFO GeUserstRentedMovies initiated
2022-08-09 15:22:31.6312 INFO GeUserstRentedMovies initiated
2022-08-09 15:22:31.6312 INFO GeUserstRentedMovies initiated
2022-08-09 15:22:32.1265 INFO GeUserstRentedMovies initiated
2022-08-09 15:22:32.1789 INFO GeUserstRentedMovies initiated
2022-08-09 15:22:32.1789 INFO GeUserstRentedMovies initiated
2022-08-09 15:22:32.1789 INFO GeUserstRentedMovies initiated
2022-08-09 15:22:38.8965 INFO GeUserstRentedMovies initiated
2022-08-09 15:22:38.9509 INFO GeUserstRentedMovies initiated
2022-08-09 15:22:38.9509 INFO GeUserstRentedMovies initiated
2022-08-09 15:22:38.9509 INFO GeUserstRentedMovies initiated
2022-08-09 15:22:50.5745 INFO GeUserstRentedMovies initiated
2022-08-09 15:22:50.6355 INFO GeUserstRentedMovies initiated
2022-08-09 15:22:50.6387 INFO GeUserstRentedMovies initiated
2022-08-09 15:22:50.6387 INFO GeUserstRentedMovies initiated
2022-08-09 15:22:55.1009 INFO GeUserstRentedMovies initiated
2022-08-09 15:22:55.1458 INFO GeUserstRentedMovies initiated
2022-08-09 15:22:55.1458 INFO GeUserstRentedMovies initiated
2022-08-09 15:22:55.1458 INFO GeUserstRentedMovies initiated
2022-08-09 15:22:56.1422 INFO GeUserstRentedMovies initiated
2022-08-09 15:22:56.1857 INFO GeUserstRentedMovies initiated
2022-08-09 15:22:56.1857 INFO GeUserstRentedMovies initiated
2022-08-09 15:22:56.1857 INFO GeUserstRentedMovies initiated
2022-08-09 15:23:04.5370 INFO GeUserstRentedMovies initiated
2022-08-09 15:23:04.6842 INFO GeUserstRentedMovies initiated
2022-08-09 15:23:04.6879 INFO GeUserstRentedMovies initiated
2022-08-09 15:23:04.6879 INFO GeUserstRentedMovies initiated
2022-08-09 15:23:05.6611 INFO GeUserstRentedMovies initiated
2022-08-09 15:23:05.6867 INFO GeUserstRentedMovies initiated
2022-08-09 15:23:05.6867 INFO GeUserstRentedMovies initiated
2022-08-09 15:23:05.6867 INFO GeUserstRentedMovies initiated
2022-08-09 15:23:09.3741 INFO GeUserstRentedMovies initiated
2022-08-09 15:23:09.4154 INFO GeUserstRentedMovies initiated
2022-08-09 15:23:09.4154 INFO GeUserstRentedMovies initiated
2022-08-09 15:23:09.4154 INFO GeUserstRentedMovies initiated
2022-08-09 15:23:13.2026 INFO GeUserstRentedMovies initiated
2022-08-09 15:23:13.2244 INFO GeUserstRentedMovies initiated
2022-08-09 15:23:13.2244 INFO GeUserstRentedMovies initiated
2022-08-09 15:23:13.2244 INFO GeUserstRentedMovies initiated
2022-08-09 15:23:16.2948 INFO GeUserstRentedMovies initiated
2022-08-09 15:23:16.3223 INFO GeUserstRentedMovies initiated
2022-08-09 15:23:16.3263 INFO GeUserstRentedMovies initiated
2022-08-09 15:23:16.3263 INFO GeUserstRentedMovies initiated
2022-08-09 15:23:17.1570 INFO GeUserstRentedMovies initiated
2022-08-09 15:23:17.1880 INFO GeUserstRentedMovies initiated
2022-08-09 15:23:17.1880 INFO GeUserstRentedMovies initiated
2022-08-09 15:23:17.1880 INFO GeUserstRentedMovies initiated
2022-08-09 15:23:18.0207 INFO GeUserstRentedMovies initiated
2022-08-09 15:23:18.0547 INFO GeUserstRentedMovies initiated
2022-08-09 15:23:18.0547 INFO GeUserstRentedMovies initiated
2022-08-09 15:23:18.0547 INFO GeUserstRentedMovies initiated
2022-08-09 15:24:46.4887 INFO GeUserstRentedMovies initiated
2022-08-09 15:24:46.5325 INFO GeUserstRentedMovies initiated
2022-08-09 15:24:46.5325 INFO GeUserstRentedMovies initiated
2022-08-09 15:24:46.5325 INFO GeUserstRentedMovies initiated
2022-08-09 15:24:47.6685 INFO GeUserstRentedMovies initiated
2022-08-09 15:24:47.7014 INFO GeUserstRentedMovies initiated
2022-08-09 15:24:47.7014 INFO GeUserstRentedMovies initiated
2022-08-09 15:24:47.7014 INFO GeUserstRentedMovies initiated
2022-08-09 15:25:08.5888 INFO GeUserstRentedMovies initiated
2022-08-09 15:25:08.6280 INFO GeUserstRentedMovies initiated
2022-08-09 15:25:08.6280 INFO GeUserstRentedMovies initiated
2022-08-09 15:25:08.6280 INFO GeUserstRentedMovies initiated
2022-08-09 15:25:15.2313 INFO GeUserstRentedMovies initiated
2022-08-09 15:25:15.2836 INFO GeUserstRentedMovies initiated
2022-08-09 15:25:15.2836 INFO GeUserstRentedMovies initiated
2022-08-09 15:25:15.2836 INFO GeUserstRentedMovies initiated
2022-08-09 15:25:26.3301 INFO CreateMovieRole initiated
2022-08-09 15:25:26.4465 ERROR Exception Caught
2022-08-09 15:25:54.0410 INFO GeUserstRentedMovies initiated
2022-08-09 15:25:54.0971 INFO GeUserstRentedMovies initiated
2022-08-09 15:25:54.0971 INFO GeUserstRentedMovies initiated
2022-08-09 15:25:54.0971 INFO GeUserstRentedMovies initiated
2022-08-09 15:25:56.7203 INFO GeUserstRentedMovies initiated
2022-08-09 15:25:56.7505 INFO GeUserstRentedMovies initiated
2022-08-09 15:25:56.7505 INFO GeUserstRentedMovies initiated
2022-08-09 15:25:56.7505 INFO GeUserstRentedMovies initiated
2022-08-09 15:26:25.9264 INFO GeUserstRentedMovies initiated
2022-08-09 15:26:26.0702 INFO GeUserstRentedMovies initiated
2022-08-09 15:26:26.0702 INFO GeUserstRentedMovies initiated
2022-08-09 15:26:26.0785 INFO GeUserstRentedMovies initiated
2022-08-09 15:26:57.7870 INFO GeUserstRentedMovies initiated
2022-08-09 15:26:57.8511 INFO GeUserstRentedMovies initiated
2022-08-09 15:26:57.8511 INFO GeUserstRentedMovies initiated
2022-08-09 15:26:57.8511 INFO GeUserstRentedMovies initiated
2022-08-09 15:28:29.0601 INFO GeUserstRentedMovies initiated
2022-08-09 15:28:29.1278 INFO GeUserstRentedMovies initiated
2022-08-09 15:28:29.1382 INFO GeUserstRentedMovies initiated
2022-08-09 15:28:29.1382 INFO GeUserstRentedMovies initiated
2022-08-09 15:28:42.2258 INFO GeUserstRentedMovies initiated
2022-08-09 15:28:42.2877 INFO GeUserstRentedMovies initiated
2022-08-09 15:28:42.2877 INFO GeUserstRentedMovies initiated
2022-08-09 15:28:42.2877 INFO GeUserstRentedMovies initiated
2022-08-09 15:28:56.6149 INFO GeUserstRentedMovies initiated
2022-08-09 15:28:56.6548 INFO GeUserstRentedMovies initiated
2022-08-09 15:28:56.6548 INFO GeUserstRentedMovies initiated
2022-08-09 15:28:56.6548 INFO GeUserstRentedMovies initiated
2022-08-09 15:29:29.4332 INFO GetRoles initiated
2022-08-09 15:29:52.5557 INFO GeUserstRentedMovies initiated
2022-08-09 15:29:52.6341 INFO GeUserstRentedMovies initiated
2022-08-09 15:29:52.6492 INFO GeUserstRentedMovies initiated
2022-08-09 15:29:52.6557 INFO GeUserstRentedMovies initiated
2022-08-09 15:30:37.9808 INFO GeUserstRentedMovies initiated
2022-08-09 15:30:38.0546 INFO GeUserstRentedMovies initiated
2022-08-09 15:30:38.0647 INFO GeUserstRentedMovies initiated
2022-08-09 15:30:38.0647 INFO GeUserstRentedMovies initiated
2022-08-09 15:30:42.3857 INFO GeUserstRentedMovies initiated
2022-08-09 15:30:42.4338 INFO GeUserstRentedMovies initiated
2022-08-09 15:30:42.4379 INFO GeUserstRentedMovies initiated
2022-08-09 15:30:42.4379 INFO GeUserstRentedMovies initiated
2022-08-09 15:30:45.7526 INFO GeUserstRentedMovies initiated
2022-08-09 15:30:45.8161 INFO GeUserstRentedMovies initiated
2022-08-09 15:30:45.8323 INFO GeUserstRentedMovies initiated
2022-08-09 15:30:45.8323 INFO GeUserstRentedMovies initiated
2022-08-09 15:30:51.6187 INFO GeUserstRentedMovies initiated
2022-08-09 15:30:51.6526 INFO GeUserstRentedMovies initiated
2022-08-09 15:30:51.6565 INFO GeUserstRentedMovies initiated
2022-08-09 15:30:51.6565 INFO GeUserstRentedMovies initiated
2022-08-09 15:30:55.5402 INFO GeUserstRentedMovies initiated
2022-08-09 15:30:55.6125 INFO GeUserstRentedMovies initiated
2022-08-09 15:30:55.6125 INFO GeUserstRentedMovies initiated
2022-08-09 15:30:55.6125 INFO GeUserstRentedMovies initiated
2022-08-09 15:30:57.7617 INFO GeUserstRentedMovies initiated
2022-08-09 15:30:57.8178 INFO GeUserstRentedMovies initiated
2022-08-09 15:30:57.8178 INFO GeUserstRentedMovies initiated
2022-08-09 15:30:57.8178 INFO GeUserstRentedMovies initiated
2022-08-09 15:31:00.5587 INFO GeUserstRentedMovies initiated
2022-08-09 15:31:00.6410 INFO GeUserstRentedMovies initiated
2022-08-09 15:31:00.6410 INFO GeUserstRentedMovies initiated
2022-08-09 15:31:00.6410 INFO GeUserstRentedMovies initiated
2022-08-09 15:31:09.8000 INFO CreateMovieRole initiated
2022-08-09 15:31:15.2935 INFO GetRoles initiated
2022-08-09 15:31:41.8880 INFO GeUserstRentedMovies initiated
2022-08-09 15:31:41.9590 INFO GeUserstRentedMovies initiated
2022-08-09 15:31:41.9729 INFO GeUserstRentedMovies initiated
2022-08-09 15:31:41.9729 INFO GeUserstRentedMovies initiated
2022-08-09 15:31:46.9150 INFO GeUserstRentedMovies initiated
2022-08-09 15:31:46.9875 INFO GeUserstRentedMovies initiated
2022-08-09 15:31:46.9875 INFO GeUserstRentedMovies initiated
2022-08-09 15:31:46.9875 INFO GeUserstRentedMovies initiated
2022-08-09 15:34:11.6034 INFO GeUserstRentedMovies initiated
2022-08-09 15:34:11.6787 INFO GeUserstRentedMovies initiated
2022-08-09 15:34:11.6900 INFO GeUserstRentedMovies initiated
2022-08-09 15:34:11.6900 INFO GeUserstRentedMovies initiated
2022-08-09 15:34:14.1259 INFO GeUserstRentedMovies initiated
2022-08-09 15:34:14.2011 INFO GeUserstRentedMovies initiated
2022-08-09 15:34:14.2011 INFO GeUserstRentedMovies initiated
2022-08-09 15:34:14.2011 INFO GeUserstRentedMovies initiated
2022-08-09 15:34:21.0581 INFO GeUserstRentedMovies initiated
2022-08-09 15:34:21.1293 INFO GeUserstRentedMovies initiated
2022-08-09 15:34:21.1293 INFO GeUserstRentedMovies initiated
2022-08-09 15:34:21.1293 INFO GeUserstRentedMovies initiated
2022-08-09 15:34:23.2341 INFO GeUserstRentedMovies initiated
2022-08-09 15:34:23.2982 INFO GeUserstRentedMovies initiated
2022-08-09 15:34:23.2982 INFO GeUserstRentedMovies initiated
2022-08-09 15:34:23.2982 INFO GeUserstRentedMovies initiated
2022-08-09 15:34:27.3947 INFO GeUserstRentedMovies initiated
2022-08-09 15:34:27.4727 INFO GeUserstRentedMovies initiated
2022-08-09 15:34:27.4727 INFO GeUserstRentedMovies initiated
2022-08-09 15:34:27.4727 INFO GeUserstRentedMovies initiated
2022-08-09 15:35:05.1192 INFO GeUserstRentedMovies initiated
2022-08-09 15:35:05.2246 INFO GeUserstRentedMovies initiated
2022-08-09 15:35:05.2423 INFO GeUserstRentedMovies initiated
2022-08-09 15:35:05.2503 INFO GeUserstRentedMovies initiated
2022-08-09 15:35:26.1714 INFO GeUserstRentedMovies initiated
2022-08-09 15:35:26.3108 INFO GeUserstRentedMovies initiated
2022-08-09 15:35:26.3108 INFO GeUserstRentedMovies initiated
2022-08-09 15:35:26.3261 INFO GeUserstRentedMovies initiated
2022-08-09 15:35:42.1160 INFO GeUserstRentedMovies initiated
2022-08-09 15:35:42.1800 INFO GeUserstRentedMovies initiated
2022-08-09 15:35:42.1856 INFO GeUserstRentedMovies initiated
2022-08-09 15:35:42.1856 INFO GeUserstRentedMovies initiated
2022-08-09 15:36:02.2265 INFO GeUserstRentedMovies initiated
2022-08-09 15:36:02.2842 INFO GeUserstRentedMovies initiated
2022-08-09 15:36:02.2842 INFO GeUserstRentedMovies initiated
2022-08-09 15:36:02.2842 INFO GeUserstRentedMovies initiated
2022-08-09 15:36:12.5444 INFO GeUserstRentedMovies initiated
2022-08-09 15:36:12.6042 INFO GeUserstRentedMovies initiated
2022-08-09 15:36:12.6100 INFO GeUserstRentedMovies initiated
2022-08-09 15:36:12.6100 INFO GeUserstRentedMovies initiated
2022-08-09 15:36:14.7598 INFO GeUserstRentedMovies initiated
2022-08-09 15:36:14.8275 INFO GeUserstRentedMovies initiated
2022-08-09 15:36:14.8275 INFO GeUserstRentedMovies initiated
2022-08-09 15:36:14.8275 INFO GeUserstRentedMovies initiated
2022-08-09 15:36:18.0811 INFO GeUserstRentedMovies initiated
2022-08-09 15:36:18.1288 INFO GeUserstRentedMovies initiated
2022-08-09 15:36:18.1440 INFO GeUserstRentedMovies initiated
2022-08-09 15:36:18.1440 INFO GeUserstRentedMovies initiated
2022-08-09 15:36:21.1725 INFO GeUserstRentedMovies initiated
2022-08-09 15:36:21.1990 INFO GeUserstRentedMovies initiated
2022-08-09 15:36:21.1990 INFO GeUserstRentedMovies initiated
2022-08-09 15:36:21.2040 INFO GeUserstRentedMovies initiated
2022-08-09 15:36:23.6361 INFO GeUserstRentedMovies initiated
2022-08-09 15:36:23.6876 INFO GeUserstRentedMovies initiated
2022-08-09 15:36:23.6876 INFO GeUserstRentedMovies initiated
2022-08-09 15:36:23.6876 INFO GeUserstRentedMovies initiated
2022-08-09 15:36:25.4009 INFO GeUserstRentedMovies initiated
2022-08-09 15:36:25.4592 INFO GeUserstRentedMovies initiated
2022-08-09 15:36:25.4592 INFO GeUserstRentedMovies initiated
2022-08-09 15:36:25.4592 INFO GeUserstRentedMovies initiated
2022-08-09 15:42:57.5710 INFO GeUserstRentedMovies initiated
2022-08-09 15:42:57.6697 INFO GeUserstRentedMovies initiated
2022-08-09 15:42:57.6697 INFO GeUserstRentedMovies initiated
2022-08-09 15:42:57.6697 INFO GeUserstRentedMovies initiated
2022-08-09 15:43:02.9012 INFO GeUserstRentedMovies initiated
2022-08-09 15:43:03.0046 INFO GeUserstRentedMovies initiated
2022-08-09 15:43:03.0046 INFO GeUserstRentedMovies initiated
2022-08-09 15:43:03.0189 INFO GeUserstRentedMovies initiated
2022-08-09 15:43:19.1866 INFO GeUserstRentedMovies initiated
2022-08-09 15:43:19.2504 INFO GeUserstRentedMovies initiated
2022-08-09 15:43:19.2504 INFO GeUserstRentedMovies initiated
2022-08-09 15:43:19.2504 INFO GeUserstRentedMovies initiated
2022-08-09 15:43:33.4183 INFO GeUserstRentedMovies initiated
2022-08-09 15:43:33.4520 INFO GeUserstRentedMovies initiated
2022-08-09 15:43:33.4520 INFO GeUserstRentedMovies initiated
2022-08-09 15:43:33.4520 INFO GeUserstRentedMovies initiated
2022-08-09 15:43:37.5025 INFO GeUserstRentedMovies initiated
2022-08-09 15:43:37.5502 INFO GeUserstRentedMovies initiated
2022-08-09 15:43:37.5502 INFO GeUserstRentedMovies initiated
2022-08-09 15:43:37.5502 INFO GeUserstRentedMovies initiated
2022-08-09 15:44:23.9571 INFO GeUserstRentedMovies initiated
2022-08-09 15:44:24.0356 INFO GeUserstRentedMovies initiated
2022-08-09 15:44:24.0481 INFO GeUserstRentedMovies initiated
2022-08-09 15:44:24.0481 INFO GeUserstRentedMovies initiated
2022-08-09 15:44:33.3027 INFO GeUserstRentedMovies initiated
2022-08-09 15:44:33.3512 INFO GeUserstRentedMovies initiated
2022-08-09 15:44:33.3601 INFO GeUserstRentedMovies initiated
2022-08-09 15:44:33.3601 INFO GeUserstRentedMovies initiated
2022-08-09 15:44:35.7118 INFO GeUserstRentedMovies initiated
2022-08-09 15:44:35.7853 INFO GeUserstRentedMovies initiated
2022-08-09 15:44:35.7853 INFO GeUserstRentedMovies initiated
2022-08-09 15:44:35.7853 INFO GeUserstRentedMovies initiated
2022-08-09 15:44:37.9746 INFO GeUserstRentedMovies initiated
2022-08-09 15:44:38.0116 INFO GeUserstRentedMovies initiated
2022-08-09 15:44:38.0136 INFO GeUserstRentedMovies initiated
2022-08-09 15:44:38.0136 INFO GeUserstRentedMovies initiated
2022-08-09 15:44:39.8475 INFO GeUserstRentedMovies initiated
2022-08-09 15:44:39.9286 INFO GeUserstRentedMovies initiated
2022-08-09 15:44:39.9364 INFO GeUserstRentedMovies initiated
2022-08-09 15:44:39.9364 INFO GeUserstRentedMovies initiated
2022-08-09 15:44:40.8518 INFO GeUserstRentedMovies initiated
2022-08-09 15:44:40.9071 INFO GeUserstRentedMovies initiated
2022-08-09 15:44:40.9071 INFO GeUserstRentedMovies initiated
2022-08-09 15:44:40.9071 INFO GeUserstRentedMovies initiated
2022-08-09 15:46:40.5983 INFO GeUserstRentedMovies initiated
2022-08-09 15:46:40.6482 INFO GeUserstRentedMovies initiated
2022-08-09 15:46:40.6609 INFO GeUserstRentedMovies initiated
2022-08-09 15:46:40.6609 INFO GeUserstRentedMovies initiated
2022-08-09 15:46:59.7453 INFO GeUserstRentedMovies initiated
2022-08-09 15:46:59.8065 INFO GeUserstRentedMovies initiated
2022-08-09 15:46:59.8124 INFO GeUserstRentedMovies initiated
2022-08-09 15:46:59.8124 INFO GeUserstRentedMovies initiated
2022-08-09 15:47:21.0833 INFO GeUserstRentedMovies initiated
2022-08-09 15:47:21.1429 INFO GeUserstRentedMovies initiated
2022-08-09 15:47:21.1429 INFO GeUserstRentedMovies initiated
2022-08-09 15:47:21.1429 INFO GeUserstRentedMovies initiated
2022-08-09 15:47:27.5794 INFO GeUserstRentedMovies initiated
2022-08-09 15:47:27.6351 INFO GeUserstRentedMovies initiated
2022-08-09 15:47:27.6398 INFO GeUserstRentedMovies initiated
2022-08-09 15:47:27.6398 INFO GeUserstRentedMovies initiated
2022-08-09 15:47:32.7777 INFO GeUserstRentedMovies initiated
2022-08-09 15:47:32.8594 INFO GeUserstRentedMovies initiated
2022-08-09 15:47:32.8594 INFO GeUserstRentedMovies initiated
2022-08-09 15:47:32.8594 INFO GeUserstRentedMovies initiated
2022-08-09 15:48:50.5804 INFO GeUserstRentedMovies initiated
2022-08-09 15:48:50.6358 INFO GeUserstRentedMovies initiated
2022-08-09 15:48:50.6486 INFO GeUserstRentedMovies initiated
2022-08-09 15:48:50.6486 INFO GeUserstRentedMovies initiated
2022-08-09 15:48:55.3629 INFO GeUserstRentedMovies initiated
2022-08-09 15:48:55.4451 INFO GeUserstRentedMovies initiated
2022-08-09 15:48:55.4451 INFO GeUserstRentedMovies initiated
2022-08-09 15:48:55.4451 INFO GeUserstRentedMovies initiated
2022-08-09 15:49:01.3654 INFO GeUserstRentedMovies initiated
2022-08-09 15:49:01.4543 INFO GeUserstRentedMovies initiated
2022-08-09 15:49:01.4543 INFO GeUserstRentedMovies initiated
2022-08-09 15:49:01.4543 INFO GeUserstRentedMovies initiated
2022-08-09 15:49:03.4874 INFO GeUserstRentedMovies initiated
2022-08-09 15:49:03.5530 INFO GeUserstRentedMovies initiated
2022-08-09 15:49:03.5530 INFO GeUserstRentedMovies initiated
2022-08-09 15:49:03.5530 INFO GeUserstRentedMovies initiated
2022-08-09 15:49:06.0042 INFO GeUserstRentedMovies initiated
2022-08-09 15:49:06.0601 INFO GeUserstRentedMovies initiated
2022-08-09 15:49:06.0601 INFO GeUserstRentedMovies initiated
2022-08-09 15:49:06.0601 INFO GeUserstRentedMovies initiated
2022-08-09 15:49:08.6068 INFO GeUserstRentedMovies initiated
2022-08-09 15:49:08.6619 INFO GeUserstRentedMovies initiated
2022-08-09 15:49:08.6619 INFO GeUserstRentedMovies initiated
2022-08-09 15:49:08.6711 INFO GeUserstRentedMovies initiated
2022-08-09 15:49:13.7816 INFO GeUserstRentedMovies initiated
2022-08-09 15:49:13.8518 INFO GeUserstRentedMovies initiated
2022-08-09 15:49:13.8518 INFO GeUserstRentedMovies initiated
2022-08-09 15:49:13.8518 INFO GeUserstRentedMovies initiated
2022-08-09 15:49:16.2194 INFO GeUserstRentedMovies initiated
2022-08-09 15:49:16.2784 INFO GeUserstRentedMovies initiated
2022-08-09 15:49:16.2833 INFO GeUserstRentedMovies initiated
2022-08-09 15:49:16.2833 INFO GeUserstRentedMovies initiated
2022-08-09 15:49:19.0433 INFO GeUserstRentedMovies initiated
2022-08-09 15:49:19.0947 INFO GeUserstRentedMovies initiated
2022-08-09 15:49:19.0947 INFO GeUserstRentedMovies initiated
2022-08-09 15:49:19.0947 INFO GeUserstRentedMovies initiated
2022-08-09 15:49:33.4704 INFO GeUserstRentedMovies initiated
2022-08-09 15:49:33.5248 INFO GeUserstRentedMovies initiated
2022-08-09 15:49:33.5303 INFO GeUserstRentedMovies initiated
2022-08-09 15:49:33.5303 INFO GeUserstRentedMovies initiated
2022-08-09 15:49:35.4802 INFO GeUserstRentedMovies initiated
2022-08-09 15:49:35.5431 INFO GeUserstRentedMovies initiated
2022-08-09 15:49:35.5466 INFO GeUserstRentedMovies initiated
2022-08-09 15:49:35.5466 INFO GeUserstRentedMovies initiated
2022-08-09 15:49:38.1229 INFO GeUserstRentedMovies initiated
2022-08-09 15:49:38.1684 INFO GeUserstRentedMovies initiated
2022-08-09 15:49:38.1705 INFO GeUserstRentedMovies initiated
2022-08-09 15:49:38.1705 INFO GeUserstRentedMovies initiated
2022-08-09 15:49:43.1987 INFO GeUserstRentedMovies initiated
2022-08-09 15:49:43.2451 INFO GeUserstRentedMovies initiated
2022-08-09 15:49:43.2510 INFO GeUserstRentedMovies initiated
2022-08-09 15:49:43.2510 INFO GeUserstRentedMovies initiated
2022-08-09 15:49:45.6415 INFO GeUserstRentedMovies initiated
2022-08-09 15:49:45.7057 INFO GeUserstRentedMovies initiated
2022-08-09 15:49:45.7057 INFO GeUserstRentedMovies initiated
2022-08-09 15:49:45.7057 INFO GeUserstRentedMovies initiated
2022-08-09 15:49:47.9424 INFO GeUserstRentedMovies initiated
2022-08-09 15:49:47.9986 INFO GeUserstRentedMovies initiated
2022-08-09 15:49:47.9986 INFO GeUserstRentedMovies initiated
2022-08-09 15:49:47.9986 INFO GeUserstRentedMovies initiated
2022-08-09 15:49:49.4761 INFO GeUserstRentedMovies initiated
2022-08-09 15:49:49.5425 INFO GeUserstRentedMovies initiated
2022-08-09 15:49:49.5533 INFO GeUserstRentedMovies initiated
2022-08-09 15:49:49.5533 INFO GeUserstRentedMovies initiated
2022-08-09 15:49:51.1490 INFO GeUserstRentedMovies initiated
2022-08-09 15:49:51.2049 INFO GeUserstRentedMovies initiated
2022-08-09 15:49:51.2049 INFO GeUserstRentedMovies initiated
2022-08-09 15:49:51.2049 INFO GeUserstRentedMovies initiated
2022-08-09 15:49:53.1763 INFO GeUserstRentedMovies initiated
2022-08-09 15:49:53.2611 INFO GeUserstRentedMovies initiated
2022-08-09 15:49:53.2611 INFO GeUserstRentedMovies initiated
2022-08-09 15:49:53.2663 INFO GeUserstRentedMovies initiated
2022-08-09 15:49:59.3255 INFO GeUserstRentedMovies initiated
2022-08-09 15:49:59.3804 INFO GeUserstRentedMovies initiated
2022-08-09 15:49:59.3804 INFO GeUserstRentedMovies initiated
2022-08-09 15:49:59.3804 INFO GeUserstRentedMovies initiated
2022-08-09 15:50:03.5497 INFO GeUserstRentedMovies initiated
2022-08-09 15:50:03.6149 INFO GeUserstRentedMovies initiated
2022-08-09 15:50:03.6149 INFO GeUserstRentedMovies initiated
2022-08-09 15:50:03.6149 INFO GeUserstRentedMovies initiated
2022-08-09 15:55:43.1924 INFO GeUserstRentedMovies initiated
2022-08-09 15:55:43.2467 INFO GeUserstRentedMovies initiated
2022-08-09 15:55:43.2467 INFO GeUserstRentedMovies initiated
2022-08-09 15:55:43.2630 INFO GeUserstRentedMovies initiated
2022-08-09 15:55:59.5411 INFO AddMovie initiated
2022-08-09 15:56:02.1768 INFO GeUserstRentedMovies initiated
2022-08-09 15:56:02.1768 INFO GeUserstRentedMovies initiated
2022-08-09 15:56:02.1768 INFO GeUserstRentedMovies initiated
2022-08-09 15:56:04.6469 INFO GeUserstRentedMovies initiated
2022-08-09 15:56:04.7014 INFO GeUserstRentedMovies initiated
2022-08-09 15:56:04.7014 INFO GeUserstRentedMovies initiated
2022-08-09 15:56:04.7014 INFO GeUserstRentedMovies initiated
2022-08-09 15:56:07.0840 INFO GeUserstRentedMovies initiated
2022-08-09 15:56:07.1404 INFO GeUserstRentedMovies initiated
2022-08-09 15:56:07.1404 INFO GeUserstRentedMovies initiated
2022-08-09 15:56:07.1404 INFO GeUserstRentedMovies initiated
2022-08-09 15:56:08.9394 INFO GeUserstRentedMovies initiated
2022-08-09 15:56:08.9826 INFO GeUserstRentedMovies initiated
2022-08-09 15:56:08.9826 INFO GeUserstRentedMovies initiated
2022-08-09 15:56:08.9826 INFO GeUserstRentedMovies initiated
2022-08-09 15:56:40.1162 WARN Sensitive data logging is enabled. Log entries and exception messages may include sensitive application data; this mode should only be enabled during development.
2022-08-09 15:56:40.9378 WARN Role (null) validation failed: DuplicateRoleName;DuplicateRoleName.
2022-08-09 15:56:40.9378 WARN Role (null) validation failed: DuplicateRoleName;DuplicateRoleName.
2022-08-09 15:56:40.9378 WARN Role (null) validation failed: DuplicateRoleName;DuplicateRoleName.
2022-08-09 15:56:59.9372 INFO GeUserstRentedMovies initiated
2022-08-09 15:56:59.9372 INFO GeUserstRentedMovies initiated
2022-08-09 15:56:59.9372 INFO GeUserstRentedMovies initiated
2022-08-09 15:57:00.1703 INFO GeUserstRentedMovies initiated
2022-08-09 16:03:05.5013 INFO GeUserstRentedMovies initiated
2022-08-09 16:03:05.5564 INFO GeUserstRentedMovies initiated
2022-08-09 16:03:05.5671 INFO GeUserstRentedMovies initiated
2022-08-09 16:03:05.5671 INFO GeUserstRentedMovies initiated
2022-08-09 16:03:07.7987 INFO GeUserstRentedMovies initiated
2022-08-09 16:03:07.8420 INFO GeUserstRentedMovies initiated
2022-08-09 16:03:07.8420 INFO GeUserstRentedMovies initiated
2022-08-09 16:03:07.8420 INFO GeUserstRentedMovies initiated
2022-08-09 16:03:08.8580 INFO GeUserstRentedMovies initiated
2022-08-09 16:03:08.8979 INFO GeUserstRentedMovies initiated
2022-08-09 16:03:08.8979 INFO GeUserstRentedMovies initiated
2022-08-09 16:03:08.9080 INFO GeUserstRentedMovies initiated
2022-08-09 16:03:10.2932 INFO GeUserstRentedMovies initiated
2022-08-09 16:03:10.3263 INFO GeUserstRentedMovies initiated
2022-08-09 16:03:10.3263 INFO GeUserstRentedMovies initiated
2022-08-09 16:03:10.3263 INFO GeUserstRentedMovies initiated
2022-08-09 16:03:11.8224 INFO GeUserstRentedMovies initiated
2022-08-09 16:03:11.8532 INFO GeUserstRentedMovies initiated
2022-08-09 16:03:11.8532 INFO GeUserstRentedMovies initiated
2022-08-09 16:03:11.8532 INFO GeUserstRentedMovies initiated
2022-08-09 16:03:12.7522 INFO GeUserstRentedMovies initiated
2022-08-09 16:03:12.7895 INFO GeUserstRentedMovies initiated
2022-08-09 16:03:12.7895 INFO GeUserstRentedMovies initiated
2022-08-09 16:03:12.7895 INFO GeUserstRentedMovies initiated
2022-08-09 16:03:20.7780 INFO GeUserstRentedMovies initiated
2022-08-09 16:03:20.8060 INFO GeUserstRentedMovies initiated
2022-08-09 16:03:20.8103 INFO GeUserstRentedMovies initiated
2022-08-09 16:03:20.8103 INFO GeUserstRentedMovies initiated
2022-08-09 16:03:23.0212 INFO GeUserstRentedMovies initiated
2022-08-09 16:03:23.0938 INFO GeUserstRentedMovies initiated
2022-08-09 16:03:23.0938 INFO GeUserstRentedMovies initiated
2022-08-09 16:03:23.0938 INFO GeUserstRentedMovies initiated
2022-08-09 16:03:23.7886 INFO GeUserstRentedMovies initiated
2022-08-09 16:03:23.8189 INFO GeUserstRentedMovies initiated
2022-08-09 16:03:23.8189 INFO GeUserstRentedMovies initiated
2022-08-09 16:03:23.8189 INFO GeUserstRentedMovies initiated
2022-08-09 16:03:24.6996 INFO GeUserstRentedMovies initiated
2022-08-09 16:03:24.7306 INFO GeUserstRentedMovies initiated
2022-08-09 16:03:24.7306 INFO GeUserstRentedMovies initiated
2022-08-09 16:03:24.7306 INFO GeUserstRentedMovies initiated
2022-08-09 16:03:25.3919 INFO GeUserstRentedMovies initiated
2022-08-09 16:03:25.6931 INFO GeUserstRentedMovies initiated
2022-08-09 16:03:25.6931 INFO GeUserstRentedMovies initiated
2022-08-09 16:03:25.6931 INFO GeUserstRentedMovies initiated
2022-08-09 16:03:26.0887 INFO GeUserstRentedMovies initiated
2022-08-09 16:03:26.1169 INFO GeUserstRentedMovies initiated
2022-08-09 16:03:26.1169 INFO GeUserstRentedMovies initiated
2022-08-09 16:03:26.1169 INFO GeUserstRentedMovies initiated
2022-08-09 16:03:26.7723 INFO GeUserstRentedMovies initiated
2022-08-09 16:03:26.8004 INFO GeUserstRentedMovies initiated
2022-08-09 16:03:26.8004 INFO GeUserstRentedMovies initiated
2022-08-09 16:03:26.8004 INFO GeUserstRentedMovies initiated
2022-08-09 16:03:27.4726 INFO GeUserstRentedMovies initiated
2022-08-09 16:03:27.5164 INFO GeUserstRentedMovies initiated
2022-08-09 16:03:27.5164 INFO GeUserstRentedMovies initiated
2022-08-09 16:03:27.5164 INFO GeUserstRentedMovies initiated
2022-08-09 16:03:28.0677 INFO GeUserstRentedMovies initiated
2022-08-09 16:03:28.0965 INFO GeUserstRentedMovies initiated
2022-08-09 16:03:28.0965 INFO GeUserstRentedMovies initiated
2022-08-09 16:03:28.0965 INFO GeUserstRentedMovies initiated
2022-08-09 16:03:31.5548 INFO GeUserstRentedMovies initiated
2022-08-09 16:03:31.5782 INFO GeUserstRentedMovies initiated
2022-08-09 16:03:31.5782 INFO GeUserstRentedMovies initiated
2022-08-09 16:03:31.5782 INFO GeUserstRentedMovies initiated
2022-08-09 16:03:33.0018 INFO GeUserstRentedMovies initiated
2022-08-09 16:03:33.0337 INFO GeUserstRentedMovies initiated
2022-08-09 16:03:33.0337 INFO GeUserstRentedMovies initiated
2022-08-09 16:03:33.0337 INFO GeUserstRentedMovies initiated
2022-08-09 16:03:33.9815 INFO GeUserstRentedMovies initiated
2022-08-09 16:03:34.0166 INFO GeUserstRentedMovies initiated
2022-08-09 16:03:34.0166 INFO GeUserstRentedMovies initiated
2022-08-09 16:03:34.0166 INFO GeUserstRentedMovies initiated
2022-08-09 16:03:34.6169 INFO GeUserstRentedMovies initiated
2022-08-09 16:03:34.6475 INFO GeUserstRentedMovies initiated
2022-08-09 16:03:34.6475 INFO GeUserstRentedMovies initiated
2022-08-09 16:03:34.6475 INFO GeUserstRentedMovies initiated
2022-08-09 16:03:35.2587 INFO GeUserstRentedMovies initiated
2022-08-09 16:03:35.2886 INFO GeUserstRentedMovies initiated
2022-08-09 16:03:35.2886 INFO GeUserstRentedMovies initiated
2022-08-09 16:03:35.2886 INFO GeUserstRentedMovies initiated
2022-08-09 16:03:35.8119 INFO GeUserstRentedMovies initiated
2022-08-09 16:03:35.8511 INFO GeUserstRentedMovies initiated
2022-08-09 16:03:35.8511 INFO GeUserstRentedMovies initiated
2022-08-09 16:03:35.8511 INFO GeUserstRentedMovies initiated
2022-08-09 16:03:36.8793 INFO GeUserstRentedMovies initiated
2022-08-09 16:03:36.9241 INFO GeUserstRentedMovies initiated
2022-08-09 16:03:36.9241 INFO GeUserstRentedMovies initiated
2022-08-09 16:03:36.9241 INFO GeUserstRentedMovies initiated
2022-08-09 16:03:37.4520 INFO GeUserstRentedMovies initiated
2022-08-09 16:03:37.4929 INFO GeUserstRentedMovies initiated
2022-08-09 16:03:37.4929 INFO GeUserstRentedMovies initiated
2022-08-09 16:03:37.4929 INFO GeUserstRentedMovies initiated
2022-08-09 16:03:38.0434 INFO GeUserstRentedMovies initiated
2022-08-09 16:03:38.0738 INFO GeUserstRentedMovies initiated
2022-08-09 16:03:38.0786 INFO GeUserstRentedMovies initiated
2022-08-09 16:03:38.0786 INFO GeUserstRentedMovies initiated
2022-08-09 16:05:10.0615 INFO GeUserstRentedMovies initiated
2022-08-09 16:05:10.1233 INFO GeUserstRentedMovies initiated
2022-08-09 16:05:10.1233 INFO GeUserstRentedMovies initiated
2022-08-09 16:05:10.1233 INFO GeUserstRentedMovies initiated
2022-08-09 16:05:15.7806 INFO GeUserstRentedMovies initiated
2022-08-09 16:05:15.8409 INFO GeUserstRentedMovies initiated
2022-08-09 16:05:15.8481 INFO GeUserstRentedMovies initiated
2022-08-09 16:05:15.8481 INFO GeUserstRentedMovies initiated
2022-08-09 16:05:20.3003 INFO GeUserstRentedMovies initiated
2022-08-09 16:05:20.3545 INFO GeUserstRentedMovies initiated
2022-08-09 16:05:20.3587 INFO GeUserstRentedMovies initiated
2022-08-09 16:05:20.3587 INFO GeUserstRentedMovies initiated
2022-08-09 16:05:38.2246 INFO GeUserstRentedMovies initiated
2022-08-09 16:05:38.2945 INFO GeUserstRentedMovies initiated
2022-08-09 16:05:38.2945 INFO GeUserstRentedMovies initiated
2022-08-09 16:05:38.2945 INFO GeUserstRentedMovies initiated
2022-08-09 16:05:40.5166 INFO GeUserstRentedMovies initiated
2022-08-09 16:05:40.5759 INFO GeUserstRentedMovies initiated
2022-08-09 16:05:40.5759 INFO GeUserstRentedMovies initiated
2022-08-09 16:05:40.5759 INFO GeUserstRentedMovies initiated
2022-08-09 16:05:44.6314 INFO GeUserstRentedMovies initiated
2022-08-09 16:05:44.7063 INFO GeUserstRentedMovies initiated
2022-08-09 16:05:44.7063 INFO GeUserstRentedMovies initiated
2022-08-09 16:05:44.7063 INFO GeUserstRentedMovies initiated
2022-08-09 16:05:51.6336 INFO GeUserstRentedMovies initiated
2022-08-09 16:05:51.6904 INFO GeUserstRentedMovies initiated
2022-08-09 16:05:51.6904 INFO GeUserstRentedMovies initiated
2022-08-09 16:05:51.6904 INFO GeUserstRentedMovies initiated
2022-08-09 16:05:57.8653 INFO GeUserstRentedMovies initiated
2022-08-09 16:05:57.9218 INFO GeUserstRentedMovies initiated
2022-08-09 16:05:57.9218 INFO GeUserstRentedMovies initiated
2022-08-09 16:05:57.9218 INFO GeUserstRentedMovies initiated
2022-08-09 16:06:00.2357 INFO GeUserstRentedMovies initiated
2022-08-09 16:06:00.2964 INFO GeUserstRentedMovies initiated
2022-08-09 16:06:00.2964 INFO GeUserstRentedMovies initiated
2022-08-09 16:06:00.2964 INFO GeUserstRentedMovies initiated
2022-08-09 16:06:02.7970 INFO GeUserstRentedMovies initiated
2022-08-09 16:06:02.8658 INFO GeUserstRentedMovies initiated
2022-08-09 16:06:02.8658 INFO GeUserstRentedMovies initiated
2022-08-09 16:06:02.8658 INFO GeUserstRentedMovies initiated
2022-08-09 16:06:04.8485 INFO GeUserstRentedMovies initiated
2022-08-09 16:06:04.9072 INFO GeUserstRentedMovies initiated
2022-08-09 16:06:04.9072 INFO GeUserstRentedMovies initiated
2022-08-09 16:06:04.9072 INFO GeUserstRentedMovies initiated
2022-08-09 16:06:10.3676 INFO GeUserstRentedMovies initiated
2022-08-09 16:06:10.4510 INFO GeUserstRentedMovies initiated
2022-08-09 16:06:10.4510 INFO GeUserstRentedMovies initiated
2022-08-09 16:06:10.4510 INFO GeUserstRentedMovies initiated
2022-08-09 16:06:14.6545 INFO GeUserstRentedMovies initiated
2022-08-09 16:06:14.7651 INFO GeUserstRentedMovies initiated
2022-08-09 16:06:14.7651 INFO GeUserstRentedMovies initiated
2022-08-09 16:06:14.7651 INFO GeUserstRentedMovies initiated
2022-08-09 16:06:21.7426 INFO GeUserstRentedMovies initiated
2022-08-09 16:06:21.8056 INFO GeUserstRentedMovies initiated
2022-08-09 16:06:21.8056 INFO GeUserstRentedMovies initiated
2022-08-09 16:06:21.8121 INFO GeUserstRentedMovies initiated
2022-08-09 16:06:31.7712 INFO GeUserstRentedMovies initiated
2022-08-09 16:06:31.8286 INFO GeUserstRentedMovies initiated
2022-08-09 16:06:31.8286 INFO GeUserstRentedMovies initiated
2022-08-09 16:06:31.8286 INFO GeUserstRentedMovies initiated
2022-08-09 16:06:41.3794 INFO GeUserstRentedMovies initiated
2022-08-09 16:06:41.4673 INFO GeUserstRentedMovies initiated
2022-08-09 16:06:41.4673 INFO GeUserstRentedMovies initiated
2022-08-09 16:06:41.4673 INFO GeUserstRentedMovies initiated
2022-08-09 16:06:43.3777 INFO GeUserstRentedMovies initiated
2022-08-09 16:06:43.4442 INFO GeUserstRentedMovies initiated
2022-08-09 16:06:43.4442 INFO GeUserstRentedMovies initiated
2022-08-09 16:06:43.4442 INFO GeUserstRentedMovies initiated
2022-08-09 16:06:55.1151 INFO GeUserstRentedMovies initiated
2022-08-09 16:06:55.1765 INFO GeUserstRentedMovies initiated
2022-08-09 16:06:55.1765 INFO GeUserstRentedMovies initiated
2022-08-09 16:06:55.1765 INFO GeUserstRentedMovies initiated
2022-08-09 16:08:14.8119 INFO GeUserstRentedMovies initiated
2022-08-09 16:08:14.8709 INFO GeUserstRentedMovies initiated
2022-08-09 16:08:14.8789 INFO GeUserstRentedMovies initiated
2022-08-09 16:08:14.8789 INFO GeUserstRentedMovies initiated
2022-08-09 16:08:18.7514 INFO GeUserstRentedMovies initiated
2022-08-09 16:08:18.8094 INFO GeUserstRentedMovies initiated
2022-08-09 16:08:18.8138 INFO GeUserstRentedMovies initiated
2022-08-09 16:08:18.8138 INFO GeUserstRentedMovies initiated
2022-08-09 16:08:20.9316 INFO GeUserstRentedMovies initiated
2022-08-09 16:08:20.9416 INFO GeUserstRentedMovies initiated
2022-08-09 16:08:20.9416 INFO GeUserstRentedMovies initiated
2022-08-09 16:08:20.9997 INFO GeUserstRentedMovies initiated
2022-08-09 16:08:21.9684 INFO GeUserstRentedMovies initiated
2022-08-09 16:08:21.9969 INFO GeUserstRentedMovies initiated
2022-08-09 16:08:21.9969 INFO GeUserstRentedMovies initiated
2022-08-09 16:08:21.9969 INFO GeUserstRentedMovies initiated
2022-08-09 16:08:22.5744 INFO GeUserstRentedMovies initiated
2022-08-09 16:08:22.6013 INFO GeUserstRentedMovies initiated
2022-08-09 16:08:22.6013 INFO GeUserstRentedMovies initiated
2022-08-09 16:08:22.6013 INFO GeUserstRentedMovies initiated
2022-08-09 16:12:58.7336 INFO GeUserstRentedMovies initiated
2022-08-09 16:13:01.5111 INFO GetUnRentedMovies initiated
2022-08-09 16:28:29.0712 INFO GeUserstRentedMovies initiated
2022-08-09 16:28:29.1183 INFO GetUnRentedMovies initiated
2022-08-09 16:28:47.4470 INFO GeUserstRentedMovies initiated
2022-08-09 16:28:47.5135 INFO GetUnRentedMovies initiated
2022-08-09 16:28:49.1645 INFO GeUserstRentedMovies initiated
2022-08-09 16:28:49.1959 INFO GetUnRentedMovies initiated
2022-08-09 16:29:07.6379 INFO GeUserstRentedMovies initiated
2022-08-09 16:29:07.6717 INFO GetUnRentedMovies initiated
2022-08-09 16:29:36.2636 INFO GeUserstRentedMovies initiated
2022-08-09 16:29:36.3049 INFO GetUnRentedMovies initiated
2022-08-09 16:29:39.5454 INFO GeUserstRentedMovies initiated
2022-08-09 16:29:39.5936 INFO GetUnRentedMovies initiated
2022-08-09 16:29:41.0556 INFO GeUserstRentedMovies initiated
2022-08-09 16:29:41.0761 INFO GetUnRentedMovies initiated
2022-08-09 16:30:27.1709 INFO GeUserstRentedMovies initiated
2022-08-09 16:30:27.2167 INFO GetUnRentedMovies initiated
2022-08-09 16:31:06.4368 INFO GeUserstRentedMovies initiated
2022-08-09 16:31:06.5066 INFO GetUnRentedMovies initiated
2022-08-09 16:31:11.7824 INFO GeUserstRentedMovies initiated
2022-08-09 16:31:11.8395 INFO GetUnRentedMovies initiated
2022-08-09 16:31:25.0396 INFO GeUserstRentedMovies initiated
2022-08-09 16:31:25.1007 INFO GetUnRentedMovies initiated
2022-08-09 16:32:21.2781 INFO GeUserstRentedMovies initiated
2022-08-09 16:32:21.3290 INFO GetUnRentedMovies initiated
2022-08-09 16:35:56.1807 INFO GeUserstRentedMovies initiated
2022-08-09 16:35:56.1936 INFO GetUnRentedMovies initiated
2022-08-09 16:36:11.4555 INFO GeUserstRentedMovies initiated
2022-08-09 16:36:11.4755 INFO GetUnRentedMovies initiated
2022-08-09 16:37:09.2384 INFO GeUserstRentedMovies initiated
2022-08-09 16:37:09.4143 INFO GetUnRentedMovies initiated
2022-08-09 16:37:09.6114 INFO GeUserstRentedMovies initiated
2022-08-09 16:37:09.6599 INFO GetUnRentedMovies initiated
2022-08-09 16:37:13.2719 INFO GeUserstRentedMovies initiated
2022-08-09 16:37:13.2914 INFO GetUnRentedMovies initiated
2022-08-09 16:37:22.7619 INFO GeUserstRentedMovies initiated
2022-08-09 16:37:22.7927 INFO GetUnRentedMovies initiated
2022-08-09 16:37:49.4891 INFO GeUserstRentedMovies initiated
2022-08-09 16:37:49.5223 INFO GetUnRentedMovies initiated
2022-08-09 16:37:54.3461 INFO GeUserstRentedMovies initiated
2022-08-09 16:37:54.3814 INFO GetUnRentedMovies initiated
2022-08-09 16:37:58.4587 INFO GeUserstRentedMovies initiated
2022-08-09 16:37:58.4923 INFO GetUnRentedMovies initiated
2022-08-09 16:38:09.6928 INFO GeUserstRentedMovies initiated
2022-08-09 16:38:09.7246 INFO GetUnRentedMovies initiated
2022-08-09 16:38:13.2923 INFO GeUserstRentedMovies initiated
2022-08-09 16:38:13.3293 INFO GetUnRentedMovies initiated
2022-08-09 16:38:15.4051 INFO GeUserstRentedMovies initiated
2022-08-09 16:38:15.4301 INFO GetUnRentedMovies initiated
2022-08-09 16:38:26.4589 INFO GeUserstRentedMovies initiated
2022-08-09 16:38:26.5090 INFO GetUnRentedMovies initiated
2022-08-09 16:49:48.1632 WARN Sensitive data logging is enabled. Log entries and exception messages may include sensitive application data; this mode should only be enabled during development.
2022-08-09 16:49:48.9827 WARN Role (null) validation failed: DuplicateRoleName;DuplicateRoleName.
2022-08-09 16:49:48.9827 WARN Role (null) validation failed: DuplicateRoleName;DuplicateRoleName.
2022-08-09 16:49:48.9827 WARN Role (null) validation failed: DuplicateRoleName;DuplicateRoleName.
2022-08-09 16:53:20.4585 WARN Sensitive data logging is enabled. Log entries and exception messages may include sensitive application data; this mode should only be enabled during development.
2022-08-09 16:53:21.3330 WARN Role (null) validation failed: DuplicateRoleName;DuplicateRoleName.
2022-08-09 16:53:21.3330 WARN Role (null) validation failed: DuplicateRoleName;DuplicateRoleName.
2022-08-09 16:53:21.3330 WARN Role (null) validation failed: DuplicateRoleName;DuplicateRoleName.
2022-08-09 16:53:33.8848 INFO GetRoles initiated
2022-08-09 16:55:19.7406 INFO GeUserstRentedMovies initiated
2022-08-09 16:55:19.7406 INFO GetUnRentedMovies initiated
2022-08-09 16:55:20.2705 INFO GeUserstRentedMovies initiated
2022-08-09 16:55:20.2949 INFO GetUnRentedMovies initiated
2022-08-09 16:56:21.5553 INFO GeUserstRentedMovies initiated
2022-08-09 16:56:21.6219 INFO GetUnRentedMovies initiated
2022-08-09 16:56:34.4638 INFO GeUserstRentedMovies initiated
2022-08-09 16:56:34.5114 INFO GetUnRentedMovies initiated
2022-08-09 16:56:37.4277 INFO GetUnRentedMovies initiated
2022-08-09 17:00:08.2056 INFO GeUserstRentedMovies initiated
2022-08-09 17:00:08.2929 INFO GetUnRentedMovies initiated
2022-08-09 17:00:14.0999 INFO GetRoles initiated
2022-08-09 17:00:25.1897 INFO GetRoles initiated
2022-08-09 17:00:42.5709 INFO GeUserstRentedMovies initiated
2022-08-09 17:00:42.6239 INFO GetUnRentedMovies initiated
2022-08-09 17:00:43.3216 INFO GeUserstRentedMovies initiated
2022-08-09 17:00:43.3443 INFO GetUnRentedMovies initiated
2022-08-09 17:00:45.8814 INFO GeUserstRentedMovies initiated
2022-08-09 17:00:45.9044 INFO GetUnRentedMovies initiated
2022-08-09 17:00:52.4446 INFO GeUserstRentedMovies initiated
2022-08-09 17:00:52.4867 INFO GetUnRentedMovies initiated
2022-08-09 17:01:06.6193 INFO GeUserstRentedMovies initiated
2022-08-09 17:01:06.6588 INFO GetUnRentedMovies initiated
2022-08-09 17:01:24.5263 INFO GeUserstRentedMovies initiated
2022-08-09 17:01:24.5841 INFO GetUnRentedMovies initiated
2022-08-09 17:01:27.5634 INFO GeUserstRentedMovies initiated
2022-08-09 17:01:27.5965 INFO GetUnRentedMovies initiated
2022-08-09 17:01:31.5323 INFO GeUserstRentedMovies initiated
2022-08-09 17:01:31.5654 INFO GetUnRentedMovies initiated
2022-08-09 17:01:36.1139 INFO GeUserstRentedMovies initiated
2022-08-09 17:01:36.1735 INFO GetUnRentedMovies initiated
2022-08-09 17:01:39.2054 INFO GeUserstRentedMovies initiated
2022-08-09 17:01:39.2285 INFO GetUnRentedMovies initiated
2022-08-09 17:01:53.8605 INFO GeUserstRentedMovies initiated
2022-08-09 17:01:53.9274 INFO GetUnRentedMovies initiated
2022-08-09 17:01:56.8797 INFO GetRoles initiated
2022-08-09 17:02:02.2747 INFO GetRoles initiated
2022-08-09 17:02:03.9220 INFO GetRoles initiated
2022-08-09 17:02:08.1904 INFO GetRoles initiated
2022-08-09 17:02:34.0403 INFO GeUserstRentedMovies initiated
2022-08-09 17:02:34.0864 INFO GetUnRentedMovies initiated
2022-08-09 17:02:35.4960 INFO GetRoles initiated
2022-08-09 17:02:43.9603 INFO GetRoles initiated
2022-08-09 17:03:18.6367 INFO GeUserstRentedMovies initiated
2022-08-09 17:03:18.6694 INFO GetUnRentedMovies initiated
2022-08-09 17:03:40.1967 INFO GeUserstRentedMovies initiated
2022-08-09 17:03:40.3349 INFO GetUnRentedMovies initiated
2022-08-09 17:03:50.3617 INFO GeUserstRentedMovies initiated
2022-08-09 17:03:50.4136 INFO GetUnRentedMovies initiated
2022-08-09 17:04:00.9299 INFO GeUserstRentedMovies initiated
2022-08-09 17:04:01.1591 INFO GetUnRentedMovies initiated
2022-08-09 17:04:02.8781 INFO GetRoles initiated
2022-08-09 17:04:06.7670 INFO GetRoles initiated
2022-08-09 17:04:24.6720 INFO GeUserstRentedMovies initiated
2022-08-09 17:04:24.7286 INFO GetUnRentedMovies initiated
2022-08-09 17:04:36.7557 INFO GeUserstRentedMovies initiated
2022-08-09 17:04:36.8173 INFO GetUnRentedMovies initiated
2022-08-09 17:04:41.8171 INFO GetRoles initiated
2022-08-09 17:04:44.6790 INFO GetRoles initiated
2022-08-09 17:04:46.1070 INFO GetRoles initiated
2022-08-09 17:04:55.6799 INFO GeUserstRentedMovies initiated
2022-08-09 17:04:55.7352 INFO GetUnRentedMovies initiated
2022-08-09 17:04:57.0377 INFO GetRoles initiated
2022-08-09 17:04:58.9498 INFO GetRoles initiated
2022-08-09 17:05:00.5694 INFO GetRoles initiated
2022-08-09 17:08:50.1398 INFO GetRoles initiated
2022-08-09 17:08:52.5181 INFO GetRoles initiated
2022-08-09 17:09:06.3555 INFO GeUserstRentedMovies initiated
2022-08-09 17:09:06.4277 INFO GetUnRentedMovies initiated
2022-08-09 17:09:08.0896 INFO GeUserstRentedMovies initiated
2022-08-09 17:09:08.1429 INFO GetUnRentedMovies initiated
2022-08-09 17:09:11.3109 INFO GeUserstRentedMovies initiated
2022-08-09 17:09:11.3811 INFO GetUnRentedMovies initiated
2022-08-09 17:09:25.4250 INFO GeUserstRentedMovies initiated
2022-08-09 17:09:25.4852 INFO GetUnRentedMovies initiated
2022-08-09 17:09:26.1976 INFO GetRoles initiated
2022-08-09 17:09:27.9069 INFO GetRoles initiated
2022-08-09 17:09:36.0440 INFO GetRoles initiated
2022-08-09 17:09:38.0631 INFO GetRoles initiated
2022-08-09 17:10:04.7680 INFO GeUserstRentedMovies initiated
2022-08-09 17:10:04.8325 INFO GetUnRentedMovies initiated
2022-08-09 17:10:05.8210 INFO GetRoles initiated
2022-08-09 17:10:07.4966 INFO GetRoles initiated
2022-08-09 17:10:10.5712 INFO GetRoles initiated
2022-08-09 17:10:45.7847 INFO GeUserstRentedMovies initiated
2022-08-09 17:10:45.8647 INFO GetUnRentedMovies initiated
2022-08-09 17:10:47.4034 INFO GetRoles initiated
2022-08-09 17:10:54.7945 INFO GetRoles initiated
2022-08-09 17:10:56.6399 INFO GetRoles initiated
2022-08-09 17:10:58.5063 INFO GetRoles initiated
2022-08-09 17:11:00.0998 INFO GetRoles initiated
2022-08-09 17:11:45.0790 INFO GeUserstRentedMovies initiated
2022-08-09 17:11:45.1615 INFO GetUnRentedMovies initiated
2022-08-09 17:11:48.0460 INFO GeUserstRentedMovies initiated
2022-08-09 17:11:48.1017 INFO GetUnRentedMovies initiated
2022-08-09 17:11:49.5177 INFO GetRoles initiated
2022-08-09 17:11:51.2610 INFO GetRoles initiated
2022-08-09 17:11:53.0428 INFO GetRoles initiated
2022-08-09 17:12:01.1243 INFO GeUserstRentedMovies initiated
2022-08-09 17:12:01.2036 INFO GetUnRentedMovies initiated
2022-08-09 17:12:02.8553 INFO GeUserstRentedMovies initiated
2022-08-09 17:12:02.9171 INFO GetUnRentedMovies initiated
2022-08-09 17:12:06.5304 INFO GetRoles initiated
2022-08-09 17:12:08.2113 INFO GetRoles initiated
2022-08-09 17:12:38.8615 INFO GeUserstRentedMovies initiated
2022-08-09 17:12:38.9579 INFO GetUnRentedMovies initiated
2022-08-09 17:12:43.8394 INFO GeUserstRentedMovies initiated
2022-08-09 17:12:43.8714 INFO GetUnRentedMovies initiated
2022-08-09 17:12:44.9908 INFO GeUserstRentedMovies initiated
2022-08-09 17:12:45.0136 INFO GetUnRentedMovies initiated
2022-08-09 17:12:48.2881 INFO GeUserstRentedMovies initiated
2022-08-09 17:12:48.3222 INFO GetUnRentedMovies initiated
2022-08-09 17:12:52.3162 INFO GeUserstRentedMovies initiated
2022-08-09 17:12:52.3345 INFO GetUnRentedMovies initiated
2022-08-09 17:12:53.5863 INFO GetRoles initiated
2022-08-09 17:13:25.2598 INFO GeUserstRentedMovies initiated
2022-08-09 17:13:25.9697 INFO GeUserstRentedMovies initiated
2022-08-09 17:13:25.9697 INFO GeUserstRentedMovies initiated
2022-08-09 17:13:25.9697 INFO GeUserstRentedMovies initiated
2022-08-09 17:13:38.9603 INFO AddMovie initiated
2022-08-09 17:14:08.8425 INFO AddMovie initiated
2022-08-09 17:14:30.1063 INFO AddMovie initiated
2022-08-09 17:14:31.6545 INFO GeUserstRentedMovies initiated
2022-08-09 17:14:31.6545 INFO GeUserstRentedMovies initiated
2022-08-09 17:14:31.6545 INFO GeUserstRentedMovies initiated
2022-08-09 17:14:33.6266 INFO GeUserstRentedMovies initiated
2022-08-09 17:14:33.6872 INFO GeUserstRentedMovies initiated
2022-08-09 17:14:33.6872 INFO GeUserstRentedMovies initiated
2022-08-09 17:14:33.6872 INFO GeUserstRentedMovies initiated
2022-08-09 17:14:35.4540 INFO GeUserstRentedMovies initiated
2022-08-09 17:14:35.4868 INFO GeUserstRentedMovies initiated
2022-08-09 17:14:35.4868 INFO GeUserstRentedMovies initiated
2022-08-09 17:14:35.4868 INFO GeUserstRentedMovies initiated
2022-08-09 17:14:36.1926 INFO GeUserstRentedMovies initiated
2022-08-09 17:14:36.2400 INFO GeUserstRentedMovies initiated
2022-08-09 17:14:36.2400 INFO GeUserstRentedMovies initiated
2022-08-09 17:14:36.2400 INFO GeUserstRentedMovies initiated
2022-08-09 17:14:36.9000 INFO GeUserstRentedMovies initiated
2022-08-09 17:14:36.9327 INFO GeUserstRentedMovies initiated
2022-08-09 17:14:36.9327 INFO GeUserstRentedMovies initiated
2022-08-09 17:14:36.9327 INFO GeUserstRentedMovies initiated
2022-08-09 17:14:37.4279 INFO GeUserstRentedMovies initiated
2022-08-09 17:14:37.4594 INFO GeUserstRentedMovies initiated
2022-08-09 17:14:37.4594 INFO GeUserstRentedMovies initiated
2022-08-09 17:14:37.4594 INFO GeUserstRentedMovies initiated
2022-08-09 17:14:37.9696 INFO GeUserstRentedMovies initiated
2022-08-09 17:14:38.0032 INFO GeUserstRentedMovies initiated
2022-08-09 17:14:38.0032 INFO GeUserstRentedMovies initiated
2022-08-09 17:14:38.0032 INFO GeUserstRentedMovies initiated
2022-08-09 17:14:38.4095 INFO GeUserstRentedMovies initiated
2022-08-09 17:14:38.4445 INFO GeUserstRentedMovies initiated
2022-08-09 17:14:38.4445 INFO GeUserstRentedMovies initiated
2022-08-09 17:14:38.4445 INFO GeUserstRentedMovies initiated
2022-08-09 17:14:38.7680 INFO GeUserstRentedMovies initiated
2022-08-09 17:14:38.8023 INFO GeUserstRentedMovies initiated
2022-08-09 17:14:38.8023 INFO GeUserstRentedMovies initiated
2022-08-09 17:14:38.8023 INFO GeUserstRentedMovies initiated
2022-08-09 17:14:39.0359 INFO GeUserstRentedMovies initiated
2022-08-09 17:14:39.0705 INFO GeUserstRentedMovies initiated
2022-08-09 17:14:39.0773 INFO GeUserstRentedMovies initiated
2022-08-09 17:14:39.0773 INFO GeUserstRentedMovies initiated
2022-08-09 17:14:53.5498 INFO GeUserstRentedMovies initiated
2022-08-09 17:14:54.6018 INFO GetUnRentedMovies initiated
2022-08-09 17:14:56.1266 INFO GetRoles initiated
2022-08-09 17:14:58.9032 INFO GetRoles initiated
2022-08-09 17:15:00.1304 INFO GetRoles initiated
2022-08-09 17:15:01.2383 INFO GetRoles initiated
2022-08-09 17:15:03.2633 INFO GetRoles initiated
2022-08-09 17:15:04.6368 INFO GetRoles initiated
2022-08-09 17:15:05.8437 INFO GetRoles initiated
